#
# A fatal error has been detected by the Java Runtime Environment:
#
#  SIGILL (0x4) at pc=0x00007fff4543827a, pid=35757, tid=0x0000000000000307
#
# JRE version: Java(TM) SE Runtime Environment (8.0_161-b12) (build 1.8.0_161-b12)
# Java VM: Java HotSpot(TM) 64-Bit Server VM (25.161-b12 mixed mode bsd-amd64 compressed oops)
# Problematic frame:
# C  [CoreFoundation+0x15e27a]  _CFRelease+0x51a
#
# Failed to write core dump. Core dumps have been disabled. To enable core dumping, try "ulimit -c unlimited" before starting Java again
#
# If you would like to submit a bug report, please visit:
#   http://bugreport.java.com/bugreport/crash.jsp
# The crash happened outside the Java Virtual Machine in native code.
# See problematic frame for where to report the bug.
#

---------------  T H R E A D  ---------------

Current thread (0x00007fa57065c000):  JavaThread "AppKit Thread" daemon [_thread_in_native, id=775, stack(0x00007ffee33e5000,0x00007ffee3be5000)]

siginfo: si_signo: 4 (SIGILL), si_code: 1 (ILL_ILLOPC), si_addr: 0x00007fff4543827a

Registers:
RAX=0x00007fff456b76bf, RBX=0x0000000000611880, RCX=0x00007fff9f221f58, RDX=0x00007fff9f5748a0
RSP=0x00007ffee3bd8500, RBP=0x00007ffee3bd8540, RSI=0x00007fa579133e80, RDI=0x00007fa579133e80
R8 =0x00007fa5792bcf18, R9 =0xffffffff00000000, R10=0x00007fa5792bcf10, R11=0x00007fa5792bcf18
R12=0x0000000000000000, R13=0x0000000000000000, R14=0x00007fa5792bcef8, R15=0x00007fa5792bce80
RIP=0x00007fff4543827a, EFLAGS=0x0000000000010206, ERR=0x0000000000000000
  TRAPNO=0x0000000000000006

Top of Stack: (sp=0x00007ffee3bd8500)
0x00007ffee3bd8500:   0000000000000004 0000000000000000
0x00007ffee3bd8510:   00007fff464cfe04 00007fa579117f80
0x00007ffee3bd8520:   0000000000000000 0000000000000000
0x00007ffee3bd8530:   00007fa5792bcef8 00007fa5792bce80
0x00007ffee3bd8540:   00007ffee3bd8560 00007fff4478d292
0x00007ffee3bd8550:   00007fa579117f80 0000000000000000
0x00007ffee3bd8560:   00007ffee3bd8590 00007fff446204fd
0x00007ffee3bd8570:   0000000000000000 00007ffee3bd8640
0x00007ffee3bd8580:   00007fa5792bcac0 00007ffee3bd86a0
0x00007ffee3bd8590:   00007ffee3bd8740 00007fff4461e2a4
0x00007ffee3bd85a0:   00007ffee3bd86a0 00007fa5791fc080
0x00007ffee3bd85b0:   0000000000000000 0000000000000170
0x00007ffee3bd85c0:   0000000000000017 00007fa5791ee900
0x00007ffee3bd85d0:   000000010c038080 00007fa579100000
0x00007ffee3bd85e0:   000000010c03aa00 0000000000000000
0x00007ffee3bd85f0:   00007fa5791c8d40 0000000000000000
0x00007ffee3bd8600:   000000010c038080 00007fa579100000
0x00007ffee3bd8610:   00007ffee3bd8670 00007fff6d372256
0x00007ffee3bd8620:   000000010c03be00 00007fa579100000
0x00007ffee3bd8630:   791ee90000000000 0000000000000000
0x00007ffee3bd8640:   00007fa5791ee900 00007fa5792bce80
0x00007ffee3bd8650:   0000000000000000 0000000000000001
0x00007ffee3bd8660:   00007fa5791ee900 00007fa5792bce80
0x00007ffee3bd8670:   00007ffee3bd86c0 00007fff446230f6
0x00007ffee3bd8680:   00007ffee3bd8688 00007fa579133e80
0x00007ffee3bd8690:   00007fa56eff04f0 00007fa5755b0000
0x00007ffee3bd86a0:   0000000004400101 0000000000000000
0x00007ffee3bd86b0:   0000000000000002 00007fa5791eea70
0x00007ffee3bd86c0:   00007fa579133e80 00007fff44622904
0x00007ffee3bd86d0:   00007fa5755b72e0 00007fa5791eea70
0x00007ffee3bd86e0:   0440010179100a10 00007ffee3bd8a58
0x00007ffee3bd86f0:   00007ffee3bd89e0 00007fff446223c1 

Instructions: (pc=0x00007fff4543827a)
0x00007fff4543825a:   84 d9 fc ff ff 4c 89 f7 e8 39 00 eb ff e9 cc fc
0x00007fff4543826a:   ff ff 48 8d 05 4c f4 27 00 48 89 05 ee a5 13 5a
0x00007fff4543827a:   0f 0b 48 8d 46 f0 e9 da fd ff ff 66 66 2e 0f 1f
0x00007fff4543828a:   84 00 00 00 00 00 55 48 89 e5 48 8b 4f 08 31 c0 

Register to memory mapping:

RAX=0x00007fff456b76bf: _XMLPlistAppendDataUsingBase64.__CFPLDataEncodeTable+0x1fbf in /System/Library/Frameworks/CoreFoundation.framework/Versions/A/CoreFoundation at 0x00007fff452da000
RBX=0x0000000000611880 is an unknown value
RCX=0x00007fff9f221f58: OBJC_CLASS_$_NSHIObject+0 in /System/Library/Frameworks/Carbon.framework/Versions/A/Frameworks/HIToolbox.framework/Versions/A/HIToolbox at 0x00007fff4461a000
RDX=0x00007fff9f5748a0: __CFRuntimeObjCClassTable+0 in /System/Library/Frameworks/CoreFoundation.framework/Versions/A/CoreFoundation at 0x00007fff452da000
RSP=0x00007ffee3bd8500 is pointing into the stack for thread: 0x00007fa57065c000
RBP=0x00007ffee3bd8540 is pointing into the stack for thread: 0x00007fa57065c000
RSI=0x00007fa579133e80 is an unknown value
RDI=0x00007fa579133e80 is an unknown value
R8 =0x00007fa5792bcf18 is an unknown value
R9 =0xffffffff00000000 is an unknown value
R10=0x00007fa5792bcf10 is an unknown value
R11=0x00007fa5792bcf18 is an unknown value
R12=0x0000000000000000 is an unknown value
R13=0x0000000000000000 is an unknown value
R14=0x00007fa5792bcef8 is an unknown value
R15=0x00007fa5792bce80 is an unknown value


Stack: [0x00007ffee33e5000,0x00007ffee3be5000],  sp=0x00007ffee3bd8500,  free space=8141k
Native frames: (J=compiled Java code, j=interpreted, Vv=VM code, C=native code)
C  [CoreFoundation+0x15e27a]  _CFRelease+0x51a
C  [HIToolbox+0x173292]  ReleaseEventParam+0x4b
C  [HIToolbox+0x64fd]  ReleaseEvent+0x7c
C  [HIToolbox+0x42a4]  _ZN13HIApplication12EventHandlerEP25OpaqueEventHandlerCallRefP14OpaqueEventRefPv+0xa64
C  [HIToolbox+0x8904]  _ZL23DispatchEventToHandlersP14EventTargetRecP14OpaqueEventRefP14HandlerCallRec+0x605
C  [HIToolbox+0x7c4d]  _ZL30SendEventToEventTargetInternalP14OpaqueEventRefP20OpaqueEventTargetRefP14HandlerCallRec+0x176
C  [HIToolbox+0x1cf21]  SendEventToEventTarget+0x27
C  [HIToolbox+0x76865]  _ZL15SendMenuOpeningP14MenuSelectDataP8MenuDatadjjP14__CFDictionaryhPh+0x2ab
C  [HIToolbox+0x1a6a3c]  _SimulateMenuOpening+0x6f
C  [HIToolbox+0x19c2c7]  _ZL21OpenMenuForInspectionP8MenuData+0x5e
C  [HIToolbox+0x19c08d]  _ZN8MenuData27HandleGetAccessibleChildrenEyP9__CFArray+0xe9
C  [HIToolbox+0x19f00b]  _ZN8MenuData38ContentViewGetNamedAccessibleAttributeEyPK10__CFStringjP14OpaqueEventRefPv+0x47
C  [HIToolbox+0x1b751b]  _ZN8HIObject26DispatchAccessibilityEventEP14OpaqueEventRefyPK21AccessibilityHandlersPv+0x1e9
C  [HIToolbox+0x19ef69]  _ZN8MenuData35MenuContentViewAccessibilityHandlerEP25OpaqueEventHandlerCallRefP14OpaqueEventRefPv+0x61
C  [HIToolbox+0x8904]  _ZL23DispatchEventToHandlersP14EventTargetRecP14OpaqueEventRefP14HandlerCallRec+0x605
C  [HIToolbox+0x7c4d]  _ZL30SendEventToEventTargetInternalP14OpaqueEventRefP20OpaqueEventTargetRefP14HandlerCallRec+0x176
C  [HIToolbox+0x7ac3]  SendEventToEventTargetWithOptions+0x2d
C  [HIToolbox+0xa54ae]  _ZN10Accessible21GetNamedAttributeDataEPK10__CFStringPKvPS4_Ph+0xb2
C  [HIToolbox+0xa5234]  HLTBCopyUIElementAttributeValue+0x39
C  [HIToolbox+0x19bec6]  _ZN8MenuData25GetAccessibleChildrenSelfEyP9__CFArray+0x3e
C  [HIToolbox+0x1b7804]  _ZN8HIObject25HasAccessibleChildrenSelfEy+0x44
C  [HIToolbox+0x1b7a3f]  _ZN8HIObject34GetAllAccessibleAttributeNamesSelfEyP9__CFArray+0xb5
C  [HIToolbox+0x19cc2b]  _ZN8MenuData34GetAllAccessibleAttributeNamesSelfEyP9__CFArray+0x1b
C  [HIToolbox+0x1b73b7]  _ZN8HIObject26DispatchAccessibilityEventEP14OpaqueEventRefyPK21AccessibilityHandlersPv+0x85
C  [HIToolbox+0x1b71ee]  _ZN8HIObject29HandleClassAccessibilityEventEP25OpaqueEventHandlerCallRefP14OpaqueEventRefPv+0x6a
C  [HIToolbox+0x8f01]  _ZN8HIObject9EventHookEP25OpaqueEventHandlerCallRefP14OpaqueEventRefPv+0x87
C  [HIToolbox+0x8904]  _ZL23DispatchEventToHandlersP14EventTargetRecP14OpaqueEventRefP14HandlerCallRec+0x605
C  [HIToolbox+0x7c4d]  _ZL30SendEventToEventTargetInternalP14OpaqueEventRefP20OpaqueEventTargetRefP14HandlerCallRec+0x176
C  [HIToolbox+0x8d76a]  CallNextEventHandler+0x69
C  [AppKit+0x4cea32]  -[NSCarbonMenuImpl _carbonGetAccessibleAttributeNamesEvent:handlerCallRef:axElement:]+0x23
C  [AppKit+0x1ba363]  NSSLMMenuEventHandler+0x433
C  [HIToolbox+0x8904]  _ZL23DispatchEventToHandlersP14EventTargetRecP14OpaqueEventRefP14HandlerCallRec+0x605
C  [HIToolbox+0x7c4d]  _ZL30SendEventToEventTargetInternalP14OpaqueEventRefP20OpaqueEventTargetRefP14HandlerCallRec+0x176
C  [HIToolbox+0x7ac3]  SendEventToEventTargetWithOptions+0x2d
C  [HIToolbox+0xa5139]  _ZN10Accessible11GetAllNamesENS_11ElementTypeEPPK9__CFArray+0xcf
C  [HIToolbox+0xa5525]  _ZN10Accessible25IsNamedAttributeSupportedEPK10__CFString+0x1b
C  [HIToolbox+0xa53aa]  HLTBCopyUIElementAttributeValue+0x1af
C  [HIToolbox+0xa78e4]  _ZL32CarbonCopyAttributeValueCallbackPK8__CFDatajPK10__CFStringPPKvPv+0x58
C  [AppKit+0x42645c]  CopyCarbonUIElementAttributeValue+0x37
C  [AppKit+0x423fba]  CopyAttributeValue+0x80
C  [HIServices+0x24029]  _AXXMIGCopyAttributeValue+0x11a
C  [HIServices+0x2dfa4]  _XCopyAttributeValue+0x1c7
C  [HIServices+0x66ed]  mshMIGPerform+0xd4
C  [CoreFoundation+0x8e3f9]  __CFRUNLOOP_IS_CALLING_OUT_TO_A_SOURCE1_PERFORM_FUNCTION__+0x29
C  [CoreFoundation+0x8e345]  __CFRunLoopDoSource1+0x215
C  [CoreFoundation+0x85f00]  __CFRunLoopRun+0xb20
C  [CoreFoundation+0x85153]  CFRunLoopRunSpecific+0x1e3
C  [HIToolbox+0x2fd96]  RunCurrentEventLoopInMode+0x11e
C  [HIToolbox+0x2fa0f]  ReceiveNextEventCommon+0x16e
C  [HIToolbox+0x2f884]  _BlockUntilNextEventMatchingListInModeWithFilter+0x40
C  [AppKit+0x41a73]  _DPSNextEvent+0x825
C  [AppKit+0x7d7e34]  -[NSApplication(NSEvent) _nextEventMatchingEventMask:untilDate:inMode:dequeue:]+0xbe4
C  [libosxapp.dylib+0x23aa]  -[NSApplicationAWT nextEventMatchingMask:untilDate:inMode:dequeue:]+0x7c
C  [AppKit+0x36885]  -[NSApplication run]+0x2fc
C  [libosxapp.dylib+0x214d]  +[NSApplicationAWT runAWTLoopWithApp:]+0x9c
C  [libawt_lwawt.dylib+0x47397]  -[AWTStarter starter:]+0x389
C  [Foundation+0x682b5]  __NSThreadPerformPerform+0x14e
C  [CoreFoundation+0xa3a11]  __CFRUNLOOP_IS_CALLING_OUT_TO_A_SOURCE0_PERFORM_FUNCTION__+0x11
C  [CoreFoundation+0x15d42c]  __CFRunLoopDoSource0+0x6c
C  [CoreFoundation+0x86470]  __CFRunLoopDoSources0+0xd0
C  [CoreFoundation+0x858ed]  __CFRunLoopRun+0x50d
C  [CoreFoundation+0x85153]  CFRunLoopRunSpecific+0x1e3
C  [java+0x647a]  CreateExecutionEnvironment+0x367
C  [java+0x212c]  JLI_Launch+0x7a0
C  [java+0x84d7]  main+0x65
C  [java+0x1984]  start+0x34
C  0x0000000000000006


---------------  P R O C E S S  ---------------

Java Threads: ( => current thread )
  0x00007fa57766a000 JavaThread "SwingWorker-pool-1-thread-2" daemon [_thread_blocked, id=65315, stack(0x0000700007417000,0x0000700007517000)]
  0x00007fa5773ff800 JavaThread "SwingWorker-pool-1-thread-1" daemon [_thread_blocked, id=65919, stack(0x0000700007c32000,0x0000700007d32000)]
  0x00007fa573f33000 JavaThread "bdv-panel-1-thread-3" daemon [_thread_blocked, id=61699, stack(0x0000700007b2f000,0x0000700007c2f000)]
  0x00007fa5730f2000 JavaThread "bdv-panel-1-thread-2" daemon [_thread_blocked, id=68427, stack(0x0000700007a2c000,0x0000700007b2c000)]
  0x00007fa573320000 JavaThread "bdv-panel-1-thread-1" daemon [_thread_blocked, id=61311, stack(0x0000700007929000,0x0000700007a29000)]
  0x00007fa57710d000 JavaThread "PainterThread" daemon [_thread_blocked, id=61603, stack(0x0000700007826000,0x0000700007926000)]
  0x00007fa56ff47000 JavaThread "TimerQueue" daemon [_thread_blocked, id=68887, stack(0x00007000076a0000,0x00007000077a0000)]
  0x00007fa5706db800 JavaThread "DestroyJavaVM" [_thread_blocked, id=6147, stack(0x0000700005d4f000,0x0000700005e4f000)]
  0x00007fa5730e5800 JavaThread "Java2D Disposer" daemon [_thread_blocked, id=77583, stack(0x0000700007314000,0x0000700007414000)]
  0x00007fa56ffdb000 JavaThread "Java2D Queue Flusher" daemon [_thread_blocked, id=53011, stack(0x0000700007211000,0x0000700007311000)]
  0x00007fa56f39d800 JavaThread "AWT-EventQueue-0" [_thread_blocked, id=46715, stack(0x000070000700b000,0x000070000710b000)]
  0x00007fa570f15800 JavaThread "AWT-Shutdown" [_thread_blocked, id=25899, stack(0x0000700006e02000,0x0000700006f02000)]
=>0x00007fa57065c000 JavaThread "AppKit Thread" daemon [_thread_in_native, id=775, stack(0x00007ffee33e5000,0x00007ffee3be5000)]
  0x00007fa56fe1c800 JavaThread "Timer-0" daemon [_thread_blocked, id=18179, stack(0x0000700006c7c000,0x0000700006d7c000)]
  0x00007fa56fc2f800 JavaThread "Service Thread" daemon [_thread_blocked, id=18691, stack(0x0000700006a76000,0x0000700006b76000)]
  0x00007fa56fbf7000 JavaThread "C1 CompilerThread2" daemon [_thread_blocked, id=15619, stack(0x0000700006973000,0x0000700006a73000)]
  0x00007fa56fbf6000 JavaThread "C2 CompilerThread1" daemon [_thread_blocked, id=15363, stack(0x0000700006870000,0x0000700006970000)]
  0x00007fa57041b800 JavaThread "C2 CompilerThread0" daemon [_thread_blocked, id=19203, stack(0x000070000676d000,0x000070000686d000)]
  0x00007fa56f134800 JavaThread "Monitor Ctrl-Break" daemon [_thread_in_native, id=14595, stack(0x000070000666a000,0x000070000676a000)]
  0x00007fa56f807800 JavaThread "Signal Dispatcher" daemon [_thread_blocked, id=14087, stack(0x0000700006567000,0x0000700006667000)]
  0x00007fa57081f000 JavaThread "Finalizer" daemon [_thread_blocked, id=12291, stack(0x0000700006464000,0x0000700006564000)]
  0x00007fa56f834000 JavaThread "Reference Handler" daemon [_thread_blocked, id=12035, stack(0x0000700006361000,0x0000700006461000)]

Other Threads:
  0x00007fa570817000 VMThread [stack: 0x000070000625e000,0x000070000635e000] [id=11779]
  0x00007fa57041c000 WatcherThread [stack: 0x0000700006b79000,0x0000700006c79000] [id=18435]

VM state:not at safepoint (normal execution)

VM Mutex/Monitor currently owned by a thread: None

Heap:
 PSYoungGen      total 484352K, used 294629K [0x000000076ab00000, 0x000000078ce00000, 0x00000007c0000000)
  eden space 452608K, 60% used [0x000000076ab00000,0x000000077b54abd8,0x0000000786500000)
  from space 31744K, 69% used [0x0000000786500000,0x0000000787a6ea88,0x0000000788400000)
  to   space 30720K, 0% used [0x000000078b000000,0x000000078b000000,0x000000078ce00000)
 ParOldGen       total 170496K, used 22416K [0x00000006c0000000, 0x00000006ca680000, 0x000000076ab00000)
  object space 170496K, 13% used [0x00000006c0000000,0x00000006c15e4340,0x00000006ca680000)
 Metaspace       used 46795K, capacity 47813K, committed 47960K, reserved 1089536K
  class space    used 7531K, capacity 7757K, committed 7808K, reserved 1048576K

Card table byte_map: [0x000000010dd6e000,0x000000010e56f000] byte_map_base: 0x000000010a76e000

Marking Bits: (ParMarkBitMap*) 0x000000010d2f76c0
 Begin Bits: [0x0000000124b16000, 0x0000000128b16000)
 End Bits:   [0x0000000128b16000, 0x000000012cb16000)

Polling page: 0x000000010c098000

CodeCache: size=245760Kb used=18387Kb max_used=18643Kb free=227372Kb
 bounds [0x0000000115b16000, 0x0000000116d86000, 0x0000000124b16000]
 total_blobs=6592 nmethods=5892 adapters=611
 compilation: enabled

Compilation events (10 events):
Event: 130.615 Thread 0x00007fa56fbf7000 7302       3       java.awt.Rectangle::<init> (21 bytes)
Event: 130.615 Thread 0x00007fa56fbf7000 nmethod 7302 0x00000001165256d0 code [0x0000000116525860, 0x0000000116525b70]
Event: 130.616 Thread 0x00007fa56fbf7000 7305   !   3       sun.awt.RepaintArea::paint (354 bytes)
Event: 130.617 Thread 0x00007fa56fbf7000 nmethod 7305 0x0000000116d3b0d0 code [0x0000000116d3b3e0, 0x0000000116d3ce18]
Event: 130.618 Thread 0x00007fa56fbf7000 7306       3       javax.swing.text.View::getDocument (10 bytes)
Event: 130.618 Thread 0x00007fa56fbf7000 nmethod 7306 0x000000011658a710 code [0x000000011658a880, 0x000000011658aab0]
Event: 130.619 Thread 0x00007fa56fbf7000 7303       3       sun.lwawt.LWComponentPeer::handleJavaPaintEvent (23 bytes)
Event: 130.619 Thread 0x00007fa56fbf7000 nmethod 7303 0x000000011610cb50 code [0x000000011610ccc0, 0x000000011610d0a8]
Event: 130.619 Thread 0x00007fa56fbf7000 7304       1       sun.lwawt.LWComponentPeer::shouldClearRectBeforePaint (2 bytes)
Event: 130.619 Thread 0x00007fa56fbf7000 nmethod 7304 0x0000000116817910 code [0x0000000116817a60, 0x0000000116817b70]

GC Heap History (10 events):
Event: 112.348 GC heap before
{Heap before GC invocations=15 (full 2):
 PSYoungGen      total 380416K, used 376397K [0x000000076ab00000, 0x0000000784500000, 0x00000007c0000000)
  eden space 354304K, 100% used [0x000000076ab00000,0x0000000780500000,0x0000000780500000)
  from space 26112K, 84% used [0x0000000782b80000,0x00000007841137b8,0x0000000784500000)
  to   space 32768K, 0% used [0x0000000780500000,0x0000000780500000,0x0000000782500000)
 ParOldGen       total 170496K, used 22400K [0x00000006c0000000, 0x00000006ca680000, 0x000000076ab00000)
  object space 170496K, 13% used [0x00000006c0000000,0x00000006c15e0340,0x00000006ca680000)
 Metaspace       used 46587K, capacity 47557K, committed 47704K, reserved 1089536K
  class space    used 7497K, capacity 7693K, committed 7808K, reserved 1048576K
Event: 112.357 GC heap after
Heap after GC invocations=15 (full 2):
 PSYoungGen      total 387072K, used 21133K [0x000000076ab00000, 0x0000000786e00000, 0x00000007c0000000)
  eden space 354304K, 0% used [0x000000076ab00000,0x000000076ab00000,0x0000000780500000)
  from space 32768K, 64% used [0x0000000780500000,0x00000007819a3498,0x0000000782500000)
  to   space 32256K, 0% used [0x0000000784e80000,0x0000000784e80000,0x0000000786e00000)
 ParOldGen       total 170496K, used 22400K [0x00000006c0000000, 0x00000006ca680000, 0x000000076ab00000)
  object space 170496K, 13% used [0x00000006c0000000,0x00000006c15e0340,0x00000006ca680000)
 Metaspace       used 46587K, capacity 47557K, committed 47704K, reserved 1089536K
  class space    used 7497K, capacity 7693K, committed 7808K, reserved 1048576K
}
Event: 113.936 GC heap before
{Heap before GC invocations=16 (full 2):
 PSYoungGen      total 387072K, used 375437K [0x000000076ab00000, 0x0000000786e00000, 0x00000007c0000000)
  eden space 354304K, 100% used [0x000000076ab00000,0x0000000780500000,0x0000000780500000)
  from space 32768K, 64% used [0x0000000780500000,0x00000007819a3498,0x0000000782500000)
  to   space 32256K, 0% used [0x0000000784e80000,0x0000000784e80000,0x0000000786e00000)
 ParOldGen       total 170496K, used 22400K [0x00000006c0000000, 0x00000006ca680000, 0x000000076ab00000)
  object space 170496K, 13% used [0x00000006c0000000,0x00000006c15e0340,0x00000006ca680000)
 Metaspace       used 46609K, capacity 47557K, committed 47704K, reserved 1089536K
  class space    used 7497K, capacity 7693K, committed 7808K, reserved 1048576K
Event: 113.950 GC heap after
Heap after GC invocations=16 (full 2):
 PSYoungGen      total 429568K, used 22850K [0x000000076ab00000, 0x0000000787200000, 0x00000007c0000000)
  eden space 397312K, 0% used [0x000000076ab00000,0x000000076ab00000,0x0000000782f00000)
  from space 32256K, 70% used [0x0000000784e80000,0x00000007864d08b8,0x0000000786e00000)
  to   space 32256K, 0% used [0x0000000782f00000,0x0000000782f00000,0x0000000784e80000)
 ParOldGen       total 170496K, used 22400K [0x00000006c0000000, 0x00000006ca680000, 0x000000076ab00000)
  object space 170496K, 13% used [0x00000006c0000000,0x00000006c15e0340,0x00000006ca680000)
 Metaspace       used 46609K, capacity 47557K, committed 47704K, reserved 1089536K
  class space    used 7497K, capacity 7693K, committed 7808K, reserved 1048576K
}
Event: 115.020 GC heap before
{Heap before GC invocations=17 (full 2):
 PSYoungGen      total 429568K, used 420162K [0x000000076ab00000, 0x0000000787200000, 0x00000007c0000000)
  eden space 397312K, 100% used [0x000000076ab00000,0x0000000782f00000,0x0000000782f00000)
  from space 32256K, 70% used [0x0000000784e80000,0x00000007864d08b8,0x0000000786e00000)
  to   space 32256K, 0% used [0x0000000782f00000,0x0000000782f00000,0x0000000784e80000)
 ParOldGen       total 170496K, used 22400K [0x00000006c0000000, 0x00000006ca680000, 0x000000076ab00000)
  object space 170496K, 13% used [0x00000006c0000000,0x00000006c15e0340,0x00000006ca680000)
 Metaspace       used 46614K, capacity 47557K, committed 47704K, reserved 1089536K
  class space    used 7497K, capacity 7693K, committed 7808K, reserved 1048576K
Event: 115.030 GC heap after
Heap after GC invocations=17 (full 2):
 PSYoungGen      total 429568K, used 21962K [0x000000076ab00000, 0x000000078a280000, 0x00000007c0000000)
  eden space 397312K, 0% used [0x000000076ab00000,0x000000076ab00000,0x0000000782f00000)
  from space 32256K, 68% used [0x0000000782f00000,0x0000000784472908,0x0000000784e80000)
  to   space 31232K, 0% used [0x0000000788400000,0x0000000788400000,0x000000078a280000)
 ParOldGen       total 170496K, used 22400K [0x00000006c0000000, 0x00000006ca680000, 0x000000076ab00000)
  object space 170496K, 13% used [0x00000006c0000000,0x00000006c15e0340,0x00000006ca680000)
 Metaspace       used 46614K, capacity 47557K, committed 47704K, reserved 1089536K
  class space    used 7497K, capacity 7693K, committed 7808K, reserved 1048576K
}
Event: 116.267 GC heap before
{Heap before GC invocations=18 (full 2):
 PSYoungGen      total 429568K, used 419274K [0x000000076ab00000, 0x000000078a280000, 0x00000007c0000000)
  eden space 397312K, 100% used [0x000000076ab00000,0x0000000782f00000,0x0000000782f00000)
  from space 32256K, 68% used [0x0000000782f00000,0x0000000784472908,0x0000000784e80000)
  to   space 31232K, 0% used [0x0000000788400000,0x0000000788400000,0x000000078a280000)
 ParOldGen       total 170496K, used 22400K [0x00000006c0000000, 0x00000006ca680000, 0x000000076ab00000)
  object space 170496K, 13% used [0x00000006c0000000,0x00000006c15e0340,0x00000006ca680000)
 Metaspace       used 46627K, capacity 47557K, committed 47704K, reserved 1089536K
  class space    used 7497K, capacity 7693K, committed 7808K, reserved 1048576K
Event: 116.282 GC heap after
Heap after GC invocations=18 (full 2):
 PSYoungGen      total 483840K, used 23690K [0x000000076ab00000, 0x000000078a980000, 0x00000007c0000000)
  eden space 452608K, 0% used [0x000000076ab00000,0x000000076ab00000,0x0000000786500000)
  from space 31232K, 75% used [0x0000000788400000,0x0000000789b228f8,0x000000078a280000)
  to   space 31744K, 0% used [0x0000000786500000,0x0000000786500000,0x0000000788400000)
 ParOldGen       total 170496K, used 22408K [0x00000006c0000000, 0x00000006ca680000, 0x000000076ab00000)
  object space 170496K, 13% used [0x00000006c0000000,0x00000006c15e2340,0x00000006ca680000)
 Metaspace       used 46627K, capacity 47557K, committed 47704K, reserved 1089536K
  class space    used 7497K, capacity 7693K, committed 7808K, reserved 1048576K
}
Event: 117.897 GC heap before
{Heap before GC invocations=19 (full 2):
 PSYoungGen      total 483840K, used 476298K [0x000000076ab00000, 0x000000078a980000, 0x00000007c0000000)
  eden space 452608K, 100% used [0x000000076ab00000,0x0000000786500000,0x0000000786500000)
  from space 31232K, 75% used [0x0000000788400000,0x0000000789b228f8,0x000000078a280000)
  to   space 31744K, 0% used [0x0000000786500000,0x0000000786500000,0x0000000788400000)
 ParOldGen       total 170496K, used 22408K [0x00000006c0000000, 0x00000006ca680000, 0x000000076ab00000)
  object space 170496K, 13% used [0x00000006c0000000,0x00000006c15e2340,0x00000006ca680000)
 Metaspace       used 46639K, capacity 47557K, committed 47704K, reserved 1089536K
  class space    used 7497K, capacity 7693K, committed 7808K, reserved 1048576K
Event: 117.910 GC heap after
Heap after GC invocations=19 (full 2):
 PSYoungGen      total 484352K, used 21946K [0x000000076ab00000, 0x000000078ce00000, 0x00000007c0000000)
  eden space 452608K, 0% used [0x000000076ab00000,0x000000076ab00000,0x0000000786500000)
  from space 31744K, 69% used [0x0000000786500000,0x0000000787a6ea88,0x0000000788400000)
  to   space 30720K, 0% used [0x000000078b000000,0x000000078b000000,0x000000078ce00000)
 ParOldGen       total 170496K, used 22416K [0x00000006c0000000, 0x00000006ca680000, 0x000000076ab00000)
  object space 170496K, 13% used [0x00000006c0000000,0x00000006c15e4340,0x00000006ca680000)
 Metaspace       used 46639K, capacity 47557K, committed 47704K, reserved 1089536K
  class space    used 7497K, capacity 7693K, committed 7808K, reserved 1048576K
}

Deoptimization events (10 events):
Event: 117.946 Thread 0x00007fa56f39d800 Uncommon trap: reason=unstable_if action=reinterpret pc=0x00000001165392e8 method=java.lang.StrictMath.floorOrCeil(DDDD)D @ 24
Event: 130.491 Thread 0x00007fa56f39d800 Uncommon trap: reason=unstable_if action=reinterpret pc=0x0000000116ba0984 method=java.awt.EventQueue.getAccessControlContextFrom(Ljava/lang/Object;)Ljava/security/AccessControlContext; @ 21
Event: 130.491 Thread 0x00007fa56f39d800 Uncommon trap: reason=unstable_if action=reinterpret pc=0x0000000116702a9c method=java.awt.EventQueue.getAccessControlContextFrom(Ljava/lang/Object;)Ljava/security/AccessControlContext; @ 21
Event: 130.491 Thread 0x00007fa56f39d800 Uncommon trap: reason=unstable_if action=reinterpret pc=0x00000001165f243c method=java.awt.EventQueue.dispatchEventImpl(Ljava/awt/AWTEvent;Ljava/lang/Object;)V @ 33
Event: 130.512 Thread 0x00007fa56f39d800 Uncommon trap: reason=unstable_if action=reinterpret pc=0x00000001168e34a4 method=java.awt.Component.firePropertyChange(Ljava/lang/String;II)V @ 8
Event: 130.512 Thread 0x00007fa56f39d800 Uncommon trap: reason=unstable_if action=reinterpret pc=0x0000000116712530 method=javax.swing.plaf.basic.BasicLabelUI.propertyChange(Ljava/beans/PropertyChangeEvent;)V @ 8
Event: 130.515 Thread 0x00007fa56f39d800 Uncommon trap: reason=class_check action=maybe_recompile pc=0x0000000116cf3fa0 method=javax.swing.JComponent.setBorder(Ljavax/swing/border/Border;)V @ 52
Event: 130.517 Thread 0x00007fa56f39d800 Uncommon trap: reason=unstable_if action=reinterpret pc=0x0000000116a6e4e0 method=sun.font.FontDesignMetrics.charWidth(C)I @ 4
Event: 130.518 Thread 0x00007fa56f39d800 Uncommon trap: reason=class_check action=maybe_recompile pc=0x0000000116cf3fa0 method=javax.swing.JComponent.setBorder(Ljavax/swing/border/Border;)V @ 52
Event: 130.594 Thread 0x00007fa56f39d800 Uncommon trap: reason=unstable_if action=reinterpret pc=0x0000000116b7e8ec method=java.awt.Component.notifyNewBounds(ZZ)V @ 97

Classes redefined (0 events):
No events

Internal exceptions (10 events):
Event: 6.147 Thread 0x00007fa570f08800 Implicit null exception at 0x0000000115d27ff5 to 0x0000000115d28241
Event: 6.178 Thread 0x00007fa56f01b000 Exception <a 'java/lang/ClassCastException': java.awt.MenuItem cannot be cast to java.awt.CheckboxMenuItem> (0x000000076e1a74d0) thrown at [/Users/java_re/workspace/8-2-build-macosx-x86_64/jdk8u161/10277/hotspot/src/share/vm/interpreter/interpreterRuntime
Event: 6.398 Thread 0x00007fa56f01b000 Exception <a 'java/lang/ClassCastException': java.awt.MenuItem cannot be cast to java.awt.CheckboxMenuItem> (0x000000076e28b758) thrown at [/Users/java_re/workspace/8-2-build-macosx-x86_64/jdk8u161/10277/hotspot/src/share/vm/interpreter/interpreterRuntime
Event: 11.508 Thread 0x00007fa56fcbc000 Exception <a 'java/lang/NullPointerException'> (0x0000000771bf3020) thrown at [/Users/java_re/workspace/8-2-build-macosx-x86_64/jdk8u161/10277/hotspot/src/share/vm/prims/jni.cpp, line 735]
Event: 11.677 Thread 0x00007fa56fcbc000 Implicit null exception at 0x0000000115fa1938 to 0x0000000115fa1a31
Event: 21.664 Thread 0x00007fa573320000 Implicit null exception at 0x00000001169a066a to 0x00000001169a0d7d
Event: 21.667 Thread 0x00007fa573f33000 Implicit null exception at 0x00000001169a066a to 0x00000001169a0d7d
Event: 51.479 Thread 0x00007fa56f39d800 Implicit null exception at 0x00000001167d9255 to 0x00000001167da9a5
Event: 51.511 Thread 0x00007fa56f39d800 Implicit null exception at 0x0000000116adff3b to 0x0000000116ae123d
Event: 90.258 Thread 0x00007fa570498000 Implicit null exception at 0x0000000116b8a3b0 to 0x0000000116b8ba35

Events (10 events):
Event: 130.615 loading class com/apple/laf/AquaHighlighter$AquaHighlightPainter done
Event: 130.615 loading class javax/swing/text/DefaultHighlighter$LayeredHighlightInfo
Event: 130.615 loading class javax/swing/text/DefaultHighlighter$HighlightInfo
Event: 130.615 loading class javax/swing/text/DefaultHighlighter$HighlightInfo done
Event: 130.615 loading class javax/swing/text/DefaultHighlighter$LayeredHighlightInfo done
Event: 130.616 Thread 0x00007fa56fbf7000 flushing nmethod 0x000000011610ca50
Event: 130.619 Thread 0x00007fa56fbf7000 flushing nmethod 0x00000001163b0410
Event: 130.620 Thread 0x00007fa56fbf7000 flushing nmethod 0x00000001164c6190
Event: 130.620 Thread 0x00007fa56fbf7000 flushing nmethod 0x00000001164dbb90
Event: 130.620 Thread 0x00007fa56fbf7000 flushing nmethod 0x000000011656ee10


Dynamic libraries:
0x000000001d7c0000 	/System/Library/Frameworks/Cocoa.framework/Versions/A/Cocoa
0x000000001d7c0000 	/System/Library/Frameworks/Security.framework/Versions/A/Security
0x000000001d7c0000 	/System/Library/Frameworks/ApplicationServices.framework/Versions/A/ApplicationServices
0x000000001d7c0000 	/usr/lib/libz.1.dylib
0x000000001d7c0000 	/usr/lib/libSystem.B.dylib
0x000000001d7c0000 	/usr/lib/libobjc.A.dylib
0x000000001d7c0000 	/System/Library/Frameworks/CoreFoundation.framework/Versions/A/CoreFoundation
0x000000001d7c0000 	/System/Library/Frameworks/Foundation.framework/Versions/C/Foundation
0x000000001d7c0000 	/System/Library/Frameworks/AppKit.framework/Versions/C/AppKit
0x000000001d7c0000 	/System/Library/Frameworks/CoreData.framework/Versions/A/CoreData
0x000000001d7c0000 	/System/Library/PrivateFrameworks/RemoteViewServices.framework/Versions/A/RemoteViewServices
0x000000001d7c0000 	/System/Library/PrivateFrameworks/UIFoundation.framework/Versions/A/UIFoundation
0x000000001d7c0000 	/System/Library/PrivateFrameworks/DFRFoundation.framework/Versions/A/DFRFoundation
0x000000001d7c0000 	/System/Library/Frameworks/Metal.framework/Versions/A/Metal
0x000000001d7c0000 	/System/Library/PrivateFrameworks/DesktopServicesPriv.framework/Versions/A/DesktopServicesPriv
0x000000001d7c0000 	/usr/lib/libenergytrace.dylib
0x000000001d7c0000 	/System/Library/PrivateFrameworks/SkyLight.framework/Versions/A/SkyLight
0x000000001d7c0000 	/System/Library/Frameworks/CoreGraphics.framework/Versions/A/CoreGraphics
0x000000001d7c0000 	/usr/lib/libScreenReader.dylib
0x000000001d7c0000 	/System/Library/Frameworks/Accelerate.framework/Versions/A/Accelerate
0x000000001d7c0000 	/System/Library/Frameworks/IOSurface.framework/Versions/A/IOSurface
0x000000001d7c0000 	/System/Library/Frameworks/AudioToolbox.framework/Versions/A/AudioToolbox
0x000000001d7c0000 	/System/Library/Frameworks/AudioUnit.framework/Versions/A/AudioUnit
0x000000001d7c0000 	/System/Library/PrivateFrameworks/DataDetectorsCore.framework/Versions/A/DataDetectorsCore
0x000000001d7c0000 	/System/Library/Frameworks/Carbon.framework/Versions/A/Frameworks/HIToolbox.framework/Versions/A/HIToolbox
0x000000001d7c0000 	/usr/lib/libicucore.A.dylib
0x000000001d7c0000 	/System/Library/Frameworks/QuartzCore.framework/Versions/A/QuartzCore
0x000000001d7c0000 	/System/Library/PrivateFrameworks/SignpostNotification.framework/Versions/A/SignpostNotification
0x000000001d7c0000 	/System/Library/Frameworks/Carbon.framework/Versions/A/Frameworks/SpeechRecognition.framework/Versions/A/SpeechRecognition
0x000000001d7c0000 	/usr/lib/libauto.dylib
0x000000001d7c0000 	/usr/lib/libxml2.2.dylib
0x000000001d7c0000 	/System/Library/PrivateFrameworks/CoreUI.framework/Versions/A/CoreUI
0x000000001d7c0000 	/System/Library/Frameworks/CoreAudio.framework/Versions/A/CoreAudio
0x000000001d7c0000 	/System/Library/Frameworks/DiskArbitration.framework/Versions/A/DiskArbitration
0x000000001d7c0000 	/usr/lib/liblangid.dylib
0x000000001d7c0000 	/System/Library/PrivateFrameworks/MultitouchSupport.framework/Versions/A/MultitouchSupport
0x000000001d7c0000 	/System/Library/Frameworks/IOKit.framework/Versions/A/IOKit
0x000000001d7c0000 	/usr/lib/libDiagnosticMessagesClient.dylib
0x000000001d7c0000 	/System/Library/Frameworks/CoreServices.framework/Versions/A/CoreServices
0x000000001d7c0000 	/System/Library/PrivateFrameworks/PerformanceAnalysis.framework/Versions/A/PerformanceAnalysis
0x000000001d7c0000 	/System/Library/Frameworks/OpenGL.framework/Versions/A/OpenGL
0x000000001d7c0000 	/System/Library/Frameworks/ColorSync.framework/Versions/A/ColorSync
0x000000001d7c0000 	/System/Library/Frameworks/CoreImage.framework/Versions/A/CoreImage
0x000000001d7c0000 	/System/Library/Frameworks/CoreText.framework/Versions/A/CoreText
0x000000001d7c0000 	/System/Library/Frameworks/ImageIO.framework/Versions/A/ImageIO
0x000000001d7c0000 	/System/Library/PrivateFrameworks/Backup.framework/Versions/A/Backup
0x000000001d7c0000 	/usr/lib/libarchive.2.dylib
0x000000001d7c0000 	/System/Library/Frameworks/CFNetwork.framework/Versions/A/CFNetwork
0x000000001d7c0000 	/System/Library/Frameworks/SystemConfiguration.framework/Versions/A/SystemConfiguration
0x000000001d7c0000 	/usr/lib/libCRFSuite.dylib
0x000000001d7c0000 	/usr/lib/libc++.1.dylib
0x000000001d7c0000 	/usr/lib/libc++abi.dylib
0x000000001d7c0000 	/usr/lib/system/libcache.dylib
0x000000001d7c0000 	/usr/lib/system/libcommonCrypto.dylib
0x000000001d7c0000 	/usr/lib/system/libcompiler_rt.dylib
0x000000001d7c0000 	/usr/lib/system/libcopyfile.dylib
0x000000001d7c0000 	/usr/lib/system/libcorecrypto.dylib
0x000000001d7c0000 	/usr/lib/system/libdispatch.dylib
0x000000001d7c0000 	/usr/lib/system/libdyld.dylib
0x000000001d7c0000 	/usr/lib/system/libkeymgr.dylib
0x000000001d7c0000 	/usr/lib/system/liblaunch.dylib
0x000000001d7c0000 	/usr/lib/system/libmacho.dylib
0x000000001d7c0000 	/usr/lib/system/libquarantine.dylib
0x000000001d7c0000 	/usr/lib/system/libremovefile.dylib
0x000000001d7c0000 	/usr/lib/system/libsystem_asl.dylib
0x000000001d7c0000 	/usr/lib/system/libsystem_blocks.dylib
0x000000001d7c0000 	/usr/lib/system/libsystem_c.dylib
0x000000001d7c0000 	/usr/lib/system/libsystem_configuration.dylib
0x000000001d7c0000 	/usr/lib/system/libsystem_coreservices.dylib
0x000000001d7c0000 	/usr/lib/system/libsystem_darwin.dylib
0x000000001d7c0000 	/usr/lib/system/libsystem_dnssd.dylib
0x000000001d7c0000 	/usr/lib/system/libsystem_info.dylib
0x000000001d7c0000 	/usr/lib/system/libsystem_m.dylib
0x000000001d7c0000 	/usr/lib/system/libsystem_malloc.dylib
0x000000001d7c0000 	/usr/lib/system/libsystem_network.dylib
0x000000001d7c0000 	/usr/lib/system/libsystem_networkextension.dylib
0x000000001d7c0000 	/usr/lib/system/libsystem_notify.dylib
0x000000001d7c0000 	/usr/lib/system/libsystem_sandbox.dylib
0x000000001d7c0000 	/usr/lib/system/libsystem_secinit.dylib
0x000000001d7c0000 	/usr/lib/system/libsystem_kernel.dylib
0x000000001d7c0000 	/usr/lib/system/libsystem_platform.dylib
0x000000001d7c0000 	/usr/lib/system/libsystem_pthread.dylib
0x000000001d7c0000 	/usr/lib/system/libsystem_symptoms.dylib
0x000000001d7c0000 	/usr/lib/system/libsystem_trace.dylib
0x000000001d7c0000 	/usr/lib/system/libunwind.dylib
0x000000001d7c0000 	/usr/lib/system/libxpc.dylib
0x000000001d7c0000 	/usr/lib/closure/libclosured.dylib
0x000000001d7c0000 	/usr/lib/libbsm.0.dylib
0x000000001d7c0000 	/usr/lib/system/libkxld.dylib
0x000000001d7c0000 	/usr/lib/libOpenScriptingUtil.dylib
0x000000001d7c0000 	/usr/lib/libcoretls.dylib
0x000000001d7c0000 	/usr/lib/libcoretls_cfhelpers.dylib
0x000000001d7c0000 	/usr/lib/libpam.2.dylib
0x000000001d7c0000 	/usr/lib/libsqlite3.dylib
0x000000001d7c0000 	/usr/lib/libxar.1.dylib
0x000000001d7c0000 	/usr/lib/libbz2.1.0.dylib
0x000000001d7c0000 	/usr/lib/liblzma.5.dylib
0x000000001d7c0000 	/usr/lib/libnetwork.dylib
0x000000001d7c0000 	/usr/lib/libapple_nghttp2.dylib
0x000000001d7c0000 	/usr/lib/libpcap.A.dylib
0x000000001d7c0000 	/usr/lib/libboringssl.dylib
0x000000001d7c0000 	/usr/lib/libusrtcp.dylib
0x000000001d7c0000 	/usr/lib/libapple_crypto.dylib
0x000000001d7c0000 	/System/Library/Frameworks/CoreServices.framework/Versions/A/Frameworks/FSEvents.framework/Versions/A/FSEvents
0x000000001d7c0000 	/System/Library/Frameworks/CoreServices.framework/Versions/A/Frameworks/CarbonCore.framework/Versions/A/CarbonCore
0x000000001d7c0000 	/System/Library/Frameworks/CoreServices.framework/Versions/A/Frameworks/Metadata.framework/Versions/A/Metadata
0x000000001d7c0000 	/System/Library/Frameworks/CoreServices.framework/Versions/A/Frameworks/OSServices.framework/Versions/A/OSServices
0x000000001d7c0000 	/System/Library/Frameworks/CoreServices.framework/Versions/A/Frameworks/SearchKit.framework/Versions/A/SearchKit
0x000000001d7c0000 	/System/Library/Frameworks/CoreServices.framework/Versions/A/Frameworks/AE.framework/Versions/A/AE
0x000000001d7c0000 	/System/Library/Frameworks/CoreServices.framework/Versions/A/Frameworks/LaunchServices.framework/Versions/A/LaunchServices
0x000000001d7c0000 	/System/Library/Frameworks/CoreServices.framework/Versions/A/Frameworks/DictionaryServices.framework/Versions/A/DictionaryServices
0x000000001d7c0000 	/System/Library/Frameworks/CoreServices.framework/Versions/A/Frameworks/SharedFileList.framework/Versions/A/SharedFileList
0x000000001d7c0000 	/System/Library/Frameworks/NetFS.framework/Versions/A/NetFS
0x000000001d7c0000 	/System/Library/PrivateFrameworks/NetAuth.framework/Versions/A/NetAuth
0x000000001d7c0000 	/System/Library/PrivateFrameworks/login.framework/Versions/A/Frameworks/loginsupport.framework/Versions/A/loginsupport
0x000000001d7c0000 	/System/Library/PrivateFrameworks/TCC.framework/Versions/A/TCC
0x000000001d7c0000 	/usr/lib/libmecabra.dylib
0x000000001d7c0000 	/System/Library/Frameworks/ApplicationServices.framework/Versions/A/Frameworks/ATS.framework/Versions/A/ATS
0x000000001d7c0000 	/System/Library/Frameworks/ApplicationServices.framework/Versions/A/Frameworks/ColorSyncLegacy.framework/Versions/A/ColorSyncLegacy
0x000000001d7c0000 	/System/Library/Frameworks/ApplicationServices.framework/Versions/A/Frameworks/HIServices.framework/Versions/A/HIServices
0x000000001d7c0000 	/System/Library/Frameworks/ApplicationServices.framework/Versions/A/Frameworks/LangAnalysis.framework/Versions/A/LangAnalysis
0x000000001d7c0000 	/System/Library/Frameworks/ApplicationServices.framework/Versions/A/Frameworks/PrintCore.framework/Versions/A/PrintCore
0x000000001d7c0000 	/System/Library/Frameworks/ApplicationServices.framework/Versions/A/Frameworks/QD.framework/Versions/A/QD
0x000000001d7c0000 	/System/Library/Frameworks/ApplicationServices.framework/Versions/A/Frameworks/SpeechSynthesis.framework/Versions/A/SpeechSynthesis
0x000000001d7c0000 	/System/Library/Frameworks/CoreDisplay.framework/Versions/A/CoreDisplay
0x000000001d7c0000 	/System/Library/Frameworks/Accelerate.framework/Versions/A/Frameworks/vImage.framework/Versions/A/vImage
0x000000001d7c0000 	/System/Library/Frameworks/Accelerate.framework/Versions/A/Frameworks/vecLib.framework/Versions/A/vecLib
0x000000001d7c0000 	/System/Library/Frameworks/Accelerate.framework/Versions/A/Frameworks/vecLib.framework/Versions/A/libvDSP.dylib
0x000000001d7c0000 	/System/Library/Frameworks/Accelerate.framework/Versions/A/Frameworks/vecLib.framework/Versions/A/libBNNS.dylib
0x000000001d7c0000 	/System/Library/Frameworks/Accelerate.framework/Versions/A/Frameworks/vecLib.framework/Versions/A/libQuadrature.dylib
0x000000001d7c0000 	/System/Library/Frameworks/Accelerate.framework/Versions/A/Frameworks/vecLib.framework/Versions/A/libvMisc.dylib
0x000000001d7c0000 	/System/Library/Frameworks/Accelerate.framework/Versions/A/Frameworks/vecLib.framework/Versions/A/libLAPACK.dylib
0x000000001d7c0000 	/System/Library/Frameworks/Accelerate.framework/Versions/A/Frameworks/vecLib.framework/Versions/A/libBLAS.dylib
0x000000001d7c0000 	/System/Library/Frameworks/Accelerate.framework/Versions/A/Frameworks/vecLib.framework/Versions/A/libLinearAlgebra.dylib
0x000000001d7c0000 	/System/Library/Frameworks/Accelerate.framework/Versions/A/Frameworks/vecLib.framework/Versions/A/libSparse.dylib
0x000000001d7c0000 	/System/Library/Frameworks/Accelerate.framework/Versions/A/Frameworks/vecLib.framework/Versions/A/libSparseBLAS.dylib
0x000000001d7c0000 	/System/Library/PrivateFrameworks/GPUWrangler.framework/Versions/A/GPUWrangler
0x000000001d7c0000 	/System/Library/PrivateFrameworks/IOAccelerator.framework/Versions/A/IOAccelerator
0x000000001d7c0000 	/System/Library/PrivateFrameworks/IOPresentment.framework/Versions/A/IOPresentment
0x000000001d7c0000 	/System/Library/PrivateFrameworks/DSExternalDisplay.framework/Versions/A/DSExternalDisplay
0x000000001d7c0000 	/System/Library/Frameworks/OpenGL.framework/Versions/A/Libraries/libCoreFSCache.dylib
0x000000001d7c0000 	/System/Library/Frameworks/CoreVideo.framework/Versions/A/CoreVideo
0x000000001d7c0000 	/System/Library/PrivateFrameworks/GraphVisualizer.framework/Versions/A/GraphVisualizer
0x000000001d7c0000 	/System/Library/Frameworks/MetalPerformanceShaders.framework/Versions/A/MetalPerformanceShaders
0x000000001d7c0000 	/usr/lib/libFosl_dynamic.dylib
0x000000001d7c0000 	/System/Library/PrivateFrameworks/FaceCore.framework/Versions/A/FaceCore
0x000000001d7c0000 	/System/Library/Frameworks/OpenCL.framework/Versions/A/OpenCL
0x000000001d7c0000 	/usr/lib/libcompression.dylib
0x000000001d7c0000 	/System/Library/Frameworks/ApplicationServices.framework/Versions/A/Frameworks/ATS.framework/Versions/A/Resources/libFontParser.dylib
0x000000001d7c0000 	/System/Library/Frameworks/ApplicationServices.framework/Versions/A/Frameworks/ATS.framework/Versions/A/Resources/libFontRegistry.dylib
0x000000001d7c0000 	/System/Library/Frameworks/ImageIO.framework/Versions/A/Resources/libJPEG.dylib
0x000000001d7c0000 	/System/Library/Frameworks/ImageIO.framework/Versions/A/Resources/libTIFF.dylib
0x000000001d7c0000 	/System/Library/Frameworks/ImageIO.framework/Versions/A/Resources/libPng.dylib
0x000000001d7c0000 	/System/Library/Frameworks/ImageIO.framework/Versions/A/Resources/libGIF.dylib
0x000000001d7c0000 	/System/Library/Frameworks/ImageIO.framework/Versions/A/Resources/libJP2.dylib
0x000000001d7c0000 	/System/Library/Frameworks/ImageIO.framework/Versions/A/Resources/libRadiance.dylib
0x000000001d7c0000 	/System/Library/PrivateFrameworks/AppleJPEG.framework/Versions/A/AppleJPEG
0x000000001d7c0000 	/System/Library/Frameworks/MetalPerformanceShaders.framework/Frameworks/MPSCore.framework/Versions/A/MPSCore
0x000000001d7c0000 	/System/Library/Frameworks/MetalPerformanceShaders.framework/Frameworks/MPSImage.framework/Versions/A/MPSImage
0x000000001d7c0000 	/System/Library/Frameworks/MetalPerformanceShaders.framework/Frameworks/MPSNeuralNetwork.framework/Versions/A/MPSNeuralNetwork
0x000000001d7c0000 	/System/Library/Frameworks/MetalPerformanceShaders.framework/Frameworks/MPSMatrix.framework/Versions/A/MPSMatrix
0x000000001d7c0000 	/System/Library/PrivateFrameworks/MetalTools.framework/Versions/A/MetalTools
0x000000001d7c0000 	/System/Library/Frameworks/OpenGL.framework/Versions/A/Libraries/libGLU.dylib
0x000000001d7c0000 	/System/Library/Frameworks/OpenGL.framework/Versions/A/Libraries/libGFXShared.dylib
0x000000001d7c0000 	/System/Library/Frameworks/OpenGL.framework/Versions/A/Libraries/libGL.dylib
0x000000001d7c0000 	/System/Library/Frameworks/OpenGL.framework/Versions/A/Libraries/libGLImage.dylib
0x000000001d7c0000 	/System/Library/Frameworks/OpenGL.framework/Versions/A/Libraries/libCVMSPluginSupport.dylib
0x000000001d7c0000 	/System/Library/Frameworks/OpenGL.framework/Versions/A/Libraries/libCoreVMClient.dylib
0x000000001d7c0000 	/usr/lib/libcups.2.dylib
0x000000001d7c0000 	/System/Library/Frameworks/Kerberos.framework/Versions/A/Kerberos
0x000000001d7c0000 	/System/Library/Frameworks/GSS.framework/Versions/A/GSS
0x000000001d7c0000 	/usr/lib/libresolv.9.dylib
0x000000001d7c0000 	/usr/lib/libiconv.2.dylib
0x000000001d7c0000 	/System/Library/PrivateFrameworks/Heimdal.framework/Versions/A/Heimdal
0x000000001d7c0000 	/usr/lib/libheimdal-asn1.dylib
0x000000001d7c0000 	/System/Library/Frameworks/OpenDirectory.framework/Versions/A/OpenDirectory
0x000000001d7c0000 	/System/Library/PrivateFrameworks/CommonAuth.framework/Versions/A/CommonAuth
0x000000001d7c0000 	/System/Library/Frameworks/OpenDirectory.framework/Versions/A/Frameworks/CFOpenDirectory.framework/Versions/A/CFOpenDirectory
0x000000001d7c0000 	/System/Library/Frameworks/SecurityFoundation.framework/Versions/A/SecurityFoundation
0x000000001d7c0000 	/System/Library/PrivateFrameworks/APFS.framework/Versions/A/APFS
0x000000001d7c0000 	/usr/lib/libutil.dylib
0x000000001d7c0000 	/System/Library/PrivateFrameworks/AppleSauce.framework/Versions/A/AppleSauce
0x000000001d7c0000 	/System/Library/PrivateFrameworks/LinguisticData.framework/Versions/A/LinguisticData
0x000000001d7c0000 	/usr/lib/libmarisa.dylib
0x000000001d7c0000 	/System/Library/PrivateFrameworks/Lexicon.framework/Versions/A/Lexicon
0x000000001d7c0000 	/usr/lib/libChineseTokenizer.dylib
0x000000001d7c0000 	/usr/lib/libcmph.dylib
0x000000001d7c0000 	/System/Library/PrivateFrameworks/LanguageModeling.framework/Versions/A/LanguageModeling
0x000000001d7c0000 	/System/Library/PrivateFrameworks/CoreEmoji.framework/Versions/A/CoreEmoji
0x000000001d7c0000 	/System/Library/Frameworks/ServiceManagement.framework/Versions/A/ServiceManagement
0x000000001d7c0000 	/System/Library/PrivateFrameworks/BackgroundTaskManagement.framework/Versions/A/BackgroundTaskManagement
0x000000001d7c0000 	/usr/lib/libxslt.1.dylib
0x000000001d7c0000 	/System/Library/Frameworks/Carbon.framework/Versions/A/Frameworks/Ink.framework/Versions/A/Ink
0x000000001d7c0000 	/System/Library/PrivateFrameworks/TextureIO.framework/Versions/A/TextureIO
0x000000001d7c0000 	/usr/lib/libate.dylib
0x000000001d7c0000 	/System/Library/PrivateFrameworks/CrashReporterSupport.framework/Versions/A/CrashReporterSupport
0x000000001d7c0000 	/System/Library/PrivateFrameworks/Sharing.framework/Versions/A/Sharing
0x000000001d7c0000 	/System/Library/PrivateFrameworks/IconServices.framework/Versions/A/IconServices
0x000000001d7c0000 	/System/Library/PrivateFrameworks/AuthKit.framework/Versions/A/AuthKit
0x000000001d7c0000 	/System/Library/PrivateFrameworks/Apple80211.framework/Versions/A/Apple80211
0x000000001d7c0000 	/System/Library/PrivateFrameworks/CoreUtils.framework/Versions/A/CoreUtils
0x000000001d7c0000 	/System/Library/Frameworks/CoreWLAN.framework/Versions/A/CoreWLAN
0x000000001d7c0000 	/System/Library/Frameworks/IOBluetooth.framework/Versions/A/IOBluetooth
0x000000001d7c0000 	/System/Library/PrivateFrameworks/ProtocolBuffer.framework/Versions/A/ProtocolBuffer
0x000000001d7c0000 	/System/Library/PrivateFrameworks/MobileKeyBag.framework/Versions/A/MobileKeyBag
0x000000001d7c0000 	/System/Library/PrivateFrameworks/CorePhoneNumbers.framework/Versions/A/CorePhoneNumbers
0x000000001d7c0000 	/System/Library/PrivateFrameworks/AppleIDAuthSupport.framework/Versions/A/AppleIDAuthSupport
0x000000001d7c0000 	/System/Library/PrivateFrameworks/KeychainCircle.framework/Versions/A/KeychainCircle
0x000000001d7c0000 	/System/Library/PrivateFrameworks/CoreWiFi.framework/Versions/A/CoreWiFi
0x000000001d7c0000 	/System/Library/Frameworks/CoreBluetooth.framework/Versions/A/CoreBluetooth
0x000000001d7c0000 	/System/Library/PrivateFrameworks/DebugSymbols.framework/Versions/A/DebugSymbols
0x000000001d7c0000 	/System/Library/PrivateFrameworks/CoreSymbolication.framework/Versions/A/CoreSymbolication
0x000000001d7c0000 	/System/Library/PrivateFrameworks/Symbolication.framework/Versions/A/Symbolication
0x000000001d7c0000 	/System/Library/PrivateFrameworks/AppleFSCompression.framework/Versions/A/AppleFSCompression
0x000000001d7c0000 	/System/Library/PrivateFrameworks/SpeechRecognitionCore.framework/Versions/A/SpeechRecognitionCore
0x000000010ca00000 	/Library/Java/JavaVirtualMachines/jdk1.8.0_161.jdk/Contents/Home/jre/lib/server/libjvm.dylib
0x000000001d7c0000 	/usr/lib/libstdc++.6.0.9.dylib
0x000000010c054000 	/Library/Java/JavaVirtualMachines/jdk1.8.0_161.jdk/Contents/Home/jre/lib/libverify.dylib
0x000000010c062000 	/Library/Java/JavaVirtualMachines/jdk1.8.0_161.jdk/Contents/Home/jre/lib/libjava.dylib
0x000000010c099000 	/Library/Java/JavaVirtualMachines/jdk1.8.0_161.jdk/Contents/Home/jre/lib/libinstrument.dylib
0x000000010c137000 	/Library/Java/JavaVirtualMachines/jdk1.8.0_161.jdk/Contents/Home/jre/lib/libzip.dylib
0x000000011322f000 	/Library/Java/JavaVirtualMachines/jdk1.8.0_161.jdk/Contents/Home/jre/lib/libnet.dylib
0x00000001133dc000 	/Library/Java/JavaVirtualMachines/jdk1.8.0_161.jdk/Contents/Home/jre/lib/libosx.dylib
0x0000000113440000 	/Library/Java/JavaVirtualMachines/jdk1.8.0_161.jdk/Contents/Home/jre/lib/./libosxapp.dylib
0x000000001d7c0000 	/System/Library/Frameworks/JavaVM.framework/Versions/A/Frameworks/JavaNativeFoundation.framework/Versions/A/JavaNativeFoundation
0x000000001d7c0000 	/System/Library/Frameworks/JavaVM.framework/Versions/A/Frameworks/JavaRuntimeSupport.framework/Versions/A/JavaRuntimeSupport
0x000000001d7c0000 	/System/Library/Frameworks/Carbon.framework/Versions/A/Carbon
0x000000001d7c0000 	/System/Library/Frameworks/ExceptionHandling.framework/Versions/A/ExceptionHandling
0x000000001d7c0000 	/System/Library/Frameworks/Carbon.framework/Versions/A/Frameworks/CommonPanels.framework/Versions/A/CommonPanels
0x000000001d7c0000 	/System/Library/Frameworks/Carbon.framework/Versions/A/Frameworks/Help.framework/Versions/A/Help
0x000000001d7c0000 	/System/Library/Frameworks/Carbon.framework/Versions/A/Frameworks/ImageCapture.framework/Versions/A/ImageCapture
0x000000001d7c0000 	/System/Library/Frameworks/Carbon.framework/Versions/A/Frameworks/OpenScripting.framework/Versions/A/OpenScripting
0x000000001d7c0000 	/System/Library/Frameworks/Carbon.framework/Versions/A/Frameworks/Print.framework/Versions/A/Print
0x000000001d7c0000 	/System/Library/Frameworks/Carbon.framework/Versions/A/Frameworks/SecurityHI.framework/Versions/A/SecurityHI
0x000000001d7c0000 	/System/Library/Frameworks/JavaVM.framework/Versions/A/JavaVM
0x000000001d7c0000 	/System/Library/PrivateFrameworks/JavaLaunching.framework/Versions/A/JavaLaunching
0x0000000113851000 	/Library/Java/JavaVirtualMachines/jdk1.8.0_161.jdk/Contents/Home/jre/lib/libawt.dylib
0x0000000113996000 	/Library/Java/JavaVirtualMachines/jdk1.8.0_161.jdk/Contents/Home/jre/lib/./libmlib_image.dylib
0x0000000113f6b000 	/Library/Java/JavaVirtualMachines/jdk1.8.0_161.jdk/Contents/Home/jre/lib/libawt_lwawt.dylib
0x000000001d7c0000 	/System/Library/PrivateFrameworks/CoreServicesInternal.framework/Versions/A/CoreServicesInternal
0x000000001d7c0000 	/System/Library/CoreServices/RawCamera.bundle/Contents/MacOS/RawCamera
0x000000001d7c0000 	/System/Library/PrivateFrameworks/MobileAsset.framework/Versions/A/MobileAsset
0x000000001d7c0000 	/System/Library/PrivateFrameworks/StreamingZip.framework/Versions/A/StreamingZip
0x000000001d7c0000 	/System/Library/Frameworks/MediaToolbox.framework/Versions/A/MediaToolbox
0x000000001d7c0000 	/System/Library/PrivateFrameworks/CoreAVCHD.framework/Versions/A/CoreAVCHD
0x000000001d7c0000 	/System/Library/Frameworks/MediaAccessibility.framework/Versions/A/MediaAccessibility
0x000000001d7c0000 	/System/Library/PrivateFrameworks/Mangrove.framework/Versions/A/Mangrove
0x000000001d7c0000 	/System/Library/Frameworks/CoreMedia.framework/Versions/A/CoreMedia
0x000000001d7c0000 	/System/Library/Frameworks/VideoToolbox.framework/Versions/A/VideoToolbox
0x000000001d7c0000 	/System/Library/PrivateFrameworks/CoreAUC.framework/Versions/A/CoreAUC
0x000000001d7c0000 	/usr/lib/libspindump.dylib
0x000000001d7c0000 	/System/Library/PrivateFrameworks/AppleVA.framework/Versions/A/AppleVA
0x000000001d7c0000 	/System/Library/Frameworks/Accelerate.framework/Versions/A/Frameworks/vImage.framework/Versions/A/Libraries/libCGInterfaces.dylib
0x000000001d7c0000 	/System/Library/Frameworks/ApplicationServices.framework/Versions/A/Frameworks/ATS.framework/Versions/A/Resources/libTrueTypeScaler.dylib
0x000000001d7c0000 	/System/Library/Extensions/AppleIntelKBLGraphicsMTLDriver.bundle/Contents/MacOS/AppleIntelKBLGraphicsMTLDriver
0x000000001d7c0000 	/System/Library/PrivateFrameworks/GPUCompiler.framework/Versions/3802/Libraries/libmetal_timestamp.dylib
0x000000001d7c0000 	/System/Library/PrivateFrameworks/FamilyControls.framework/Versions/A/FamilyControls
0x000000001d7c0000 	/System/Library/PrivateFrameworks/CommerceKit.framework/Versions/A/Frameworks/CommerceCore.framework/Versions/A/CommerceCore
0x000000001d7c0000 	/System/Library/PrivateFrameworks/SystemAdministration.framework/Versions/A/SystemAdministration
0x000000001d7c0000 	/System/Library/PrivateFrameworks/AppContainer.framework/Versions/A/AppContainer
0x000000001d7c0000 	/System/Library/PrivateFrameworks/SecCodeWrapper.framework/Versions/A/SecCodeWrapper
0x000000001d7c0000 	/System/Library/PrivateFrameworks/DiskManagement.framework/Versions/A/DiskManagement
0x000000001d7c0000 	/System/Library/Frameworks/DirectoryService.framework/Versions/A/DirectoryService
0x000000001d7c0000 	/System/Library/PrivateFrameworks/DiskImages.framework/Versions/A/DiskImages
0x000000001d7c0000 	/System/Library/PrivateFrameworks/LoginUIKit.framework/Versions/A/Frameworks/LoginUICore.framework/Versions/A/LoginUICore
0x000000001d7c0000 	/usr/lib/libCoreStorage.dylib
0x000000001d7c0000 	/usr/lib/libcsfde.dylib
0x000000001d7c0000 	/usr/lib/libodfde.dylib
0x000000001d7c0000 	/System/Library/PrivateFrameworks/MediaKit.framework/Versions/A/MediaKit
0x000000001d7c0000 	/System/Library/Frameworks/DiscRecording.framework/Versions/A/DiscRecording
0x000000001d7c0000 	/System/Library/PrivateFrameworks/EFILogin.framework/Versions/A/EFILogin
0x000000001d7c0000 	/System/Library/PrivateFrameworks/ProtectedCloudStorage.framework/Versions/A/ProtectedCloudStorage
0x000000001d7c0000 	/usr/lib/libcurl.4.dylib
0x000000001d7c0000 	/usr/lib/libcrypto.35.dylib
0x000000001d7c0000 	/usr/lib/libssl.35.dylib
0x000000001d7c0000 	/System/Library/Frameworks/LDAP.framework/Versions/A/LDAP
0x000000001d7c0000 	/System/Library/PrivateFrameworks/TrustEvaluationAgent.framework/Versions/A/TrustEvaluationAgent
0x000000001d7c0000 	/usr/lib/libsasl2.2.dylib
0x000000001d7c0000 	/System/Library/PrivateFrameworks/CoreDaemon.framework/Versions/B/CoreDaemon
0x000000001d7c0000 	/System/Library/PrivateFrameworks/AppleSRP.framework/Versions/A/AppleSRP
0x000000011391b000 	/Library/Java/JavaVirtualMachines/jdk1.8.0_161.jdk/Contents/Home/jre/lib/libfontmanager.dylib
0x000000001d7c0000 	/System/Library/PrivateFrameworks/ViewBridge.framework/Versions/A/ViewBridge
0x000000001d7c0000 	/System/Library/Frameworks/OpenGL.framework/Versions/A/Resources/GLEngine.bundle/GLEngine
0x000000001d7c0000 	/System/Library/Frameworks/OpenGL.framework/Versions/A/Libraries/libGLProgrammability.dylib
0x000000012e7f3000 	/System/Library/Extensions/AppleIntelKBLGraphicsGLDriver.bundle/Contents/MacOS/AppleIntelKBLGraphicsGLDriver
0x000000001d7c0000 	/System/Library/PrivateFrameworks/GPUSupport.framework/Versions/A/Libraries/libGPUSupportMercury.dylib
0x000000001d7c0000 	/System/Library/Frameworks/OpenGL.framework/Versions/A/Resources/GLRendererFloat.bundle/GLRendererFloat
0x000000001d7c0000 	/System/Library/Frameworks/OpenCL.framework/Versions/A/Libraries/libcldcpuengine.dylib
0x00000001132bd000 	/Library/Java/JavaVirtualMachines/jdk1.8.0_161.jdk/Contents/Home/jre/lib/libosxui.dylib
0x00000001135b7000 	/Library/Java/JavaVirtualMachines/jdk1.8.0_161.jdk/Contents/Home/jre/lib/libnio.dylib
0x000000015dbe2000 	/Library/Java/JavaVirtualMachines/jdk1.8.0_161.jdk/Contents/Home/jre/lib/libdcpr.dylib
0x000000001d7c0000 	/System/Library/PrivateFrameworks/CloudDocs.framework/Versions/A/CloudDocs
0x000000001d7c0000 	/System/Library/PrivateFrameworks/FileProvider.framework/Versions/A/FileProvider
0x000000001d7c0000 	/System/Library/PrivateFrameworks/SpotlightIndex.framework/Versions/A/SpotlightIndex
0x000000001d7c0000 	/System/Library/PrivateFrameworks/SymptomDiagnosticReporter.framework/Versions/A/SymptomDiagnosticReporter
0x000000001d7c0000 	/System/Library/PrivateFrameworks/GenerationalStorage.framework/Versions/A/GenerationalStorage
0x000000001d7c0000 	/System/Library/PrivateFrameworks/ChunkingLibrary.framework/Versions/A/ChunkingLibrary
0x000000001d7c0000 	/System/Library/PrivateFrameworks/CoreNLP.framework/Versions/A/CoreNLP
0x000000001d7c0000 	/usr/lib/libmecab.1.0.0.dylib
0x000000001d7c0000 	/usr/lib/libgermantok.dylib
0x000000001d7c0000 	/usr/lib/libThaiTokenizer.dylib
0x000000001d7c0000 	/System/Library/PrivateFrameworks/login.framework/Versions/A/login
0x000000001d7c0000 	/System/Library/PrivateFrameworks/Shortcut.framework/Versions/A/Shortcut
0x000000001d7c0000 	/System/Library/PrivateFrameworks/HelpData.framework/Versions/A/HelpData

VM Arguments:
jvm_args: -javaagent:/Applications/IntelliJ IDEA CE.app/Contents/lib/idea_rt.jar=64888:/Applications/IntelliJ IDEA CE.app/Contents/bin -Dfile.encoding=UTF-8 
java_command: RunExploreMorphoLibJSegmentationCommand
java_class_path (initial): /Library/Java/JavaVirtualMachines/jdk1.8.0_161.jdk/Contents/Home/jre/lib/charsets.jar:/Library/Java/JavaVirtualMachines/jdk1.8.0_161.jdk/Contents/Home/jre/lib/deploy.jar:/Library/Java/JavaVirtualMachines/jdk1.8.0_161.jdk/Contents/Home/jre/lib/ext/cldrdata.jar:/Library/Java/JavaVirtualMachines/jdk1.8.0_161.jdk/Contents/Home/jre/lib/ext/dnsns.jar:/Library/Java/JavaVirtualMachines/jdk1.8.0_161.jdk/Contents/Home/jre/lib/ext/jaccess.jar:/Library/Java/JavaVirtualMachines/jdk1.8.0_161.jdk/Contents/Home/jre/lib/ext/jfxrt.jar:/Library/Java/JavaVirtualMachines/jdk1.8.0_161.jdk/Contents/Home/jre/lib/ext/localedata.jar:/Library/Java/JavaVirtualMachines/jdk1.8.0_161.jdk/Contents/Home/jre/lib/ext/nashorn.jar:/Library/Java/JavaVirtualMachines/jdk1.8.0_161.jdk/Contents/Home/jre/lib/ext/sunec.jar:/Library/Java/JavaVirtualMachines/jdk1.8.0_161.jdk/Contents/Home/jre/lib/ext/sunjce_provider.jar:/Library/Java/JavaVirtualMachines/jdk1.8.0_161.jdk/Contents/Home/jre/lib/ext/sunpkcs11.jar:/Library/Java/JavaVirtualMachines/jdk1.8.0_161.jdk/Contents/Home/jre/lib/ext/zipfs.jar:/Library/Java/JavaVirtualMachines/jdk1.8.0_161.jdk/Contents/Home/jre/lib/javaws.jar:/Library/Java/JavaVirtualMachines/jdk1.8.0_161.jdk/Contents/Home/jre/lib/jce.jar:/Library/Java/JavaVirtualMachines/jdk1.8.0_161.jdk/Contents/Home/jre/lib/jfr.jar:/Library/Java/JavaVirtualMachines/jdk1.8.0_161.jdk/Contents/Home/jre/lib/jfxswt.jar:/Library/Java/JavaVirtualMachines/jdk1.8.0_161.jdk/Contents/Home/jre/lib/jsse.jar:/Library/Java/JavaVirtualMachines/jdk1.8.0_161.jdk/Contents/Home/jre/lib/management-agent.jar:/Library/Java/JavaVirtualMachines/jdk1.8.0_161.jdk/Contents/Home/jre/lib/plugin.jar:/Library/Java/JavaVirtualMachines/jdk1.8.0_161.jdk/Contents/Home/jre/lib/resources.jar:/Library/Java/JavaVirtualMachines/jdk1.8.0_161.jdk/Contents/Home/jre/lib/rt.jar:/Library/Java/JavaVirtualMachines/jdk1.8.0_161.jdk/Contents/Home/lib/ant-javafx.jar:/Library/Java/JavaVirtualMachines/jdk1.8.0_161.jdk/Contents/Home
Launcher Type: SUN_STANDARD

Environment Variables:
JAVA_HOME=/Library/Java/JavaVirtualMachines/jdk1.8.0_161.jdk/Contents/Home
PATH=/anaconda3/bin:/Applications/apache-maven-3.5.3/bin:/usr/local/bin:/usr/bin:/bin:/usr/sbin:/sbin:/opt/X11/bin
SHELL=/bin/bash
DISPLAY=/private/tmp/com.apple.launchd.LzETaA7G61/org.macosforge.xquartz:0

Signal Handlers:
SIGSEGV: [libjvm.dylib+0x5b5439], sa_mask[0]=11111111011111110111111111111111, sa_flags=SA_ONSTACK|SA_RESTART|SA_SIGINFO
SIGBUS: [libjvm.dylib+0x5b5439], sa_mask[0]=11111111011111110111111111111111, sa_flags=SA_RESTART|SA_SIGINFO
SIGFPE: [libjvm.dylib+0x48ae24], sa_mask[0]=11111111011111110111111111111111, sa_flags=SA_RESTART|SA_SIGINFO
SIGPIPE: [libjvm.dylib+0x48ae24], sa_mask[0]=11111111011111110111111111111111, sa_flags=SA_RESTART|SA_SIGINFO
SIGXFSZ: [libjvm.dylib+0x48ae24], sa_mask[0]=11111111011111110111111111111111, sa_flags=SA_RESTART|SA_SIGINFO
SIGILL: [libjvm.dylib+0x48ae24], sa_mask[0]=11111111011111110111111111111111, sa_flags=SA_RESTART|SA_SIGINFO
SIGUSR1: SIG_DFL, sa_mask[0]=00000000000000000000000000000000, sa_flags=none
SIGUSR2: [libjvm.dylib+0x48a942], sa_mask[0]=00100000000000000000000000000000, sa_flags=SA_RESTART|SA_SIGINFO
SIGHUP: [libjvm.dylib+0x488f0d], sa_mask[0]=11111111011111110111111111111111, sa_flags=SA_RESTART|SA_SIGINFO
SIGINT: [libjvm.dylib+0x488f0d], sa_mask[0]=11111111011111110111111111111111, sa_flags=SA_RESTART|SA_SIGINFO
SIGTERM: [libjvm.dylib+0x488f0d], sa_mask[0]=11111111011111110111111111111111, sa_flags=SA_RESTART|SA_SIGINFO
SIGQUIT: [libjvm.dylib+0x488f0d], sa_mask[0]=11111111011111110111111111111111, sa_flags=SA_RESTART|SA_SIGINFO


---------------  S Y S T E M  ---------------

OS:Bsduname:Darwin 17.7.0 Darwin Kernel Version 17.7.0: Thu Jun 21 22:53:14 PDT 2018; root:xnu-4570.71.2~1/RELEASE_X86_64 x86_64
rlimit: STACK 8192k, CORE 0k, NPROC 1418, NOFILE 10240, AS infinity
load average:2.68 2.54 2.26

CPU:total 4 (initial active 4) (2 cores per cpu, 2 threads per core) family 6 model 142 stepping 9, cmov, cx8, fxsr, mmx, sse, sse2, sse3, ssse3, sse4.1, sse4.2, popcnt, avx, avx2, aes, clmul, erms, rtm, 3dnowpref, lzcnt, ht, tsc, tscinvbit, bmi1, bmi2, adx

Memory: 4k page, physical 16777216k(17496k free)

/proc/meminfo:


vm_info: Java HotSpot(TM) 64-Bit Server VM (25.161-b12) for bsd-amd64 JRE (1.8.0_161-b12), built on Dec 19 2017 16:22:20 by "java_re" with gcc 4.2.1 (Based on Apple Inc. build 5658) (LLVM build 2336.11.00)

time: Sat Feb  9 17:19:58 2019
elapsed time: 130 seconds (0d 0h 2m 10s)

