#
# A fatal error has been detected by the Java Runtime Environment:
#
#  SIGSEGV (0xb) at pc=0x00007fff7c5d864c, pid=90109, tid=0x0000000000000307
#
# JRE version: Java(TM) SE Runtime Environment (8.0_161-b12) (build 1.8.0_161-b12)
# Java VM: Java HotSpot(TM) 64-Bit Server VM (25.161-b12 mixed mode bsd-amd64 compressed oops)
# Problematic frame:
# C  [libobjc.A.dylib+0x864c]  objc_release+0x1c
#
# Failed to write core dump. Core dumps have been disabled. To enable core dumping, try "ulimit -c unlimited" before starting Java again
#
# If you would like to submit a bug report, please visit:
#   http://bugreport.java.com/bugreport/crash.jsp
# The crash happened outside the Java Virtual Machine in native code.
# See problematic frame for where to report the bug.
#

---------------  T H R E A D  ---------------

Current thread (0x00007fe78287c800):  JavaThread "AppKit Thread" daemon [_thread_in_native, id=775, stack(0x00007ffee51e3000,0x00007ffee59e3000)]

siginfo: si_signo: 11 (SIGSEGV), si_code: 1 (SEGV_MAPERR), si_addr: 0x0000000000000020

Registers:
RAX=0x0000000000000000, RBX=0x0000000000000060, RCX=0x000000000000000d, RDX=0x0000000000000010
RSP=0x00007ffee59d7dd0, RBP=0x00007ffee59d7dd0, RSI=0x00007fff4fba7916, RDI=0x00007fe78888a0b0
R8 =0x00000000000001ff, R9 =0x00007fe783597150, R10=0x00000001279428f0, R11=0x00007fe785fecd60
R12=0x00007fe7835f51c0, R13=0x0000000000000068, R14=0x0000000000000000, R15=0x00007fe7835f51c0
RIP=0x00007fff7c5d864c, EFLAGS=0x0000000000010246, ERR=0x0000000000000004
  TRAPNO=0x000000000000000e

Top of Stack: (sp=0x00007ffee59d7dd0)
0x00007ffee59d7dd0:   00007ffee59d7e10 00007fff5197bedd
0x00007ffee59d7de0:   0000000000000008 00007fe783597150
0x00007ffee59d7df0:   ffff80187ca68eb0 00007ffee59d7e58
0x00007ffee59d7e00:   0000000000000001 00007fe783597150
0x00007ffee59d7e10:   00007ffee59d7e40 00007fff5197be42
0x00007ffee59d7e20:   00007fffb0b59b88 ffff80187ca68eb0
0x00007ffee59d7e30:   0000000000000001 00007fffb0b59b01
0x00007ffee59d7e40:   00007ffee59d7e90 00007fff7c5de0c8
0x00007ffee59d7e50:   ffff80187ca68eb0 00007fe787ae3540
0x00007ffee59d7e60:   00007fffb0b59b80 00007fe780809010
0x00007ffee59d7e70:   a3a3a3a3a3a3a3a3 0000000000000000
0x00007ffee59d7e80:   00007fe780809068 00007fe780809000
0x00007ffee59d7e90:   00007ffee59d82d0 00007fff7c5d947c
0x00007ffee59d7ea0:   00007ffee59d7ed0 00007fff4f07dddf
0x00007ffee59d7eb0:   00007fff7c5d6680 0000000000000088
0x00007ffee59d7ec0:   0000000000000000 00007fe7866ed2c0
0x00007ffee59d7ed0:   00007ffee59d7f50 00007fff4f07dd4f
0x00007ffee59d7ee0:   00007fffa9e11e38 00007fffb0b59201
0x00007ffee59d7ef0:   0000000000000001 00007fe7862c88e0
0x00007ffee59d7f00:   00007ffee59d7f50 00007fff7c5de0c8
0x00007ffee59d7f10:   ffff801879d37720 ffff801879d37720
0x00007ffee59d7f20:   00007fffb0b592c0 00007fff4f07d2c1
0x00007ffee59d7f30:   0000000000000000 0000000000000001
0x00007ffee59d7f40:   00007fe7866ed2c0 00007fe788880ff0
0x00007ffee59d7f50:   00007ffee59d8060 00007fff4f07d238
0x00007ffee59d7f60:   0000000000000000 0000000000000000
0x00007ffee59d7f70:   0000000000000000 0000000000000000
0x00007ffee59d7f80:   0000000000000000 0000000000000000
0x00007ffee59d7f90:   0000000000000000 0000000000000000
0x00007ffee59d7fa0:   00007fe7866ed2c0 00007fe7805dcd40
0x00007ffee59d7fb0:   4075e00000000000 4041000000000000
0x00007ffee59d7fc0:   0000000000000000 00007fe788911460 

Instructions: (pc=0x00007fff7c5d864c)
0x00007fff7c5d862c:   00 00 90 90 55 48 89 e5 48 85 ff 74 60 40 f6 c7
0x00007fff7c5d863c:   01 75 5a 48 b8 f8 ff ff ff ff 7f 00 00 48 23 07
0x00007fff7c5d864c:   f6 40 20 04 74 67 48 b9 00 00 00 00 00 00 00 01
0x00007fff7c5d865c:   48 ba 00 00 00 00 00 00 40 00 48 8b 07 a8 01 74 

Register to memory mapping:

RAX=0x0000000000000000 is an unknown value
RBX=0x0000000000000060 is an unknown value
RCX=0x000000000000000d is an unknown value
RDX=0x0000000000000010 is an unknown value
RSP=0x00007ffee59d7dd0 is pointing into the stack for thread: 0x00007fe78287c800
RBP=0x00007ffee59d7dd0 is pointing into the stack for thread: 0x00007fe78287c800
RSI=0x00007fff4fba7916: GCC_except_table7+0x3a2 in /System/Library/Frameworks/AppKit.framework/Versions/C/AppKit at 0x00007fff4f00a000
RDI=0x00007fe78888a0b0 is an unknown value
R8 =0x00000000000001ff is an unknown value
R9 =0x00007fe783597150 is an unknown value
R10=0x00000001279428f0: OBJC_CLASS_$_AWTWindow_Normal+0 in /Library/Java/JavaVirtualMachines/jdk1.8.0_161.jdk/Contents/Home/jre/lib/libawt_lwawt.dylib at 0x00000001278c3000
R11=0x00007fe785fecd60 is an unknown value
R12=0x00007fe7835f51c0 is an unknown value
R13=0x0000000000000068 is an unknown value
R14=0x0000000000000000 is an unknown value
R15=0x00007fe7835f51c0 is an unknown value


Stack: [0x00007ffee51e3000,0x00007ffee59e3000],  sp=0x00007ffee59d7dd0,  free space=8147k
Native frames: (J=compiled Java code, j=interpreted, Vv=VM code, C=native code)
C  [libobjc.A.dylib+0x864c]  objc_release+0x1c
C  [CoreFoundation+0x17edd]  cow_cleanup+0x76
C  [CoreFoundation+0x17e42]  -[__NSArrayM dealloc]+0x2d
C  [libobjc.A.dylib+0xe0c8]  _ZN11objc_object17sidetable_releaseEb+0x10c
C  [libobjc.A.dylib+0x947c]  _ZN12_GLOBAL__N_119AutoreleasePoolPage3popEPv+0x2c6
C  [CoreFoundation+0xd60a]  _CFAutoreleasePoolPop+0x16
C  [AppKit+0x460e8f]  NSMenuItemCarbonEventHandler+0x1e2e
C  [HIToolbox+0x8a6e]  _ZL23DispatchEventToHandlersP14EventTargetRecP14OpaqueEventRefP14HandlerCallRec+0x58e
C  [HIToolbox+0x7e1f]  _ZL30SendEventToEventTargetInternalP14OpaqueEventRefP20OpaqueEventTargetRefP14HandlerCallRec+0x173
C  [HIToolbox+0x7ca5]  SendEventToEventTargetWithOptions+0x2d
C  [HIToolbox+0x31401]  _ZN6HIView23SendOwningWindowChangedEjP15OpaqueWindowPtrS1_+0xdb
C  [HIToolbox+0x312df]  _ZN6HIView26NotifySubtreeWindowChangedEP15OpaqueWindowPtrS1_h+0x53
C  [HIToolbox+0x31301]  _ZN6HIView26NotifySubtreeWindowChangedEP15OpaqueWindowPtrS1_h+0x75
C  [HIToolbox+0x31301]  _ZN6HIView26NotifySubtreeWindowChangedEP15OpaqueWindowPtrS1_h+0x75
C  [HIToolbox+0x31301]  _ZN6HIView26NotifySubtreeWindowChangedEP15OpaqueWindowPtrS1_h+0x75
C  [HIToolbox+0x9a42b]  _HIViewSetWindow+0x1e
C  [HIToolbox+0x21241]  DisposeMenuWindow+0x40
C  [HIToolbox+0xa1fce]  _ZL18Dispose1MenuWindowP8MenuDataPv+0x9
C  [CoreFoundation+0x35309]  __CFDictionaryApplyFunction_block_invoke+0x16
C  [CoreFoundation+0x350f2]  CFBasicHashApply+0x69
C  [CoreFoundation+0x35071]  CFDictionaryApplyFunction+0x82
C  [HIToolbox+0xa1f36]  _Z13ForEachMenuDoPFiP8MenuDataPvES1_+0x3d
C  [CoreFoundation+0x59fc0]  __CFRUNLOOP_IS_CALLING_OUT_TO_A_TIMER_CALLBACK_FUNCTION__+0x14
C  [CoreFoundation+0x59b6c]  __CFRunLoopDoTimer+0x353
C  [CoreFoundation+0x596b2]  __CFRunLoopDoTimers+0x14a
C  [CoreFoundation+0x3a8b2]  __CFRunLoopRun+0x852
C  [CoreFoundation+0x39e0e]  CFRunLoopRunSpecific+0x1c7
C  [HIToolbox+0xa9db]  RunCurrentEventLoopInMode+0x124
C  [HIToolbox+0xa61d]  ReceiveNextEventCommon+0x163
C  [HIToolbox+0xa4a6]  _BlockUntilNextEventMatchingListInModeWithFilter+0x40
C  [AppKit+0x1affb]  _DPSNextEvent+0x3c5
C  [AppKit+0x19d93]  -[NSApplication(NSEvent) _nextEventMatchingEventMask:untilDate:inMode:dequeue:]+0x551
C  [libosxapp.dylib+0x23aa]  -[NSApplicationAWT nextEventMatchingMask:untilDate:inMode:dequeue:]+0x7c
C  [AppKit+0x13eb0]  -[NSApplication run]+0x2bb
C  [libosxapp.dylib+0x214d]  +[NSApplicationAWT runAWTLoopWithApp:]+0x9c
C  [libawt_lwawt.dylib+0x47397]  -[AWTStarter starter:]+0x389
C  [Foundation+0xb0972]  __NSThreadPerformPerform+0x148
C  [CoreFoundation+0x575e3]  __CFRUNLOOP_IS_CALLING_OUT_TO_A_SOURCE0_PERFORM_FUNCTION__+0x11
C  [CoreFoundation+0x57589]  __CFRunLoopDoSource0+0x6c
C  [CoreFoundation+0x3af3b]  __CFRunLoopDoSources0+0xc3
C  [CoreFoundation+0x3a505]  __CFRunLoopRun+0x4a5
C  [CoreFoundation+0x39e0e]  CFRunLoopRunSpecific+0x1c7
C  [java+0x647a]  CreateExecutionEnvironment+0x367
C  [java+0x212c]  JLI_Launch+0x7a0
C  [java+0x84d7]  main+0x65
C  [java+0x1984]  start+0x34
C  0x0000000000000006


---------------  P R O C E S S  ---------------

Java Threads: ( => current thread )
  0x00007fe787349000 JavaThread "DestroyJavaVM" [_thread_blocked, id=9731, stack(0x00007000008b1000,0x00007000009b1000)]
  0x00007fe7871df000 JavaThread "SwingWorker-pool-1-thread-2" daemon [_thread_blocked, id=64831, stack(0x000070000299a000,0x0000700002a9a000)]
  0x00007fe78586b000 JavaThread "SwingWorker-pool-1-thread-1" daemon [_thread_blocked, id=68467, stack(0x0000700002897000,0x0000700002997000)]
  0x00007fe7870d8800 JavaThread "bdv-panel-1-thread-3" daemon [_thread_blocked, id=70403, stack(0x0000700002794000,0x0000700002894000)]
  0x00007fe7870d8000 JavaThread "bdv-panel-1-thread-2" daemon [_thread_blocked, id=70915, stack(0x0000700002691000,0x0000700002791000)]
  0x00007fe7870d7000 JavaThread "bdv-panel-1-thread-1" daemon [_thread_blocked, id=61487, stack(0x000070000258e000,0x000070000268e000)]
  0x00007fe785096800 JavaThread "PainterThread" daemon [_thread_blocked, id=71971, stack(0x000070000248b000,0x000070000258b000)]
  0x00007fe784ff7000 JavaThread "TimerQueue" daemon [_thread_blocked, id=60711, stack(0x0000700002388000,0x0000700002488000)]
  0x00007fe78430b000 JavaThread "Java2D Disposer" daemon [_thread_blocked, id=77583, stack(0x0000700001ffc000,0x00007000020fc000)]
  0x00007fe784d50800 JavaThread "Java2D Queue Flusher" daemon [_thread_blocked, id=78867, stack(0x0000700001ef9000,0x0000700001ff9000)]
  0x00007fe782894800 JavaThread "AWT-EventQueue-0" [_thread_blocked, id=82443, stack(0x0000700001cf3000,0x0000700001df3000)]
  0x00007fe782594000 JavaThread "AWT-Shutdown" [_thread_blocked, id=37675, stack(0x00007000019e4000,0x0000700001ae4000)]
=>0x00007fe78287c800 JavaThread "AppKit Thread" daemon [_thread_in_native, id=775, stack(0x00007ffee51e3000,0x00007ffee59e3000)]
  0x00007fe782564800 JavaThread "Timer-0" daemon [_thread_blocked, id=14595, stack(0x00007000018e1000,0x00007000019e1000)]
  0x00007fe780e6f000 JavaThread "Attach Listener" daemon [_thread_blocked, id=14339, stack(0x00007000017de000,0x00007000018de000)]
  0x00007fe781333800 JavaThread "Service Thread" daemon [_thread_blocked, id=13315, stack(0x00007000015d8000,0x00007000016d8000)]
  0x00007fe780b4a000 JavaThread "C1 CompilerThread2" daemon [_thread_blocked, id=12803, stack(0x00007000014d5000,0x00007000015d5000)]
  0x00007fe7819c9800 JavaThread "C2 CompilerThread1" daemon [_thread_blocked, id=16643, stack(0x00007000013d2000,0x00007000014d2000)]
  0x00007fe7819c9000 JavaThread "C2 CompilerThread0" daemon [_thread_blocked, id=12547, stack(0x00007000012cf000,0x00007000013cf000)]
  0x00007fe780b4b800 JavaThread "Monitor Ctrl-Break" daemon [_thread_in_native, id=17411, stack(0x00007000011cc000,0x00007000012cc000)]
  0x00007fe78200b000 JavaThread "Signal Dispatcher" daemon [_thread_blocked, id=17667, stack(0x00007000010c9000,0x00007000011c9000)]
  0x00007fe782009800 JavaThread "Finalizer" daemon [_thread_blocked, id=19971, stack(0x0000700000fc6000,0x00007000010c6000)]
  0x00007fe78181f800 JavaThread "Reference Handler" daemon [_thread_blocked, id=20483, stack(0x0000700000ec3000,0x0000700000fc3000)]

Other Threads:
  0x00007fe780808800 VMThread [stack: 0x0000700000dc0000,0x0000700000ec0000] [id=11523]
  0x00007fe78138f000 WatcherThread [stack: 0x00007000016db000,0x00007000017db000] [id=13827]

VM state:not at safepoint (normal execution)

VM Mutex/Monitor currently owned by a thread: None

Heap:
 PSYoungGen      total 352768K, used 247008K [0x000000076ab00000, 0x0000000782780000, 0x00000007c0000000)
  eden space 327168K, 67% used [0x000000076ab00000,0x00000007783a9918,0x000000077ea80000)
  from space 25600K, 98% used [0x0000000780e80000,0x000000078270e768,0x0000000782780000)
  to   space 30208K, 0% used [0x000000077ec80000,0x000000077ec80000,0x0000000780a00000)
 ParOldGen       total 136192K, used 35815K [0x00000006c0000000, 0x00000006c8500000, 0x000000076ab00000)
  object space 136192K, 26% used [0x00000006c0000000,0x00000006c22f9f08,0x00000006c8500000)
 Metaspace       used 46239K, capacity 47297K, committed 47448K, reserved 1089536K
  class space    used 7490K, capacity 7741K, committed 7808K, reserved 1048576K

Card table byte_map: [0x000000010beab000,0x000000010c6ac000] byte_map_base: 0x00000001088ab000

Marking Bits: (ParMarkBitMap*) 0x000000010ab496c0
 Begin Bits: [0x000000011f03d000, 0x000000012303d000)
 End Bits:   [0x000000012303d000, 0x000000012703d000)

Polling page: 0x000000010ba44000

CodeCache: size=245760Kb used=18239Kb max_used=18243Kb free=227520Kb
 bounds [0x000000011003d000, 0x000000011122d000, 0x000000011f03d000]
 total_blobs=6474 nmethods=5769 adapters=615
 compilation: enabled

Compilation events (10 events):
Event: 119.864 Thread 0x00007fe7819c9800 7226       4       sun.java2d.SunGraphics2D::setClip (17 bytes)
Event: 119.890 Thread 0x00007fe7819c9800 nmethod 7226 0x00000001112278d0 code [0x0000000111227bc0, 0x0000000111228f90]
Event: 119.939 Thread 0x00007fe7819c9000 7227       4       sun.lwawt.macosx.NSEvent::<init> (68 bytes)
Event: 119.940 Thread 0x00007fe7819c9000 nmethod 7227 0x0000000111007750 code [0x00000001110078a0, 0x0000000111007938]
Event: 119.966 Thread 0x00007fe7819c9800 7228       4       sun.awt.SunToolkit::getSystemEventQueueImpl (4 bytes)
Event: 119.967 Thread 0x00007fe7819c9800 nmethod 7228 0x000000011121af90 code [0x000000011121b100, 0x000000011121b228]
Event: 119.979 Thread 0x00007fe7819c9000 7229       4       sun.java2d.pipe.Region::getIntersectionXYXY (108 bytes)
Event: 119.982 Thread 0x00007fe7819c9000 nmethod 7229 0x000000011121aa90 code [0x000000011121ac00, 0x000000011121adf8]
Event: 120.694 Thread 0x00007fe780b4a000 7230       3       sun.lwawt.LWWindowPeer::updateSecurityWarningVisibility (90 bytes)
Event: 120.695 Thread 0x00007fe780b4a000 nmethod 7230 0x0000000111225c10 code [0x0000000111225e60, 0x0000000111227258]

GC Heap History (10 events):
Event: 3.599 GC heap before
{Heap before GC invocations=6 (full 1):
 PSYoungGen      total 141824K, used 131072K [0x000000076ab00000, 0x0000000774000000, 0x00000007c0000000)
  eden space 131072K, 100% used [0x000000076ab00000,0x0000000772b00000,0x0000000772b00000)
  from space 10752K, 0% used [0x0000000773580000,0x0000000773580000,0x0000000774000000)
  to   space 10752K, 0% used [0x0000000772b00000,0x0000000772b00000,0x0000000773580000)
 ParOldGen       total 99328K, used 12751K [0x00000006c0000000, 0x00000006c6100000, 0x000000076ab00000)
  object space 99328K, 12% used [0x00000006c0000000,0x00000006c0c73dd0,0x00000006c6100000)
 Metaspace       used 21271K, capacity 21463K, committed 21504K, reserved 1067008K
  class space    used 4022K, capacity 4090K, committed 4096K, reserved 1048576K
Event: 3.615 GC heap after
Heap after GC invocations=6 (full 1):
 PSYoungGen      total 141824K, used 9275K [0x000000076ab00000, 0x000000077a580000, 0x00000007c0000000)
  eden space 131072K, 0% used [0x000000076ab00000,0x000000076ab00000,0x0000000772b00000)
  from space 10752K, 86% used [0x0000000772b00000,0x000000077340ef18,0x0000000773580000)
  to   space 15872K, 0% used [0x0000000779600000,0x0000000779600000,0x000000077a580000)
 ParOldGen       total 99328K, used 12759K [0x00000006c0000000, 0x00000006c6100000, 0x000000076ab00000)
  object space 99328K, 12% used [0x00000006c0000000,0x00000006c0c75dd0,0x00000006c6100000)
 Metaspace       used 21271K, capacity 21463K, committed 21504K, reserved 1067008K
  class space    used 4022K, capacity 4090K, committed 4096K, reserved 1048576K
}
Event: 5.965 GC heap before
{Heap before GC invocations=7 (full 1):
 PSYoungGen      total 141824K, used 122974K [0x000000076ab00000, 0x000000077a580000, 0x00000007c0000000)
  eden space 131072K, 86% used [0x000000076ab00000,0x0000000771a08a18,0x0000000772b00000)
  from space 10752K, 86% used [0x0000000772b00000,0x000000077340ef18,0x0000000773580000)
  to   space 15872K, 0% used [0x0000000779600000,0x0000000779600000,0x000000077a580000)
 ParOldGen       total 99328K, used 12759K [0x00000006c0000000, 0x00000006c6100000, 0x000000076ab00000)
  object space 99328K, 12% used [0x00000006c0000000,0x00000006c0c75dd0,0x00000006c6100000)
 Metaspace       used 34682K, capacity 35355K, committed 35416K, reserved 1079296K
  class space    used 5847K, capacity 6013K, committed 6016K, reserved 1048576K
Event: 5.977 GC heap after
Heap after GC invocations=7 (full 1):
 PSYoungGen      total 231424K, used 13530K [0x000000076ab00000, 0x000000077a380000, 0x00000007c0000000)
  eden space 217600K, 0% used [0x000000076ab00000,0x000000076ab00000,0x0000000777f80000)
  from space 13824K, 97% used [0x0000000779600000,0x000000077a336ae0,0x000000077a380000)
  to   space 16384K, 0% used [0x0000000778380000,0x0000000778380000,0x0000000779380000)
 ParOldGen       total 99328K, used 12767K [0x00000006c0000000, 0x00000006c6100000, 0x000000076ab00000)
  object space 99328K, 12% used [0x00000006c0000000,0x00000006c0c77dd0,0x00000006c6100000)
 Metaspace       used 34682K, capacity 35355K, committed 35416K, reserved 1079296K
  class space    used 5847K, capacity 6013K, committed 6016K, reserved 1048576K
}
Event: 5.977 GC heap before
{Heap before GC invocations=8 (full 2):
 PSYoungGen      total 231424K, used 13530K [0x000000076ab00000, 0x000000077a380000, 0x00000007c0000000)
  eden space 217600K, 0% used [0x000000076ab00000,0x000000076ab00000,0x0000000777f80000)
  from space 13824K, 97% used [0x0000000779600000,0x000000077a336ae0,0x000000077a380000)
  to   space 16384K, 0% used [0x0000000778380000,0x0000000778380000,0x0000000779380000)
 ParOldGen       total 99328K, used 12767K [0x00000006c0000000, 0x00000006c6100000, 0x000000076ab00000)
  object space 99328K, 12% used [0x00000006c0000000,0x00000006c0c77dd0,0x00000006c6100000)
 Metaspace       used 34682K, capacity 35355K, committed 35416K, reserved 1079296K
  class space    used 5847K, capacity 6013K, committed 6016K, reserved 1048576K
Event: 6.061 GC heap after
Heap after GC invocations=8 (full 2):
 PSYoungGen      total 231424K, used 0K [0x000000076ab00000, 0x000000077a380000, 0x00000007c0000000)
  eden space 217600K, 0% used [0x000000076ab00000,0x000000076ab00000,0x0000000777f80000)
  from space 13824K, 0% used [0x0000000779600000,0x0000000779600000,0x000000077a380000)
  to   space 16384K, 0% used [0x0000000778380000,0x0000000778380000,0x0000000779380000)
 ParOldGen       total 136192K, used 17269K [0x00000006c0000000, 0x00000006c8500000, 0x000000076ab00000)
  object space 136192K, 12% used [0x00000006c0000000,0x00000006c10dd630,0x00000006c8500000)
 Metaspace       used 34682K, capacity 35355K, committed 35416K, reserved 1079296K
  class space    used 5847K, capacity 6013K, committed 6016K, reserved 1048576K
}
Event: 55.517 GC heap before
{Heap before GC invocations=9 (full 2):
 PSYoungGen      total 231424K, used 217600K [0x000000076ab00000, 0x000000077a380000, 0x00000007c0000000)
  eden space 217600K, 100% used [0x000000076ab00000,0x0000000777f80000,0x0000000777f80000)
  from space 13824K, 0% used [0x0000000779600000,0x0000000779600000,0x000000077a380000)
  to   space 16384K, 0% used [0x0000000778380000,0x0000000778380000,0x0000000779380000)
 ParOldGen       total 136192K, used 17269K [0x00000006c0000000, 0x00000006c8500000, 0x000000076ab00000)
  object space 136192K, 12% used [0x00000006c0000000,0x00000006c10dd630,0x00000006c8500000)
 Metaspace       used 45437K, capacity 46469K, committed 46808K, reserved 1089536K
  class space    used 7372K, capacity 7587K, committed 7680K, reserved 1048576K
Event: 55.539 GC heap after
Heap after GC invocations=9 (full 2):
 PSYoungGen      total 238080K, used 16372K [0x000000076ab00000, 0x0000000782980000, 0x00000007c0000000)
  eden space 221696K, 0% used [0x000000076ab00000,0x000000076ab00000,0x0000000778380000)
  from space 16384K, 99% used [0x0000000778380000,0x000000077937d108,0x0000000779380000)
  to   space 27648K, 0% used [0x0000000780e80000,0x0000000780e80000,0x0000000782980000)
 ParOldGen       total 136192K, used 35815K [0x00000006c0000000, 0x00000006c8500000, 0x000000076ab00000)
  object space 136192K, 26% used [0x00000006c0000000,0x00000006c22f9f08,0x00000006c8500000)
 Metaspace       used 45437K, capacity 46469K, committed 46808K, reserved 1089536K
  class space    used 7372K, capacity 7587K, committed 7680K, reserved 1048576K
}
Event: 85.783 GC heap before
{Heap before GC invocations=10 (full 2):
 PSYoungGen      total 238080K, used 238068K [0x000000076ab00000, 0x0000000782980000, 0x00000007c0000000)
  eden space 221696K, 100% used [0x000000076ab00000,0x0000000778380000,0x0000000778380000)
  from space 16384K, 99% used [0x0000000778380000,0x000000077937d108,0x0000000779380000)
  to   space 27648K, 0% used [0x0000000780e80000,0x0000000780e80000,0x0000000782980000)
 ParOldGen       total 136192K, used 35815K [0x00000006c0000000, 0x00000006c8500000, 0x000000076ab00000)
  object space 136192K, 26% used [0x00000006c0000000,0x00000006c22f9f08,0x00000006c8500000)
 Metaspace       used 46042K, capacity 47161K, committed 47448K, reserved 1089536K
  class space    used 7487K, capacity 7739K, committed 7808K, reserved 1048576K
Event: 85.797 GC heap after
Heap after GC invocations=10 (full 2):
 PSYoungGen      total 352768K, used 25145K [0x000000076ab00000, 0x0000000782780000, 0x00000007c0000000)
  eden space 327168K, 0% used [0x000000076ab00000,0x000000076ab00000,0x000000077ea80000)
  from space 25600K, 98% used [0x0000000780e80000,0x000000078270e768,0x0000000782780000)
  to   space 30208K, 0% used [0x000000077ec80000,0x000000077ec80000,0x0000000780a00000)
 ParOldGen       total 136192K, used 35815K [0x00000006c0000000, 0x00000006c8500000, 0x000000076ab00000)
  object space 136192K, 26% used [0x00000006c0000000,0x00000006c22f9f08,0x00000006c8500000)
 Metaspace       used 46042K, capacity 47161K, committed 47448K, reserved 1089536K
  class space    used 7487K, capacity 7739K, committed 7808K, reserved 1048576K
}

Deoptimization events (10 events):
Event: 109.420 Thread 0x00007fe782894800 Uncommon trap: reason=class_check action=maybe_recompile pc=0x0000000110537bcc method=java.lang.AbstractStringBuilder.append(Ljava/lang/CharSequence;)Ljava/lang/AbstractStringBuilder; @ 10
Event: 109.446 Thread 0x00007fe782894800 Uncommon trap: reason=unstable_if action=reinterpret pc=0x0000000110b52ca8 method=sun.java2d.pipe.Region.isInsideQuickCheck(Lsun/java2d/pipe/Region;)Z @ 48
Event: 109.446 Thread 0x00007fe782894800 Uncommon trap: reason=unstable_if action=reinterpret pc=0x0000000110f9c5e4 method=sun.java2d.pipe.Region.isInsideQuickCheck(Lsun/java2d/pipe/Region;)Z @ 48
Event: 109.478 Thread 0x00007fe782894800 Uncommon trap: reason=null_check action=make_not_entrant pc=0x0000000110c8c454 method=sun.font.Font2D.getStrike(Lsun/font/FontStrikeDesc;Z)Lsun/font/FontStrike; @ 36
Event: 110.699 Thread 0x00007fe782894800 Uncommon trap: reason=unstable_if action=reinterpret pc=0x0000000110907ef8 method=sun.java2d.loops.RenderCache.get(Lsun/java2d/loops/SurfaceType;Lsun/java2d/loops/CompositeType;Lsun/java2d/loops/SurfaceType;)Ljava/lang/Object; @ 52
Event: 111.303 Thread 0x00007fe782894800 Uncommon trap: reason=unstable_if action=reinterpret pc=0x000000011102e424 method=javax.swing.table.DefaultTableCellRenderer.firePropertyChange(Ljava/lang/String;Ljava/lang/Object;Ljava/lang/Object;)V @ 32
Event: 115.621 Thread 0x00007fe782894800 Uncommon trap: reason=unstable_if action=reinterpret pc=0x0000000110e87238 method=sun.java2d.SunGraphics2D.hitClip(IIII)Z @ 6
Event: 115.789 Thread 0x00007fe782894800 Uncommon trap: reason=unstable_if action=reinterpret pc=0x0000000110ffc170 method=sun.java2d.pipe.RenderQueue.ensureCapacity(I)V @ 8
Event: 115.868 Thread 0x00007fe782894800 Uncommon trap: reason=unstable_if action=reinterpret pc=0x000000011111b1e8 method=sun.java2d.pipe.BufferedTextPipe.enqueueGlyphList(Lsun/java2d/SunGraphics2D;Lsun/font/GlyphList;)V @ 99
Event: 117.183 Thread 0x00007fe782894800 Uncommon trap: reason=unstable_if action=reinterpret pc=0x0000000110c1c24c method=java.awt.Rectangle.inside(II)Z @ 35

Classes redefined (0 events):
No events

Internal exceptions (10 events):
Event: 6.232 Thread 0x00007fe781007800 Exception <a 'java/security/PrivilegedActionException'> (0x000000076be04840) thrown at [/Users/java_re/workspace/8-2-build-macosx-x86_64/jdk8u161/10277/hotspot/src/share/vm/prims/jvm.cpp, line 1390]
Event: 6.232 Thread 0x00007fe781007800 Exception <a 'java/security/PrivilegedActionException'> (0x000000076be04c38) thrown at [/Users/java_re/workspace/8-2-build-macosx-x86_64/jdk8u161/10277/hotspot/src/share/vm/prims/jvm.cpp, line 1390]
Event: 6.232 Thread 0x00007fe781007800 Exception <a 'java/security/PrivilegedActionException'> (0x000000076be060a8) thrown at [/Users/java_re/workspace/8-2-build-macosx-x86_64/jdk8u161/10277/hotspot/src/share/vm/prims/jvm.cpp, line 1390]
Event: 6.232 Thread 0x00007fe781007800 Exception <a 'java/security/PrivilegedActionException'> (0x000000076be064a0) thrown at [/Users/java_re/workspace/8-2-build-macosx-x86_64/jdk8u161/10277/hotspot/src/share/vm/prims/jvm.cpp, line 1390]
Event: 6.440 Thread 0x00007fe781c63800 Implicit null exception at 0x0000000110258975 to 0x0000000110258bc1
Event: 7.348 Thread 0x00007fe781007800 Exception <a 'java/lang/NullPointerException'> (0x000000077131e1d8) thrown at [/Users/java_re/workspace/8-2-build-macosx-x86_64/jdk8u161/10277/hotspot/src/share/vm/prims/jni.cpp, line 735]
Event: 7.483 Thread 0x00007fe781007800 Implicit null exception at 0x000000011093b9d7 to 0x000000011093ba6e
Event: 7.882 Thread 0x00007fe782894800 Implicit null exception at 0x0000000110ab15f6 to 0x0000000110ab2961
Event: 57.403 Thread 0x00007fe782894800 Implicit null exception at 0x0000000110f1f97a to 0x0000000110f21075
Event: 109.478 Thread 0x00007fe782894800 Implicit null exception at 0x0000000110c8ae57 to 0x0000000110c8c43d

Events (10 events):
Event: 115.717 Executing VM operation: RevokeBias done
Event: 115.789 Thread 0x00007fe782894800 Uncommon trap: trap_request=0xffffff65 fr.pc=0x0000000110ffc170
Event: 115.789 Thread 0x00007fe782894800 DEOPT PACKING pc=0x0000000110ffc170 sp=0x0000700001def220
Event: 115.789 Thread 0x00007fe782894800 DEOPT UNPACKING pc=0x000000011008273a sp=0x0000700001def0f0 mode 2
Event: 115.868 Thread 0x00007fe782894800 Uncommon trap: trap_request=0xffffff65 fr.pc=0x000000011111b1e8
Event: 115.868 Thread 0x00007fe782894800 DEOPT PACKING pc=0x000000011111b1e8 sp=0x0000700001def040
Event: 115.868 Thread 0x00007fe782894800 DEOPT UNPACKING pc=0x000000011008273a sp=0x0000700001deef88 mode 2
Event: 117.183 Thread 0x00007fe782894800 Uncommon trap: trap_request=0xffffff65 fr.pc=0x0000000110c1c24c
Event: 117.183 Thread 0x00007fe782894800 DEOPT PACKING pc=0x0000000110c1c24c sp=0x0000700001df0830
Event: 117.183 Thread 0x00007fe782894800 DEOPT UNPACKING pc=0x000000011008273a sp=0x0000700001df07c8 mode 2


Dynamic libraries:
0x0000000026378000 	/System/Library/Frameworks/Cocoa.framework/Versions/A/Cocoa
0x0000000026378000 	/System/Library/Frameworks/Security.framework/Versions/A/Security
0x0000000026378000 	/System/Library/Frameworks/ApplicationServices.framework/Versions/A/ApplicationServices
0x0000000026378000 	/usr/lib/libz.1.dylib
0x0000000026378000 	/usr/lib/libSystem.B.dylib
0x0000000026378000 	/usr/lib/libobjc.A.dylib
0x0000000026378000 	/System/Library/Frameworks/CoreFoundation.framework/Versions/A/CoreFoundation
0x0000000026378000 	/System/Library/Frameworks/Foundation.framework/Versions/C/Foundation
0x0000000026378000 	/System/Library/Frameworks/AppKit.framework/Versions/C/AppKit
0x0000000026378000 	/System/Library/Frameworks/CoreData.framework/Versions/A/CoreData
0x0000000026378000 	/System/Library/PrivateFrameworks/RemoteViewServices.framework/Versions/A/RemoteViewServices
0x0000000026378000 	/System/Library/PrivateFrameworks/UIFoundation.framework/Versions/A/UIFoundation
0x0000000026378000 	/System/Library/PrivateFrameworks/XCTTargetBootstrap.framework/Versions/A/XCTTargetBootstrap
0x0000000026378000 	/System/Library/PrivateFrameworks/IconServices.framework/Versions/A/IconServices
0x0000000026378000 	/System/Library/Frameworks/Metal.framework/Versions/A/Metal
0x0000000026378000 	/System/Library/PrivateFrameworks/DesktopServicesPriv.framework/Versions/A/DesktopServicesPriv
0x0000000026378000 	/usr/lib/libenergytrace.dylib
0x0000000026378000 	/System/Library/PrivateFrameworks/SkyLight.framework/Versions/A/SkyLight
0x0000000026378000 	/System/Library/Frameworks/CoreGraphics.framework/Versions/A/CoreGraphics
0x0000000026378000 	/System/Library/Frameworks/Accelerate.framework/Versions/A/Accelerate
0x0000000026378000 	/System/Library/Frameworks/IOSurface.framework/Versions/A/IOSurface
0x0000000026378000 	/System/Library/PrivateFrameworks/DFRFoundation.framework/Versions/A/DFRFoundation
0x0000000026378000 	/System/Library/Frameworks/AudioToolbox.framework/Versions/A/AudioToolbox
0x0000000026378000 	/System/Library/Frameworks/AudioUnit.framework/Versions/A/AudioUnit
0x0000000026378000 	/System/Library/PrivateFrameworks/DataDetectorsCore.framework/Versions/A/DataDetectorsCore
0x0000000026378000 	/System/Library/Frameworks/Carbon.framework/Versions/A/Frameworks/HIToolbox.framework/Versions/A/HIToolbox
0x0000000026378000 	/usr/lib/libicucore.A.dylib
0x0000000026378000 	/System/Library/Frameworks/QuartzCore.framework/Versions/A/QuartzCore
0x0000000026378000 	/System/Library/Frameworks/Carbon.framework/Versions/A/Frameworks/SpeechRecognition.framework/Versions/A/SpeechRecognition
0x0000000026378000 	/usr/lib/libauto.dylib
0x0000000026378000 	/usr/lib/libxml2.2.dylib
0x0000000026378000 	/System/Library/PrivateFrameworks/CoreUI.framework/Versions/A/CoreUI
0x0000000026378000 	/System/Library/Frameworks/CoreAudio.framework/Versions/A/CoreAudio
0x0000000026378000 	/System/Library/Frameworks/DiskArbitration.framework/Versions/A/DiskArbitration
0x0000000026378000 	/usr/lib/liblangid.dylib
0x0000000026378000 	/System/Library/PrivateFrameworks/MultitouchSupport.framework/Versions/A/MultitouchSupport
0x0000000026378000 	/System/Library/Frameworks/IOKit.framework/Versions/A/IOKit
0x0000000026378000 	/usr/lib/libDiagnosticMessagesClient.dylib
0x0000000026378000 	/System/Library/Frameworks/CoreServices.framework/Versions/A/CoreServices
0x0000000026378000 	/System/Library/PrivateFrameworks/PerformanceAnalysis.framework/Versions/A/PerformanceAnalysis
0x0000000026378000 	/System/Library/Frameworks/OpenGL.framework/Versions/A/OpenGL
0x0000000026378000 	/System/Library/Frameworks/ColorSync.framework/Versions/A/ColorSync
0x0000000026378000 	/System/Library/Frameworks/CoreImage.framework/Versions/A/CoreImage
0x0000000026378000 	/System/Library/Frameworks/CoreText.framework/Versions/A/CoreText
0x0000000026378000 	/System/Library/Frameworks/ImageIO.framework/Versions/A/ImageIO
0x0000000026378000 	/System/Library/PrivateFrameworks/Backup.framework/Versions/A/Backup
0x0000000026378000 	/usr/lib/libarchive.2.dylib
0x0000000026378000 	/System/Library/Frameworks/CFNetwork.framework/Versions/A/CFNetwork
0x0000000026378000 	/System/Library/Frameworks/SystemConfiguration.framework/Versions/A/SystemConfiguration
0x0000000026378000 	/usr/lib/libCRFSuite.dylib
0x0000000026378000 	/usr/lib/libc++.1.dylib
0x0000000026378000 	/usr/lib/libc++abi.dylib
0x0000000026378000 	/usr/lib/system/libcache.dylib
0x0000000026378000 	/usr/lib/system/libcommonCrypto.dylib
0x0000000026378000 	/usr/lib/system/libcompiler_rt.dylib
0x0000000026378000 	/usr/lib/system/libcopyfile.dylib
0x0000000026378000 	/usr/lib/system/libcorecrypto.dylib
0x0000000026378000 	/usr/lib/system/libdispatch.dylib
0x0000000026378000 	/usr/lib/system/libdyld.dylib
0x0000000026378000 	/usr/lib/system/libkeymgr.dylib
0x0000000026378000 	/usr/lib/system/liblaunch.dylib
0x0000000026378000 	/usr/lib/system/libmacho.dylib
0x0000000026378000 	/usr/lib/system/libquarantine.dylib
0x0000000026378000 	/usr/lib/system/libremovefile.dylib
0x0000000026378000 	/usr/lib/system/libsystem_asl.dylib
0x0000000026378000 	/usr/lib/system/libsystem_blocks.dylib
0x0000000026378000 	/usr/lib/system/libsystem_c.dylib
0x0000000026378000 	/usr/lib/system/libsystem_configuration.dylib
0x0000000026378000 	/usr/lib/system/libsystem_coreservices.dylib
0x0000000026378000 	/usr/lib/system/libsystem_darwin.dylib
0x0000000026378000 	/usr/lib/system/libsystem_dnssd.dylib
0x0000000026378000 	/usr/lib/system/libsystem_info.dylib
0x0000000026378000 	/usr/lib/system/libsystem_m.dylib
0x0000000026378000 	/usr/lib/system/libsystem_malloc.dylib
0x0000000026378000 	/usr/lib/system/libsystem_networkextension.dylib
0x0000000026378000 	/usr/lib/system/libsystem_notify.dylib
0x0000000026378000 	/usr/lib/system/libsystem_sandbox.dylib
0x0000000026378000 	/usr/lib/system/libsystem_secinit.dylib
0x0000000026378000 	/usr/lib/system/libsystem_kernel.dylib
0x0000000026378000 	/usr/lib/system/libsystem_platform.dylib
0x0000000026378000 	/usr/lib/system/libsystem_pthread.dylib
0x0000000026378000 	/usr/lib/system/libsystem_symptoms.dylib
0x0000000026378000 	/usr/lib/system/libsystem_trace.dylib
0x0000000026378000 	/usr/lib/system/libunwind.dylib
0x0000000026378000 	/usr/lib/system/libxpc.dylib
0x0000000026378000 	/usr/lib/libbsm.0.dylib
0x0000000026378000 	/usr/lib/system/libkxld.dylib
0x0000000026378000 	/System/Library/PrivateFrameworks/AppleFSCompression.framework/Versions/A/AppleFSCompression
0x0000000026378000 	/usr/lib/libOpenScriptingUtil.dylib
0x0000000026378000 	/usr/lib/libcoretls.dylib
0x0000000026378000 	/usr/lib/libcoretls_cfhelpers.dylib
0x0000000026378000 	/usr/lib/libpam.2.dylib
0x0000000026378000 	/usr/lib/libsqlite3.dylib
0x0000000026378000 	/usr/lib/libxar.1.dylib
0x0000000026378000 	/usr/lib/libbz2.1.0.dylib
0x0000000026378000 	/usr/lib/liblzma.5.dylib
0x0000000026378000 	/usr/lib/libnetwork.dylib
0x0000000026378000 	/usr/lib/libapple_nghttp2.dylib
0x0000000026378000 	/usr/lib/libpcap.A.dylib
0x0000000026378000 	/System/Library/Frameworks/CoreServices.framework/Versions/A/Frameworks/FSEvents.framework/Versions/A/FSEvents
0x0000000026378000 	/System/Library/Frameworks/CoreServices.framework/Versions/A/Frameworks/CarbonCore.framework/Versions/A/CarbonCore
0x0000000026378000 	/System/Library/Frameworks/CoreServices.framework/Versions/A/Frameworks/Metadata.framework/Versions/A/Metadata
0x0000000026378000 	/System/Library/Frameworks/CoreServices.framework/Versions/A/Frameworks/OSServices.framework/Versions/A/OSServices
0x0000000026378000 	/System/Library/Frameworks/CoreServices.framework/Versions/A/Frameworks/SearchKit.framework/Versions/A/SearchKit
0x0000000026378000 	/System/Library/Frameworks/CoreServices.framework/Versions/A/Frameworks/AE.framework/Versions/A/AE
0x0000000026378000 	/System/Library/Frameworks/CoreServices.framework/Versions/A/Frameworks/LaunchServices.framework/Versions/A/LaunchServices
0x0000000026378000 	/System/Library/Frameworks/CoreServices.framework/Versions/A/Frameworks/DictionaryServices.framework/Versions/A/DictionaryServices
0x0000000026378000 	/System/Library/Frameworks/CoreServices.framework/Versions/A/Frameworks/SharedFileList.framework/Versions/A/SharedFileList
0x0000000026378000 	/System/Library/Frameworks/NetFS.framework/Versions/A/NetFS
0x0000000026378000 	/System/Library/PrivateFrameworks/NetAuth.framework/Versions/A/NetAuth
0x0000000026378000 	/System/Library/PrivateFrameworks/login.framework/Versions/A/Frameworks/loginsupport.framework/Versions/A/loginsupport
0x0000000026378000 	/System/Library/PrivateFrameworks/TCC.framework/Versions/A/TCC
0x0000000026378000 	/System/Library/PrivateFrameworks/CoreNLP.framework/Versions/A/CoreNLP
0x0000000026378000 	/System/Library/PrivateFrameworks/MetadataUtilities.framework/Versions/A/MetadataUtilities
0x0000000026378000 	/usr/lib/libmecabra.dylib
0x0000000026378000 	/System/Library/Frameworks/ApplicationServices.framework/Versions/A/Frameworks/ATS.framework/Versions/A/ATS
0x0000000026378000 	/System/Library/Frameworks/ApplicationServices.framework/Versions/A/Frameworks/ColorSyncLegacy.framework/Versions/A/ColorSyncLegacy
0x0000000026378000 	/System/Library/Frameworks/ApplicationServices.framework/Versions/A/Frameworks/HIServices.framework/Versions/A/HIServices
0x0000000026378000 	/System/Library/Frameworks/ApplicationServices.framework/Versions/A/Frameworks/LangAnalysis.framework/Versions/A/LangAnalysis
0x0000000026378000 	/System/Library/Frameworks/ApplicationServices.framework/Versions/A/Frameworks/PrintCore.framework/Versions/A/PrintCore
0x0000000026378000 	/System/Library/Frameworks/ApplicationServices.framework/Versions/A/Frameworks/QD.framework/Versions/A/QD
0x0000000026378000 	/System/Library/Frameworks/ApplicationServices.framework/Versions/A/Frameworks/SpeechSynthesis.framework/Versions/A/SpeechSynthesis
0x0000000026378000 	/usr/lib/libcompression.dylib
0x0000000026378000 	/System/Library/Frameworks/CoreDisplay.framework/Versions/A/CoreDisplay
0x0000000026378000 	/System/Library/Frameworks/MetalPerformanceShaders.framework/Versions/A/MetalPerformanceShaders
0x0000000026378000 	/System/Library/Frameworks/Accelerate.framework/Versions/A/Frameworks/vImage.framework/Versions/A/vImage
0x0000000026378000 	/System/Library/Frameworks/Accelerate.framework/Versions/A/Frameworks/vecLib.framework/Versions/A/vecLib
0x0000000026378000 	/System/Library/Frameworks/Accelerate.framework/Versions/A/Frameworks/vecLib.framework/Versions/A/libvMisc.dylib
0x0000000026378000 	/System/Library/Frameworks/Accelerate.framework/Versions/A/Frameworks/vecLib.framework/Versions/A/libvDSP.dylib
0x0000000026378000 	/System/Library/Frameworks/Accelerate.framework/Versions/A/Frameworks/vecLib.framework/Versions/A/libBLAS.dylib
0x0000000026378000 	/System/Library/Frameworks/Accelerate.framework/Versions/A/Frameworks/vecLib.framework/Versions/A/libLAPACK.dylib
0x0000000026378000 	/System/Library/Frameworks/Accelerate.framework/Versions/A/Frameworks/vecLib.framework/Versions/A/libLinearAlgebra.dylib
0x0000000026378000 	/System/Library/Frameworks/Accelerate.framework/Versions/A/Frameworks/vecLib.framework/Versions/A/libSparseBLAS.dylib
0x0000000026378000 	/System/Library/Frameworks/Accelerate.framework/Versions/A/Frameworks/vecLib.framework/Versions/A/libQuadrature.dylib
0x0000000026378000 	/System/Library/Frameworks/Accelerate.framework/Versions/A/Frameworks/vecLib.framework/Versions/A/libBNNS.dylib
0x0000000026378000 	/System/Library/Frameworks/Accelerate.framework/Versions/A/Frameworks/vecLib.framework/Versions/A/libSparse.dylib
0x0000000026378000 	/System/Library/PrivateFrameworks/GPUWrangler.framework/Versions/A/GPUWrangler
0x0000000026378000 	/System/Library/PrivateFrameworks/IOAccelerator.framework/Versions/A/IOAccelerator
0x0000000026378000 	/System/Library/PrivateFrameworks/IOPresentment.framework/Versions/A/IOPresentment
0x0000000026378000 	/System/Library/PrivateFrameworks/DSExternalDisplay.framework/Versions/A/DSExternalDisplay
0x0000000026378000 	/System/Library/Frameworks/OpenGL.framework/Versions/A/Libraries/libCoreFSCache.dylib
0x0000000026378000 	/System/Library/Frameworks/MetalPerformanceShaders.framework/Frameworks/MPSCore.framework/Versions/A/MPSCore
0x0000000026378000 	/System/Library/Frameworks/MetalPerformanceShaders.framework/Frameworks/MPSImage.framework/Versions/A/MPSImage
0x0000000026378000 	/System/Library/Frameworks/MetalPerformanceShaders.framework/Frameworks/MPSNeuralNetwork.framework/Versions/A/MPSNeuralNetwork
0x0000000026378000 	/System/Library/Frameworks/MetalPerformanceShaders.framework/Frameworks/MPSMatrix.framework/Versions/A/MPSMatrix
0x0000000026378000 	/System/Library/Frameworks/MetalPerformanceShaders.framework/Frameworks/MPSRayIntersector.framework/Versions/A/MPSRayIntersector
0x0000000026378000 	/System/Library/PrivateFrameworks/MetalTools.framework/Versions/A/MetalTools
0x0000000026378000 	/System/Library/PrivateFrameworks/AggregateDictionary.framework/Versions/A/AggregateDictionary
0x0000000026378000 	/usr/lib/libMobileGestalt.dylib
0x0000000026378000 	/System/Library/Frameworks/CoreVideo.framework/Versions/A/CoreVideo
0x0000000026378000 	/System/Library/PrivateFrameworks/GraphVisualizer.framework/Versions/A/GraphVisualizer
0x0000000026378000 	/System/Library/PrivateFrameworks/FaceCore.framework/Versions/A/FaceCore
0x0000000026378000 	/System/Library/Frameworks/OpenCL.framework/Versions/A/OpenCL
0x0000000026378000 	/usr/lib/libFosl_dynamic.dylib
0x0000000026378000 	/System/Library/PrivateFrameworks/OTSVG.framework/Versions/A/OTSVG
0x0000000026378000 	/System/Library/Frameworks/ApplicationServices.framework/Versions/A/Frameworks/ATS.framework/Versions/A/Resources/libFontParser.dylib
0x0000000026378000 	/System/Library/Frameworks/ApplicationServices.framework/Versions/A/Frameworks/ATS.framework/Versions/A/Resources/libFontRegistry.dylib
0x0000000026378000 	/System/Library/Frameworks/ImageIO.framework/Versions/A/Resources/libJPEG.dylib
0x0000000026378000 	/System/Library/Frameworks/ImageIO.framework/Versions/A/Resources/libTIFF.dylib
0x0000000026378000 	/System/Library/Frameworks/ImageIO.framework/Versions/A/Resources/libPng.dylib
0x0000000026378000 	/System/Library/Frameworks/ImageIO.framework/Versions/A/Resources/libGIF.dylib
0x0000000026378000 	/System/Library/Frameworks/ImageIO.framework/Versions/A/Resources/libJP2.dylib
0x0000000026378000 	/System/Library/Frameworks/ImageIO.framework/Versions/A/Resources/libRadiance.dylib
0x0000000026378000 	/System/Library/PrivateFrameworks/AppleJPEG.framework/Versions/A/AppleJPEG
0x0000000026378000 	/System/Library/Frameworks/OpenGL.framework/Versions/A/Libraries/libGFXShared.dylib
0x0000000026378000 	/System/Library/Frameworks/OpenGL.framework/Versions/A/Libraries/libGLU.dylib
0x0000000026378000 	/System/Library/Frameworks/OpenGL.framework/Versions/A/Libraries/libGL.dylib
0x0000000026378000 	/System/Library/Frameworks/OpenGL.framework/Versions/A/Libraries/libGLImage.dylib
0x0000000026378000 	/System/Library/Frameworks/OpenGL.framework/Versions/A/Libraries/libCVMSPluginSupport.dylib
0x0000000026378000 	/System/Library/Frameworks/OpenGL.framework/Versions/A/Libraries/libCoreVMClient.dylib
0x0000000026378000 	/usr/lib/libcups.2.dylib
0x0000000026378000 	/System/Library/Frameworks/Kerberos.framework/Versions/A/Kerberos
0x0000000026378000 	/System/Library/Frameworks/GSS.framework/Versions/A/GSS
0x0000000026378000 	/usr/lib/libresolv.9.dylib
0x0000000026378000 	/usr/lib/libiconv.2.dylib
0x0000000026378000 	/System/Library/PrivateFrameworks/Heimdal.framework/Versions/A/Heimdal
0x0000000026378000 	/usr/lib/libheimdal-asn1.dylib
0x0000000026378000 	/System/Library/Frameworks/OpenDirectory.framework/Versions/A/OpenDirectory
0x0000000026378000 	/System/Library/PrivateFrameworks/CommonAuth.framework/Versions/A/CommonAuth
0x0000000026378000 	/System/Library/Frameworks/OpenDirectory.framework/Versions/A/Frameworks/CFOpenDirectory.framework/Versions/A/CFOpenDirectory
0x0000000026378000 	/System/Library/Frameworks/SecurityFoundation.framework/Versions/A/SecurityFoundation
0x0000000026378000 	/System/Library/PrivateFrameworks/APFS.framework/Versions/A/APFS
0x0000000026378000 	/usr/lib/libutil.dylib
0x0000000026378000 	/usr/lib/libcharset.1.dylib
0x0000000026378000 	/System/Library/PrivateFrameworks/AppleSauce.framework/Versions/A/AppleSauce
0x0000000026378000 	/System/Library/PrivateFrameworks/AssertionServices.framework/Versions/A/AssertionServices
0x0000000026378000 	/System/Library/PrivateFrameworks/BaseBoard.framework/Versions/A/BaseBoard
0x0000000026378000 	/usr/lib/libmecab.1.0.0.dylib
0x0000000026378000 	/usr/lib/libgermantok.dylib
0x0000000026378000 	/usr/lib/libThaiTokenizer.dylib
0x0000000026378000 	/usr/lib/libChineseTokenizer.dylib
0x0000000026378000 	/System/Library/PrivateFrameworks/LanguageModeling.framework/Versions/A/LanguageModeling
0x0000000026378000 	/System/Library/PrivateFrameworks/CoreEmoji.framework/Versions/A/CoreEmoji
0x0000000026378000 	/System/Library/PrivateFrameworks/Lexicon.framework/Versions/A/Lexicon
0x0000000026378000 	/System/Library/PrivateFrameworks/LinguisticData.framework/Versions/A/LinguisticData
0x0000000026378000 	/usr/lib/libcmph.dylib
0x0000000026378000 	/System/Library/Frameworks/ServiceManagement.framework/Versions/A/ServiceManagement
0x0000000026378000 	/System/Library/PrivateFrameworks/BackgroundTaskManagement.framework/Versions/A/BackgroundTaskManagement
0x0000000026378000 	/usr/lib/libxslt.1.dylib
0x0000000026378000 	/System/Library/Frameworks/Carbon.framework/Versions/A/Frameworks/Ink.framework/Versions/A/Ink
0x0000000026378000 	/System/Library/PrivateFrameworks/TextureIO.framework/Versions/A/TextureIO
0x0000000026378000 	/usr/lib/libate.dylib
0x0000000026378000 	/System/Library/PrivateFrameworks/CrashReporterSupport.framework/Versions/A/CrashReporterSupport
0x0000000026378000 	/System/Library/PrivateFrameworks/Sharing.framework/Versions/A/Sharing
0x0000000026378000 	/System/Library/PrivateFrameworks/AuthKit.framework/Versions/A/AuthKit
0x0000000026378000 	/System/Library/PrivateFrameworks/Apple80211.framework/Versions/A/Apple80211
0x0000000026378000 	/System/Library/PrivateFrameworks/CoreUtils.framework/Versions/A/CoreUtils
0x0000000026378000 	/System/Library/Frameworks/CoreWLAN.framework/Versions/A/CoreWLAN
0x0000000026378000 	/System/Library/Frameworks/IOBluetooth.framework/Versions/A/IOBluetooth
0x0000000026378000 	/System/Library/PrivateFrameworks/ProtocolBuffer.framework/Versions/A/ProtocolBuffer
0x0000000026378000 	/System/Library/PrivateFrameworks/MobileKeyBag.framework/Versions/A/MobileKeyBag
0x0000000026378000 	/System/Library/PrivateFrameworks/CorePhoneNumbers.framework/Versions/A/CorePhoneNumbers
0x0000000026378000 	/System/Library/PrivateFrameworks/AppleIDAuthSupport.framework/Versions/A/AppleIDAuthSupport
0x0000000026378000 	/System/Library/PrivateFrameworks/KeychainCircle.framework/Versions/A/KeychainCircle
0x0000000026378000 	/System/Library/PrivateFrameworks/ROCKit.framework/Versions/A/ROCKit
0x0000000026378000 	/System/Library/PrivateFrameworks/CoreWiFi.framework/Versions/A/CoreWiFi
0x0000000026378000 	/System/Library/Frameworks/CoreBluetooth.framework/Versions/A/CoreBluetooth
0x0000000026378000 	/System/Library/PrivateFrameworks/DebugSymbols.framework/Versions/A/DebugSymbols
0x0000000026378000 	/System/Library/PrivateFrameworks/CoreSymbolication.framework/Versions/A/CoreSymbolication
0x0000000026378000 	/System/Library/PrivateFrameworks/Symbolication.framework/Versions/A/Symbolication
0x0000000026378000 	/System/Library/PrivateFrameworks/SpeechRecognitionCore.framework/Versions/A/SpeechRecognitionCore
0x000000010a252000 	/Library/Java/JavaVirtualMachines/jdk1.8.0_161.jdk/Contents/Home/jre/lib/server/libjvm.dylib
0x0000000026378000 	/usr/lib/libstdc++.6.dylib
0x000000010ba00000 	/Library/Java/JavaVirtualMachines/jdk1.8.0_161.jdk/Contents/Home/jre/lib/libverify.dylib
0x000000010ba0e000 	/Library/Java/JavaVirtualMachines/jdk1.8.0_161.jdk/Contents/Home/jre/lib/libjava.dylib
0x000000010ba45000 	/Library/Java/JavaVirtualMachines/jdk1.8.0_161.jdk/Contents/Home/jre/lib/libinstrument.dylib
0x000000010bae2000 	/Library/Java/JavaVirtualMachines/jdk1.8.0_161.jdk/Contents/Home/jre/lib/libzip.dylib
0x000000010fbc4000 	/Library/Java/JavaVirtualMachines/jdk1.8.0_161.jdk/Contents/Home/jre/lib/libnet.dylib
0x000000010fe57000 	/Library/Java/JavaVirtualMachines/jdk1.8.0_161.jdk/Contents/Home/jre/lib/libosx.dylib
0x000000010feb7000 	/Library/Java/JavaVirtualMachines/jdk1.8.0_161.jdk/Contents/Home/jre/lib/./libosxapp.dylib
0x0000000026378000 	/System/Library/Frameworks/JavaVM.framework/Versions/A/Frameworks/JavaNativeFoundation.framework/Versions/A/JavaNativeFoundation
0x0000000026378000 	/System/Library/Frameworks/JavaVM.framework/Versions/A/Frameworks/JavaRuntimeSupport.framework/Versions/A/JavaRuntimeSupport
0x0000000026378000 	/System/Library/Frameworks/Carbon.framework/Versions/A/Carbon
0x0000000026378000 	/System/Library/Frameworks/ExceptionHandling.framework/Versions/A/ExceptionHandling
0x0000000026378000 	/System/Library/Frameworks/Carbon.framework/Versions/A/Frameworks/CommonPanels.framework/Versions/A/CommonPanels
0x0000000026378000 	/System/Library/Frameworks/Carbon.framework/Versions/A/Frameworks/Help.framework/Versions/A/Help
0x0000000026378000 	/System/Library/Frameworks/Carbon.framework/Versions/A/Frameworks/ImageCapture.framework/Versions/A/ImageCapture
0x0000000026378000 	/System/Library/Frameworks/Carbon.framework/Versions/A/Frameworks/OpenScripting.framework/Versions/A/OpenScripting
0x0000000026378000 	/System/Library/Frameworks/Carbon.framework/Versions/A/Frameworks/Print.framework/Versions/A/Print
0x0000000026378000 	/System/Library/Frameworks/Carbon.framework/Versions/A/Frameworks/SecurityHI.framework/Versions/A/SecurityHI
0x0000000026378000 	/System/Library/Frameworks/JavaVM.framework/Versions/A/JavaVM
0x0000000026378000 	/System/Library/PrivateFrameworks/JavaLaunching.framework/Versions/A/JavaLaunching
0x000000012774d000 	/Library/Java/JavaVirtualMachines/jdk1.8.0_161.jdk/Contents/Home/jre/lib/libawt.dylib
0x00000001277f7000 	/Library/Java/JavaVirtualMachines/jdk1.8.0_161.jdk/Contents/Home/jre/lib/./libmlib_image.dylib
0x00000001278c3000 	/Library/Java/JavaVirtualMachines/jdk1.8.0_161.jdk/Contents/Home/jre/lib/libawt_lwawt.dylib
0x0000000026378000 	/System/Library/PrivateFrameworks/CoreServicesInternal.framework/Versions/A/CoreServicesInternal
0x0000000026378000 	/System/Library/CoreServices/RawCamera.bundle/Contents/MacOS/RawCamera
0x0000000026378000 	/System/Library/PrivateFrameworks/MobileAsset.framework/Versions/A/MobileAsset
0x0000000026378000 	/System/Library/PrivateFrameworks/StreamingZip.framework/Versions/A/StreamingZip
0x0000000026378000 	/System/Library/Frameworks/MediaToolbox.framework/Versions/A/MediaToolbox
0x0000000026378000 	/System/Library/PrivateFrameworks/CoreAVCHD.framework/Versions/A/CoreAVCHD
0x0000000026378000 	/System/Library/Frameworks/MediaAccessibility.framework/Versions/A/MediaAccessibility
0x0000000026378000 	/System/Library/PrivateFrameworks/Mangrove.framework/Versions/A/Mangrove
0x0000000026378000 	/System/Library/Frameworks/CoreMedia.framework/Versions/A/CoreMedia
0x0000000026378000 	/System/Library/Frameworks/VideoToolbox.framework/Versions/A/VideoToolbox
0x0000000026378000 	/System/Library/PrivateFrameworks/CoreAUC.framework/Versions/A/CoreAUC
0x0000000026378000 	/usr/lib/libspindump.dylib
0x0000000026378000 	/System/Library/PrivateFrameworks/AppleVA.framework/Versions/A/AppleVA
0x0000000026378000 	/System/Library/Frameworks/Accelerate.framework/Versions/A/Frameworks/vImage.framework/Versions/A/Libraries/libCGInterfaces.dylib
0x0000000026378000 	/System/Library/Frameworks/ApplicationServices.framework/Versions/A/Frameworks/ATS.framework/Versions/A/Resources/libTrueTypeScaler.dylib
0x0000000026378000 	/System/Library/Extensions/AppleIntelKBLGraphicsMTLDriver.bundle/Contents/MacOS/AppleIntelKBLGraphicsMTLDriver
0x0000000026378000 	/System/Library/PrivateFrameworks/GPUCompiler.framework/Versions/3902/Libraries/libmetal_timestamp.dylib
0x0000000026378000 	/System/Library/PrivateFrameworks/FamilyControls.framework/Versions/A/FamilyControls
0x0000000026378000 	/System/Library/PrivateFrameworks/CommerceKit.framework/Versions/A/Frameworks/CommerceCore.framework/Versions/A/CommerceCore
0x0000000026378000 	/System/Library/PrivateFrameworks/SystemAdministration.framework/Versions/A/SystemAdministration
0x0000000026378000 	/System/Library/PrivateFrameworks/AppContainer.framework/Versions/A/AppContainer
0x0000000026378000 	/System/Library/PrivateFrameworks/AppSandbox.framework/Versions/A/AppSandbox
0x0000000026378000 	/System/Library/PrivateFrameworks/SecCodeWrapper.framework/Versions/A/SecCodeWrapper
0x0000000026378000 	/usr/lib/libsandbox.1.dylib
0x0000000026378000 	/usr/lib/libMatch.1.dylib
0x0000000026378000 	/System/Library/PrivateFrameworks/DiskManagement.framework/Versions/A/DiskManagement
0x0000000026378000 	/System/Library/Frameworks/DirectoryService.framework/Versions/A/DirectoryService
0x0000000026378000 	/System/Library/PrivateFrameworks/DiskImages.framework/Versions/A/DiskImages
0x0000000026378000 	/System/Library/PrivateFrameworks/LoginUIKit.framework/Versions/A/Frameworks/LoginUICore.framework/Versions/A/LoginUICore
0x0000000026378000 	/usr/lib/libCoreStorage.dylib
0x0000000026378000 	/usr/lib/libcsfde.dylib
0x0000000026378000 	/usr/lib/libodfde.dylib
0x0000000026378000 	/System/Library/PrivateFrameworks/MediaKit.framework/Versions/A/MediaKit
0x0000000026378000 	/System/Library/Frameworks/DiscRecording.framework/Versions/A/DiscRecording
0x0000000026378000 	/System/Library/PrivateFrameworks/EFILogin.framework/Versions/A/EFILogin
0x0000000026378000 	/System/Library/PrivateFrameworks/ProtectedCloudStorage.framework/Versions/A/ProtectedCloudStorage
0x0000000026378000 	/usr/lib/libcurl.4.dylib
0x0000000026378000 	/usr/lib/libcrypto.42.dylib
0x0000000026378000 	/usr/lib/libssl.44.dylib
0x0000000026378000 	/System/Library/Frameworks/LDAP.framework/Versions/A/LDAP
0x0000000026378000 	/System/Library/PrivateFrameworks/TrustEvaluationAgent.framework/Versions/A/TrustEvaluationAgent
0x0000000026378000 	/usr/lib/libsasl2.2.dylib
0x0000000026378000 	/System/Library/PrivateFrameworks/CoreDaemon.framework/Versions/B/CoreDaemon
0x0000000026378000 	/System/Library/PrivateFrameworks/AppleSRP.framework/Versions/A/AppleSRP
0x0000000026378000 	/System/Library/PrivateFrameworks/ViewBridge.framework/Versions/A/ViewBridge
0x000000012c022000 	/Library/Java/JavaVirtualMachines/jdk1.8.0_161.jdk/Contents/Home/jre/lib/libfontmanager.dylib
0x0000000026378000 	/System/Library/Frameworks/OpenGL.framework/Versions/A/Resources/GLEngine.bundle/GLEngine
0x0000000026378000 	/System/Library/Frameworks/OpenGL.framework/Versions/A/Libraries/libGLProgrammability.dylib
0x0000000026378000 	/System/Library/Extensions/AppleIntelKBLGraphicsGLDriver.bundle/Contents/MacOS/AppleIntelKBLGraphicsGLDriver
0x0000000026378000 	/System/Library/PrivateFrameworks/GPUSupport.framework/Versions/A/Libraries/libGPUSupportMercury.dylib
0x0000000026378000 	/System/Library/Frameworks/OpenGL.framework/Versions/A/Resources/GLRendererFloat.bundle/GLRendererFloat
0x0000000026378000 	/System/Library/Frameworks/OpenCL.framework/Versions/A/Libraries/libcldcpuengine.dylib
0x0000000026378000 	/usr/lib/libcrypto.35.dylib
0x00000001275f4000 	/Library/Java/JavaVirtualMachines/jdk1.8.0_161.jdk/Contents/Home/jre/lib/libosxui.dylib
0x000000010fdae000 	/Library/Java/JavaVirtualMachines/jdk1.8.0_161.jdk/Contents/Home/jre/lib/libnio.dylib
0x000000015c4bd000 	/usr/lib/libobjc-trampolines.dylib
0x000000015c932000 	/Library/Java/JavaVirtualMachines/jdk1.8.0_161.jdk/Contents/Home/jre/lib/libdcpr.dylib
0x0000000026378000 	/System/Library/PrivateFrameworks/CloudDocs.framework/Versions/A/CloudDocs
0x0000000026378000 	/System/Library/PrivateFrameworks/FileProvider.framework/Versions/A/FileProvider
0x0000000026378000 	/System/Library/PrivateFrameworks/SpotlightIndex.framework/Versions/A/SpotlightIndex
0x0000000026378000 	/System/Library/PrivateFrameworks/SymptomDiagnosticReporter.framework/Versions/A/SymptomDiagnosticReporter
0x0000000026378000 	/System/Library/PrivateFrameworks/GenerationalStorage.framework/Versions/A/GenerationalStorage
0x0000000026378000 	/System/Library/PrivateFrameworks/ChunkingLibrary.framework/Versions/A/ChunkingLibrary
0x0000000026378000 	/System/Library/PrivateFrameworks/PowerLog.framework/Versions/A/PowerLog
0x0000000026378000 	/System/Library/PrivateFrameworks/CoreAnalytics.framework/Versions/A/CoreAnalytics
0x0000000026378000 	/System/Library/PrivateFrameworks/login.framework/Versions/A/login
0x0000000026378000 	/System/Library/PrivateFrameworks/Shortcut.framework/Versions/A/Shortcut
0x0000000026378000 	/System/Library/PrivateFrameworks/HelpData.framework/Versions/A/HelpData

VM Arguments:
jvm_args: -javaagent:/Applications/IntelliJ IDEA CE.app/Contents/lib/idea_rt.jar=53520:/Applications/IntelliJ IDEA CE.app/Contents/bin -Dfile.encoding=UTF-8 
java_command: headless.AnnotateBlobs2D
java_class_path (initial): /Library/Java/JavaVirtualMachines/jdk1.8.0_161.jdk/Contents/Home/jre/lib/charsets.jar:/Library/Java/JavaVirtualMachines/jdk1.8.0_161.jdk/Contents/Home/jre/lib/deploy.jar:/Library/Java/JavaVirtualMachines/jdk1.8.0_161.jdk/Contents/Home/jre/lib/ext/cldrdata.jar:/Library/Java/JavaVirtualMachines/jdk1.8.0_161.jdk/Contents/Home/jre/lib/ext/dnsns.jar:/Library/Java/JavaVirtualMachines/jdk1.8.0_161.jdk/Contents/Home/jre/lib/ext/jaccess.jar:/Library/Java/JavaVirtualMachines/jdk1.8.0_161.jdk/Contents/Home/jre/lib/ext/jfxrt.jar:/Library/Java/JavaVirtualMachines/jdk1.8.0_161.jdk/Contents/Home/jre/lib/ext/localedata.jar:/Library/Java/JavaVirtualMachines/jdk1.8.0_161.jdk/Contents/Home/jre/lib/ext/nashorn.jar:/Library/Java/JavaVirtualMachines/jdk1.8.0_161.jdk/Contents/Home/jre/lib/ext/sunec.jar:/Library/Java/JavaVirtualMachines/jdk1.8.0_161.jdk/Contents/Home/jre/lib/ext/sunjce_provider.jar:/Library/Java/JavaVirtualMachines/jdk1.8.0_161.jdk/Contents/Home/jre/lib/ext/sunpkcs11.jar:/Library/Java/JavaVirtualMachines/jdk1.8.0_161.jdk/Contents/Home/jre/lib/ext/zipfs.jar:/Library/Java/JavaVirtualMachines/jdk1.8.0_161.jdk/Contents/Home/jre/lib/javaws.jar:/Library/Java/JavaVirtualMachines/jdk1.8.0_161.jdk/Contents/Home/jre/lib/jce.jar:/Library/Java/JavaVirtualMachines/jdk1.8.0_161.jdk/Contents/Home/jre/lib/jfr.jar:/Library/Java/JavaVirtualMachines/jdk1.8.0_161.jdk/Contents/Home/jre/lib/jfxswt.jar:/Library/Java/JavaVirtualMachines/jdk1.8.0_161.jdk/Contents/Home/jre/lib/jsse.jar:/Library/Java/JavaVirtualMachines/jdk1.8.0_161.jdk/Contents/Home/jre/lib/management-agent.jar:/Library/Java/JavaVirtualMachines/jdk1.8.0_161.jdk/Contents/Home/jre/lib/plugin.jar:/Library/Java/JavaVirtualMachines/jdk1.8.0_161.jdk/Contents/Home/jre/lib/resources.jar:/Library/Java/JavaVirtualMachines/jdk1.8.0_161.jdk/Contents/Home/jre/lib/rt.jar:/Library/Java/JavaVirtualMachines/jdk1.8.0_161.jdk/Contents/Home/lib/ant-javafx.jar:/Library/Java/JavaVirtualMachines/jdk1.8.0_161.jdk/Contents/Home
Launcher Type: SUN_STANDARD

Environment Variables:
JAVA_HOME=/Library/Java/JavaVirtualMachines/jdk1.8.0_161.jdk/Contents/Home
PATH=/usr/local/Cellar/pandoc/2.7.2/bin:/anaconda3/bin:/Applications/apache-maven-3.5.3/bin:/usr/local/Cellar/pandoc/2.7.2/bin:/usr/local/bin:/usr/local/bin/ImageMagick-7.0.8:/usr/bin:/bin:/usr/sbin:/sbin:/opt/X11/bin
SHELL=/bin/bash
DISPLAY=/private/tmp/com.apple.launchd.mb1P3EyHPa/org.macosforge.xquartz:0

Signal Handlers:
SIGSEGV: [libjvm.dylib+0x5b5439], sa_mask[0]=11111111011111110111111111111111, sa_flags=SA_ONSTACK|SA_RESTART|SA_SIGINFO
SIGBUS: [libjvm.dylib+0x5b5439], sa_mask[0]=11111111011111110111111111111111, sa_flags=SA_RESTART|SA_SIGINFO
SIGFPE: [libjvm.dylib+0x48ae24], sa_mask[0]=11111111011111110111111111111111, sa_flags=SA_RESTART|SA_SIGINFO
SIGPIPE: [libjvm.dylib+0x48ae24], sa_mask[0]=11111111011111110111111111111111, sa_flags=SA_RESTART|SA_SIGINFO
SIGXFSZ: [libjvm.dylib+0x48ae24], sa_mask[0]=11111111011111110111111111111111, sa_flags=SA_RESTART|SA_SIGINFO
SIGILL: [libjvm.dylib+0x48ae24], sa_mask[0]=11111111011111110111111111111111, sa_flags=SA_RESTART|SA_SIGINFO
SIGUSR1: SIG_DFL, sa_mask[0]=00000000000000000000000000000000, sa_flags=none
SIGUSR2: [libjvm.dylib+0x48a942], sa_mask[0]=00100000000000000000000000000000, sa_flags=SA_RESTART|SA_SIGINFO
SIGHUP: [libjvm.dylib+0x488f0d], sa_mask[0]=11111111011111110111111111111111, sa_flags=SA_RESTART|SA_SIGINFO
SIGINT: [libjvm.dylib+0x488f0d], sa_mask[0]=11111111011111110111111111111111, sa_flags=SA_RESTART|SA_SIGINFO
SIGTERM: [libjvm.dylib+0x488f0d], sa_mask[0]=11111111011111110111111111111111, sa_flags=SA_RESTART|SA_SIGINFO
SIGQUIT: [libjvm.dylib+0x488f0d], sa_mask[0]=11111111011111110111111111111111, sa_flags=SA_RESTART|SA_SIGINFO


---------------  S Y S T E M  ---------------

OS:Bsduname:Darwin 18.5.0 Darwin Kernel Version 18.5.0: Mon Mar 11 20:40:32 PDT 2019; root:xnu-4903.251.3~3/RELEASE_X86_64 x86_64
rlimit: STACK 8192k, CORE 0k, NPROC 1418, NOFILE 10240, AS infinity
load average:2.41 2.54 2.34

CPU:total 4 (initial active 4) (2 cores per cpu, 2 threads per core) family 6 model 142 stepping 9, cmov, cx8, fxsr, mmx, sse, sse2, sse3, ssse3, sse4.1, sse4.2, popcnt, avx, avx2, aes, clmul, erms, rtm, 3dnowpref, lzcnt, ht, tsc, tscinvbit, bmi1, bmi2, adx

Memory: 4k page, physical 16777216k(933304k free)

/proc/meminfo:


vm_info: Java HotSpot(TM) 64-Bit Server VM (25.161-b12) for bsd-amd64 JRE (1.8.0_161-b12), built on Dec 19 2017 16:22:20 by "java_re" with gcc 4.2.1 (Based on Apple Inc. build 5658) (LLVM build 2336.11.00)

time: Fri May  3 15:03:04 2019
elapsed time: 121 seconds (0d 0h 2m 1s)

