#
# A fatal error has been detected by the Java Runtime Environment:
#
#  SIGSEGV (0xb) at pc=0x00007fff62732d6f, pid=11018, tid=0x0000000000000307
#
# JRE version: Java(TM) SE Runtime Environment (8.0_161-b12) (build 1.8.0_161-b12)
# Java VM: Java HotSpot(TM) 64-Bit Server VM (25.161-b12 mixed mode bsd-amd64 compressed oops)
# Problematic frame:
# C  [libobjc.A.dylib+0x6d6f]  objc_retain+0x1f
#
# Failed to write core dump. Core dumps have been disabled. To enable core dumping, try "ulimit -c unlimited" before starting Java again
#
# If you would like to submit a bug report, please visit:
#   http://bugreport.java.com/bugreport/crash.jsp
# The crash happened outside the Java Virtual Machine in native code.
# See problematic frame for where to report the bug.
#

---------------  T H R E A D  ---------------

Current thread (0x00007fde46a8c800):  JavaThread "AppKit Thread" daemon [_thread_in_native, id=775, stack(0x00007ffee9be9000,0x00007ffeea3e9000)]

siginfo: si_signo: 11 (SIGSEGV), si_code: 1 (SEGV_MAPERR), si_addr: 0x0000000000000020

Registers:
RAX=0xb000000000000000, RBX=0x0000000000000001, RCX=0x0000000000000000, RDX=0x00007fff9571d8a0
RSP=0x00007ffeea3dc460, RBP=0x00007ffeea3dc460, RSI=0x0000000000000001, RDI=0x00007fde4f80fa00
R8 =0x00000000e4e1408b, R9 =0x0000000000000018, R10=0x00000000fffff800, R11=0xfffffffffe901d20
R12=0x0000000000000000, R13=0x00007fde4f83ea00, R14=0x0000000000000000, R15=0x00007fde4f83ea00
RIP=0x00007fff62732d6f, EFLAGS=0x0000000000010246, ERR=0x0000000000000004
  TRAPNO=0x000000000000000e

Top of Stack: (sp=0x00007ffeea3dc460)
0x00007ffeea3dc460:   00007ffeea3dc490 00007fff3a937a87
0x00007ffeea3dc470:   00007fde4f83ea00 00007fde4fc99f30
0x00007ffeea3dc480:   0000000000000000 00007fde4e10a2f0
0x00007ffeea3dc490:   00007ffeea3dc4f0 00007fff3a935e39
0x00007ffeea3dc4a0:   00007ffeea3dc520 00007fde4fc99f30
0x00007ffeea3dc4b0:   00007fde4e10a2f0 0000000000000000
0x00007ffeea3dc4c0:   00007fde4e140720 00007ffeea3dc5d0
0x00007ffeea3dc4d0:   0000000000000000 0000000000000000
0x00007ffeea3dc4e0:   0000000000000002 00000000636d6473
0x00007ffeea3dc4f0:   00007ffeea3dc520 00007fff3a82827b
0x00007ffeea3dc500:   00007fde4fc39ba0 00007ffeea3dc5d0
0x00007ffeea3dc510:   00007fde4fc99f30 00007ffeea3dc630
0x00007ffeea3dc520:   00007ffeea3dc6d0 00007fff3a7c7194
0x00007ffeea3dc530:   00007ffeea3dc630 0000000000000000
0x00007ffeea3dc540:   00007fde4e52df20 00007fde4e5fc080
0x00007ffeea3dc550:   0000000000000000 0000000000000170
0x00007ffeea3dc560:   0000000000000017 00007fde4e52df20
0x00007ffeea3dc570:   0000000105834080 00007fde4e500000
0x00007ffeea3dc580:   00007fde4fc39ba0 0000000000000000
0x00007ffeea3dc590:   0000000105836a00 0000000000000017
0x00007ffeea3dc5a0:   0000000105834080 00007fde4e500000
0x00007ffeea3dc5b0:   00007ffeea3dc610 00007fff6351b256
0x00007ffeea3dc5c0:   0000000005837400 0000000000000000
0x00007ffeea3dc5d0:   0000000000000000 0000000000000017
0x00007ffeea3dc5e0:   00007fde4e52df20 00007fde4e10a2f0
0x00007ffeea3dc5f0:   0000000000000000 0000000000000001
0x00007ffeea3dc600:   00007fde4e52df20 00000000ffffd96e
0x00007ffeea3dc610:   00007ffeea3dc660 00007fff3a7cc0f6
0x00007ffeea3dc620:   00007fde491080b0 00007fde4f80fa00
0x00007ffeea3dc630:   0000000004400101 00007fde4e7f09b0
0x00007ffeea3dc640:   000000004e140600 0000000000000000
0x00007ffeea3dc650:   00007fde4f80fa00 00007fde4e5673a0 

Instructions: (pc=0x00007fff62732d6f)
0x00007fff62732d4f:   90 55 48 89 e5 48 85 ff 74 46 40 f6 c7 01 75 42
0x00007fff62732d5f:   48 8b 07 48 b9 f8 ff ff ff ff 7f 00 00 48 21 c1
0x00007fff62732d6f:   f6 41 20 02 74 31 a8 01 74 20 48 b9 00 00 00 00
0x00007fff62732d7f:   00 00 00 01 48 89 c2 48 01 ca 72 2b f0 48 0f b1 

Register to memory mapping:

RAX=0xb000000000000000 is an unknown value
RBX=0x0000000000000001 is an unknown value
RCX=0x0000000000000000 is an unknown value
RDX=0x00007fff9571d8a0: __CFRuntimeObjCClassTable+0 in /System/Library/Frameworks/CoreFoundation.framework/Versions/A/CoreFoundation at 0x00007fff3b483000
RSP=0x00007ffeea3dc460 is pointing into the stack for thread: 0x00007fde46a8c800
RBP=0x00007ffeea3dc460 is pointing into the stack for thread: 0x00007fde46a8c800
RSI=0x0000000000000001 is an unknown value
RDI=0x00007fde4f80fa00 is an unknown value
R8 =0x00000000e4e1408b is an unknown value
R9 =0x0000000000000018 is an unknown value
R10=0x00000000fffff800 is an unknown value
R11=0xfffffffffe901d20 is an unknown value
R12=0x0000000000000000 is an unknown value
R13=0x00007fde4f83ea00 is an unknown value
R14=0x0000000000000000 is an unknown value
R15=0x00007fde4f83ea00 is an unknown value


Stack: [0x00007ffee9be9000,0x00007ffeea3e9000],  sp=0x00007ffeea3dc460,  free space=8141k
Native frames: (J=compiled Java code, j=interpreted, Vv=VM code, C=native code)
C  [libobjc.A.dylib+0x6d6f]  objc_retain+0x1f
C  [HIToolbox+0x174a87]  RetainEventParamData+0x55
C  [HIToolbox+0x172e39]  CopyEventInternal+0x170
C  [HIToolbox+0x6527b]  CopyEventAs+0x15
C  [HIToolbox+0x4194]  HIApplication::EventHandler(OpaqueEventHandlerCallRef*, OpaqueEventRef*, void*)+0x954
C  [HIToolbox+0x8904]  DispatchEventToHandlers(EventTargetRec*, OpaqueEventRef*, HandlerCallRec*)+0x605
C  [HIToolbox+0x7c4d]  SendEventToEventTargetInternal(OpaqueEventRef*, OpaqueEventTargetRef*, HandlerCallRec*)+0x176
C  [HIToolbox+0x1cf21]  SendEventToEventTarget+0x27
C  [HIToolbox+0x76865]  SendMenuOpening(MenuSelectData*, MenuData*, double, unsigned int, unsigned int, __CFDictionary*, unsigned char, unsigned char*)+0x2ab
C  [HIToolbox+0x1a6a3c]  _SimulateMenuOpening+0x6f
C  [HIToolbox+0x19c2c7]  OpenMenuForInspection(MenuData*)+0x5e
C  [HIToolbox+0x19c08d]  MenuData::HandleGetAccessibleChildren(unsigned long long, __CFArray*)+0xe9
C  [HIToolbox+0x19f00b]  MenuData::ContentViewGetNamedAccessibleAttribute(unsigned long long, __CFString const*, unsigned int, OpaqueEventRef*, void*)+0x47
C  [HIToolbox+0x1b751b]  HIObject::DispatchAccessibilityEvent(OpaqueEventRef*, unsigned long long, AccessibilityHandlers const*, void*)+0x1e9
C  [HIToolbox+0x19ef69]  MenuData::MenuContentViewAccessibilityHandler(OpaqueEventHandlerCallRef*, OpaqueEventRef*, void*)+0x61
C  [HIToolbox+0x8904]  DispatchEventToHandlers(EventTargetRec*, OpaqueEventRef*, HandlerCallRec*)+0x605
C  [HIToolbox+0x7c4d]  SendEventToEventTargetInternal(OpaqueEventRef*, OpaqueEventTargetRef*, HandlerCallRec*)+0x176
C  [HIToolbox+0x7ac3]  SendEventToEventTargetWithOptions+0x2d
C  [HIToolbox+0xa54ae]  Accessible::GetNamedAttributeData(__CFString const*, void const*, void const**, unsigned char*)+0xb2
C  [HIToolbox+0xa5234]  HLTBCopyUIElementAttributeValue+0x39
C  [HIToolbox+0x19bec6]  MenuData::GetAccessibleChildrenSelf(unsigned long long, __CFArray*)+0x3e
C  [HIToolbox+0x1b7804]  HIObject::HasAccessibleChildrenSelf(unsigned long long)+0x44
C  [HIToolbox+0x1b7a3f]  HIObject::GetAllAccessibleAttributeNamesSelf(unsigned long long, __CFArray*)+0xb5
C  [HIToolbox+0x19cc2b]  MenuData::GetAllAccessibleAttributeNamesSelf(unsigned long long, __CFArray*)+0x1b
C  [HIToolbox+0x1b73b7]  HIObject::DispatchAccessibilityEvent(OpaqueEventRef*, unsigned long long, AccessibilityHandlers const*, void*)+0x85
C  [HIToolbox+0x1b71ee]  HIObject::HandleClassAccessibilityEvent(OpaqueEventHandlerCallRef*, OpaqueEventRef*, void*)+0x6a
C  [HIToolbox+0x8f01]  HIObject::EventHook(OpaqueEventHandlerCallRef*, OpaqueEventRef*, void*)+0x87
C  [HIToolbox+0x8904]  DispatchEventToHandlers(EventTargetRec*, OpaqueEventRef*, HandlerCallRec*)+0x605
C  [HIToolbox+0x7c4d]  SendEventToEventTargetInternal(OpaqueEventRef*, OpaqueEventTargetRef*, HandlerCallRec*)+0x176
C  [HIToolbox+0x8d76a]  CallNextEventHandler+0x69
C  [AppKit+0x4cea32]  -[NSCarbonMenuImpl _carbonGetAccessibleAttributeNamesEvent:handlerCallRef:axElement:]+0x23
C  [AppKit+0x1ba363]  NSSLMMenuEventHandler+0x433
C  [HIToolbox+0x8904]  DispatchEventToHandlers(EventTargetRec*, OpaqueEventRef*, HandlerCallRec*)+0x605
C  [HIToolbox+0x7c4d]  SendEventToEventTargetInternal(OpaqueEventRef*, OpaqueEventTargetRef*, HandlerCallRec*)+0x176
C  [HIToolbox+0x7ac3]  SendEventToEventTargetWithOptions+0x2d
C  [HIToolbox+0xa5139]  Accessible::GetAllNames(Accessible::ElementType, __CFArray const**)+0xcf
C  [HIToolbox+0xa5525]  Accessible::IsNamedAttributeSupported(__CFString const*)+0x1b
C  [HIToolbox+0xa53aa]  HLTBCopyUIElementAttributeValue+0x1af
C  [HIToolbox+0xa78e4]  CarbonCopyAttributeValueCallback(__CFData const*, unsigned int, __CFString const*, void const**, void*)+0x58
C  [AppKit+0x42645c]  CopyCarbonUIElementAttributeValue+0x37
C  [AppKit+0x423fba]  CopyAttributeValue+0x80
C  [HIServices+0x24029]  _AXXMIGCopyAttributeValue+0x11a
C  [HIServices+0x2dfa4]  _XCopyAttributeValue+0x1c7
C  [HIServices+0x66ed]  mshMIGPerform+0xd4
C  [CoreFoundation+0x8e3f9]  __CFRUNLOOP_IS_CALLING_OUT_TO_A_SOURCE1_PERFORM_FUNCTION__+0x29
C  [CoreFoundation+0x8e345]  __CFRunLoopDoSource1+0x215
C  [CoreFoundation+0x85f00]  __CFRunLoopRun+0xb20
C  [CoreFoundation+0x85153]  CFRunLoopRunSpecific+0x1e3
C  [HIToolbox+0x2fd96]  RunCurrentEventLoopInMode+0x11e
C  [HIToolbox+0x2fa0f]  ReceiveNextEventCommon+0x16e
C  [HIToolbox+0x2f884]  _BlockUntilNextEventMatchingListInModeWithFilter+0x40
C  [AppKit+0x41a73]  _DPSNextEvent+0x825
C  [AppKit+0x7d7e34]  -[NSApplication(NSEvent) _nextEventMatchingEventMask:untilDate:inMode:dequeue:]+0xbe4
C  [libosxapp.dylib+0x23aa]  -[NSApplicationAWT nextEventMatchingMask:untilDate:inMode:dequeue:]+0x7c
C  [AppKit+0x36885]  -[NSApplication run]+0x2fc
C  [libosxapp.dylib+0x214d]  +[NSApplicationAWT runAWTLoopWithApp:]+0x9c
C  [libawt_lwawt.dylib+0x47397]  -[AWTStarter starter:]+0x389
C  [Foundation+0x682b5]  __NSThreadPerformPerform+0x14e
C  [CoreFoundation+0xa3a11]  __CFRUNLOOP_IS_CALLING_OUT_TO_A_SOURCE0_PERFORM_FUNCTION__+0x11
C  [CoreFoundation+0x15d42c]  __CFRunLoopDoSource0+0x6c
C  [CoreFoundation+0x86470]  __CFRunLoopDoSources0+0xd0
C  [CoreFoundation+0x858ed]  __CFRunLoopRun+0x50d
C  [CoreFoundation+0x85153]  CFRunLoopRunSpecific+0x1e3
C  [java+0x647a]  CreateExecutionEnvironment+0x367
C  [java+0x212c]  JLI_Launch+0x7a0
C  [java+0x84d7]  main+0x65
C  [java+0x1984]  start+0x34
C  0x0000000000000006


---------------  P R O C E S S  ---------------

Java Threads: ( => current thread )
  0x00007fde49ff1800 JavaThread "SwingWorker-pool-1-thread-2" daemon [_thread_blocked, id=96323, stack(0x000070000a3a5000,0x000070000a4a5000)]
  0x00007fde47d8b800 JavaThread "SwingWorker-pool-1-thread-1" daemon [_thread_blocked, id=95419, stack(0x000070000a2a2000,0x000070000a3a2000)]
  0x00007fde4f29a000 JavaThread "bdv-panel-1-thread-3" daemon [_thread_in_Java, id=127751, stack(0x000070000a19f000,0x000070000a29f000)]
  0x00007fde4f368000 JavaThread "bdv-panel-1-thread-2" daemon [_thread_in_vm_trans, id=128015, stack(0x000070000a09c000,0x000070000a19c000)]
  0x00007fde481d0000 JavaThread "bdv-panel-1-thread-1" daemon [_thread_in_Java, id=130435, stack(0x0000700009f99000,0x000070000a099000)]
  0x00007fde49f6e800 JavaThread "PainterThread" daemon [_thread_blocked, id=92779, stack(0x0000700009e96000,0x0000700009f96000)]
  0x00007fde4aac5800 JavaThread "TimerQueue" daemon [_thread_blocked, id=57863, stack(0x0000700009984000,0x0000700009a84000)]
  0x00007fde47801800 JavaThread "DestroyJavaVM" [_thread_blocked, id=2563, stack(0x0000700007da7000,0x0000700007ea7000)]
  0x00007fde4ab4f000 JavaThread "AWT-EventQueue-0" [_thread_blocked, id=75527, stack(0x00007000094f5000,0x00007000095f5000)]
  0x00007fde4813f800 JavaThread "Java2D Disposer" daemon [_thread_blocked, id=53263, stack(0x00007000093f2000,0x00007000094f2000)]
  0x00007fde48340800 JavaThread "AWT-Shutdown" [_thread_blocked, id=37939, stack(0x00007000091ec000,0x00007000092ec000)]
  0x00007fde46754000 JavaThread "Java2D Queue Flusher" daemon [_thread_blocked, id=85575, stack(0x0000700008f60000,0x0000700009060000)]
=>0x00007fde46a8c800 JavaThread "AppKit Thread" daemon [_thread_in_native, id=775, stack(0x00007ffee9be9000,0x00007ffeea3e9000)]
  0x00007fde480e1000 JavaThread "Timer-0" daemon [_thread_blocked, id=15619, stack(0x0000700008dda000,0x0000700008eda000)]
  0x00007fde460d4800 JavaThread "Service Thread" daemon [_thread_blocked, id=17667, stack(0x0000700008bd4000,0x0000700008cd4000)]
  0x00007fde47d10000 JavaThread "C1 CompilerThread2" daemon [_thread_blocked, id=18179, stack(0x0000700008ad1000,0x0000700008bd1000)]
  0x00007fde4749c000 JavaThread "C2 CompilerThread1" daemon [_thread_blocked, id=14851, stack(0x00007000089ce000,0x0000700008ace000)]
  0x00007fde460d3000 JavaThread "C2 CompilerThread0" daemon [_thread_blocked, id=14595, stack(0x00007000088cb000,0x00007000089cb000)]
  0x00007fde468b6800 JavaThread "Monitor Ctrl-Break" daemon [_thread_in_native, id=19203, stack(0x00007000087c8000,0x00007000088c8000)]
  0x00007fde4601e800 JavaThread "Signal Dispatcher" daemon [_thread_blocked, id=14339, stack(0x00007000086c5000,0x00007000087c5000)]
  0x00007fde47800800 JavaThread "Finalizer" daemon [_thread_blocked, id=12291, stack(0x00007000085c2000,0x00007000086c2000)]
  0x00007fde46809000 JavaThread "Reference Handler" daemon [_thread_blocked, id=21251, stack(0x00007000084bf000,0x00007000085bf000)]

Other Threads:
  0x00007fde46016800 VMThread [stack: 0x00007000083bc000,0x00007000084bc000] [id=11523]
  0x00007fde460d5800 WatcherThread [stack: 0x0000700008cd7000,0x0000700008dd7000] [id=15107]

VM state:not at safepoint (normal execution)

VM Mutex/Monitor currently owned by a thread: None

Heap:
 PSYoungGen      total 626176K, used 317645K [0x000000076ab00000, 0x0000000793e80000, 0x00000007c0000000)
  eden space 578048K, 49% used [0x000000076ab00000,0x000000077c4e2510,0x000000078df80000)
  from space 48128K, 60% used [0x0000000790f80000,0x0000000792bd1238,0x0000000793e80000)
  to   space 48640K, 0% used [0x000000078df80000,0x000000078df80000,0x0000000790f00000)
 ParOldGen       total 167936K, used 85790K [0x00000006c0000000, 0x00000006ca400000, 0x000000076ab00000)
  object space 167936K, 51% used [0x00000006c0000000,0x00000006c53c7b40,0x00000006ca400000)
 Metaspace       used 47215K, capacity 48307K, committed 48600K, reserved 1089536K
  class space    used 7592K, capacity 7828K, committed 7936K, reserved 1048576K

Card table byte_map: [0x00000001074aa000,0x0000000107cab000] byte_map_base: 0x0000000103eaa000

Marking Bits: (ParMarkBitMap*) 0x00000001061476c0
 Begin Bits: [0x0000000108201000, 0x000000010c201000)
 End Bits:   [0x000000010c201000, 0x0000000110201000)

Polling page: 0x00000001067fe000

CodeCache: size=245760Kb used=19090Kb max_used=19103Kb free=226669Kb
 bounds [0x0000000110c68000, 0x0000000111f48000, 0x000000011fc68000]
 total_blobs=6782 nmethods=6075 adapters=616
 compilation: enabled

Compilation events (10 events):
Event: 516.171 Thread 0x00007fde47d10000 nmethod 7868 0x00000001117f2710 code [0x00000001117f2920, 0x00000001117f3408]
Event: 516.174 Thread 0x00007fde460d3000 nmethod 7865 0x0000000110e84050 code [0x0000000110e841c0, 0x0000000110e846b8]
Event: 516.177 Thread 0x00007fde47d10000 7870       3       java.awt.KeyboardFocusManager::firePropertyChange (26 bytes)
Event: 516.178 Thread 0x00007fde47d10000 nmethod 7870 0x00000001112bfa90 code [0x00000001112bfc60, 0x00000001112c0468]
Event: 516.179 Thread 0x00007fde47d10000 7871       3       javax.swing.JScrollBar::getValue (10 bytes)
Event: 516.180 Thread 0x00007fde47d10000 nmethod 7871 0x000000011147d210 code [0x000000011147d380, 0x000000011147d5d0]
Event: 516.182 Thread 0x00007fde4749c000 7872       4       sun.java2d.SunGraphics2D::drawImage (11 bytes)
Event: 516.187 Thread 0x00007fde47d10000 7873       3       sun.util.locale.LocaleUtils::caseIgnoreMatch (73 bytes)
Event: 516.188 Thread 0x00007fde47d10000 nmethod 7873 0x0000000111d81c10 code [0x0000000111d81e20, 0x0000000111d82af8]
Event: 516.193 Thread 0x00007fde4749c000 nmethod 7872 0x0000000111f39850 code [0x0000000111f39aa0, 0x0000000111f3a280]

GC Heap History (10 events):
Event: 452.641 GC heap before
{Heap before GC invocations=20 (full 2):
 PSYoungGen      total 430592K, used 406885K [0x000000076ab00000, 0x000000078c280000, 0x00000007c0000000)
  eden space 376320K, 100% used [0x000000076ab00000,0x0000000781a80000,0x0000000781a80000)
  from space 54272K, 56% used [0x0000000781a80000,0x00000007838595e0,0x0000000784f80000)
  to   space 52736K, 0% used [0x0000000788f00000,0x0000000788f00000,0x000000078c280000)
 ParOldGen       total 167936K, used 81435K [0x00000006c0000000, 0x00000006ca400000, 0x000000076ab00000)
  object space 167936K, 48% used [0x00000006c0000000,0x00000006c4f86ce0,0x00000006ca400000)
 Metaspace       used 47028K, capacity 48019K, committed 48216K, reserved 1089536K
  class space    used 7566K, capacity 7796K, committed 7808K, reserved 1048576K
Event: 452.665 GC heap after
Heap after GC invocations=20 (full 2):
 PSYoungGen      total 494592K, used 37390K [0x000000076ab00000, 0x000000078c800000, 0x00000007c0000000)
  eden space 441856K, 0% used [0x000000076ab00000,0x000000076ab00000,0x0000000785a80000)
  from space 52736K, 70% used [0x0000000788f00000,0x000000078b383bb8,0x000000078c280000)
  to   space 53760K, 0% used [0x0000000785a80000,0x0000000785a80000,0x0000000788f00000)
 ParOldGen       total 167936K, used 81435K [0x00000006c0000000, 0x00000006ca400000, 0x000000076ab00000)
  object space 167936K, 48% used [0x00000006c0000000,0x00000006c4f86ce0,0x00000006ca400000)
 Metaspace       used 47028K, capacity 48019K, committed 48216K, reserved 1089536K
  class space    used 7566K, capacity 7796K, committed 7808K, reserved 1048576K
}
Event: 462.487 GC heap before
{Heap before GC invocations=21 (full 2):
 PSYoungGen      total 494592K, used 479246K [0x000000076ab00000, 0x000000078c800000, 0x00000007c0000000)
  eden space 441856K, 100% used [0x000000076ab00000,0x0000000785a80000,0x0000000785a80000)
  from space 52736K, 70% used [0x0000000788f00000,0x000000078b383bb8,0x000000078c280000)
  to   space 53760K, 0% used [0x0000000785a80000,0x0000000785a80000,0x0000000788f00000)
 ParOldGen       total 167936K, used 81435K [0x00000006c0000000, 0x00000006ca400000, 0x000000076ab00000)
  object space 167936K, 48% used [0x00000006c0000000,0x00000006c4f86ce0,0x00000006ca400000)
 Metaspace       used 47034K, capacity 48083K, committed 48216K, reserved 1089536K
  class space    used 7566K, capacity 7796K, committed 7808K, reserved 1048576K
Event: 462.504 GC heap after
Heap after GC invocations=21 (full 2):
 PSYoungGen      total 495616K, used 30689K [0x000000076ab00000, 0x0000000790580000, 0x00000007c0000000)
  eden space 441856K, 0% used [0x000000076ab00000,0x000000076ab00000,0x0000000785a80000)
  from space 53760K, 57% used [0x0000000785a80000,0x0000000787878640,0x0000000788f00000)
  to   space 51712K, 0% used [0x000000078d300000,0x000000078d300000,0x0000000790580000)
 ParOldGen       total 167936K, used 81435K [0x00000006c0000000, 0x00000006ca400000, 0x000000076ab00000)
  object space 167936K, 48% used [0x00000006c0000000,0x00000006c4f86ce0,0x00000006ca400000)
 Metaspace       used 47034K, capacity 48083K, committed 48216K, reserved 1089536K
  class space    used 7566K, capacity 7796K, committed 7808K, reserved 1048576K
}
Event: 467.667 GC heap before
{Heap before GC invocations=22 (full 2):
 PSYoungGen      total 495616K, used 472545K [0x000000076ab00000, 0x0000000790580000, 0x00000007c0000000)
  eden space 441856K, 100% used [0x000000076ab00000,0x0000000785a80000,0x0000000785a80000)
  from space 53760K, 57% used [0x0000000785a80000,0x0000000787878640,0x0000000788f00000)
  to   space 51712K, 0% used [0x000000078d300000,0x000000078d300000,0x0000000790580000)
 ParOldGen       total 167936K, used 81435K [0x00000006c0000000, 0x00000006ca400000, 0x000000076ab00000)
  object space 167936K, 48% used [0x00000006c0000000,0x00000006c4f86ce0,0x00000006ca400000)
 Metaspace       used 47039K, capacity 48083K, committed 48216K, reserved 1089536K
  class space    used 7566K, capacity 7796K, committed 7808K, reserved 1048576K
Event: 467.685 GC heap after
Heap after GC invocations=22 (full 2):
 PSYoungGen      total 545792K, used 32959K [0x000000076ab00000, 0x000000078fb80000, 0x00000007c0000000)
  eden space 504320K, 0% used [0x000000076ab00000,0x000000076ab00000,0x0000000789780000)
  from space 41472K, 79% used [0x000000078d300000,0x000000078f32fce8,0x000000078fb80000)
  to   space 51200K, 0% used [0x0000000789780000,0x0000000789780000,0x000000078c980000)
 ParOldGen       total 167936K, used 81435K [0x00000006c0000000, 0x00000006ca400000, 0x000000076ab00000)
  object space 167936K, 48% used [0x00000006c0000000,0x00000006c4f86ce0,0x00000006ca400000)
 Metaspace       used 47039K, capacity 48083K, committed 48216K, reserved 1089536K
  class space    used 7566K, capacity 7796K, committed 7808K, reserved 1048576K
}
Event: 468.666 GC heap before
{Heap before GC invocations=23 (full 2):
 PSYoungGen      total 545792K, used 537279K [0x000000076ab00000, 0x000000078fb80000, 0x00000007c0000000)
  eden space 504320K, 100% used [0x000000076ab00000,0x0000000789780000,0x0000000789780000)
  from space 41472K, 79% used [0x000000078d300000,0x000000078f32fce8,0x000000078fb80000)
  to   space 51200K, 0% used [0x0000000789780000,0x0000000789780000,0x000000078c980000)
 ParOldGen       total 167936K, used 81435K [0x00000006c0000000, 0x00000006ca400000, 0x000000076ab00000)
  object space 167936K, 48% used [0x00000006c0000000,0x00000006c4f86ce0,0x00000006ca400000)
 Metaspace       used 47042K, capacity 48083K, committed 48216K, reserved 1089536K
  class space    used 7566K, capacity 7796K, committed 7808K, reserved 1048576K
Event: 468.680 GC heap after
Heap after GC invocations=23 (full 2):
 PSYoungGen      total 555520K, used 34191K [0x000000076ab00000, 0x0000000794100000, 0x00000007c0000000)
  eden space 504320K, 0% used [0x000000076ab00000,0x000000076ab00000,0x0000000789780000)
  from space 51200K, 66% used [0x0000000789780000,0x000000078b8e3e80,0x000000078c980000)
  to   space 50688K, 0% used [0x0000000790f80000,0x0000000790f80000,0x0000000794100000)
 ParOldGen       total 167936K, used 81443K [0x00000006c0000000, 0x00000006ca400000, 0x000000076ab00000)
  object space 167936K, 48% used [0x00000006c0000000,0x00000006c4f88ce0,0x00000006ca400000)
 Metaspace       used 47042K, capacity 48083K, committed 48216K, reserved 1089536K
  class space    used 7566K, capacity 7796K, committed 7808K, reserved 1048576K
}
Event: 470.025 GC heap before
{Heap before GC invocations=24 (full 2):
 PSYoungGen      total 555520K, used 538511K [0x000000076ab00000, 0x0000000794100000, 0x00000007c0000000)
  eden space 504320K, 100% used [0x000000076ab00000,0x0000000789780000,0x0000000789780000)
  from space 51200K, 66% used [0x0000000789780000,0x000000078b8e3e80,0x000000078c980000)
  to   space 50688K, 0% used [0x0000000790f80000,0x0000000790f80000,0x0000000794100000)
 ParOldGen       total 167936K, used 81443K [0x00000006c0000000, 0x00000006ca400000, 0x000000076ab00000)
  object space 167936K, 48% used [0x00000006c0000000,0x00000006c4f88ce0,0x00000006ca400000)
 Metaspace       used 47052K, capacity 48147K, committed 48216K, reserved 1089536K
  class space    used 7566K, capacity 7796K, committed 7808K, reserved 1048576K
Event: 470.044 GC heap after
Heap after GC invocations=24 (full 2):
 PSYoungGen      total 626176K, used 28996K [0x000000076ab00000, 0x0000000793e80000, 0x00000007c0000000)
  eden space 578048K, 0% used [0x000000076ab00000,0x000000076ab00000,0x000000078df80000)
  from space 48128K, 60% used [0x0000000790f80000,0x0000000792bd1238,0x0000000793e80000)
  to   space 48640K, 0% used [0x000000078df80000,0x000000078df80000,0x0000000790f00000)
 ParOldGen       total 167936K, used 85790K [0x00000006c0000000, 0x00000006ca400000, 0x000000076ab00000)
  object space 167936K, 51% used [0x00000006c0000000,0x00000006c53c7b40,0x00000006ca400000)
 Metaspace       used 47052K, capacity 48147K, committed 48216K, reserved 1089536K
  class space    used 7566K, capacity 7796K, committed 7808K, reserved 1048576K
}

Deoptimization events (10 events):
Event: 508.272 Thread 0x00007fde4ab4f000 Uncommon trap: reason=class_check action=maybe_recompile pc=0x0000000111d2aef0 method=java.awt.Container.getMouseEventTargetImpl(IIZLjava/awt/Container$EventTargetFilter;ZZ)Ljava/awt/Component; @ 64
Event: 508.272 Thread 0x00007fde4ab4f000 Uncommon trap: reason=bimorphic action=maybe_recompile pc=0x0000000111ed8b74 method=java.awt.Component.updateCursorImmediately()V @ 49
Event: 508.272 Thread 0x00007fde4ab4f000 Uncommon trap: reason=bimorphic action=maybe_recompile pc=0x0000000111d92a6c method=sun.lwawt.LWCursorManager.findComponent(Ljava/awt/Point;)Ljava/awt/Component; @ 11
Event: 508.276 Thread 0x00007fde4ab4f000 Uncommon trap: reason=bimorphic action=maybe_recompile pc=0x0000000111d92a6c method=sun.lwawt.LWCursorManager.findComponent(Ljava/awt/Point;)Ljava/awt/Component; @ 11
Event: 508.276 Thread 0x00007fde4ab4f000 Uncommon trap: reason=class_check action=maybe_recompile pc=0x0000000111d2aef0 method=java.awt.Container.getMouseEventTargetImpl(IIZLjava/awt/Container$EventTargetFilter;ZZ)Ljava/awt/Component; @ 64
Event: 508.276 Thread 0x00007fde4ab4f000 Uncommon trap: reason=bimorphic action=maybe_recompile pc=0x0000000111ed8b74 method=java.awt.Component.updateCursorImmediately()V @ 49
Event: 508.276 Thread 0x00007fde4ab4f000 Uncommon trap: reason=bimorphic action=maybe_recompile pc=0x0000000111dab978 method=sun.lwawt.LWCursorManager.findComponent(Ljava/awt/Point;)Ljava/awt/Component; @ 11
Event: 508.279 Thread 0x00007fde4ab4f000 Uncommon trap: reason=class_check action=maybe_recompile pc=0x0000000111d2aef0 method=java.awt.Container.getMouseEventTargetImpl(IIZLjava/awt/Container$EventTargetFilter;ZZ)Ljava/awt/Component; @ 64
Event: 508.279 Thread 0x00007fde4ab4f000 Uncommon trap: reason=class_check action=maybe_recompile pc=0x0000000111ed612c method=java.awt.Container.dispatchEventImpl(Ljava/awt/AWTEvent;)V @ 34
Event: 508.281 Thread 0x00007fde4ab4f000 Uncommon trap: reason=predicate action=maybe_recompile pc=0x0000000111dea9d8 method=sun.java2d.pipe.Region.getTranslatedRegion(II)Lsun/java2d/pipe/Region; @ 212

Classes redefined (0 events):
No events

Internal exceptions (10 events):
Event: 370.177 Thread 0x00007fde48dda800 Implicit null exception at 0x000000011172c415 to 0x000000011172c4c1
Event: 370.645 Thread 0x00007fde48dda800 Exception <a 'java/lang/NullPointerException'> (0x000000077750cd00) thrown at [/Users/java_re/workspace/8-2-build-macosx-x86_64/jdk8u161/10277/hotspot/src/share/vm/prims/jni.cpp, line 735]
Event: 370.780 Thread 0x00007fde48dda800 Implicit null exception at 0x000000011126fbf3 to 0x0000000111270705
Event: 371.681 Thread 0x00007fde49ff1800 Implicit null exception at 0x0000000111a15d0b to 0x0000000111a1c769
Event: 399.183 Thread 0x00007fde4f368000 Implicit null exception at 0x0000000111d77b41 to 0x0000000111d7843a
Event: 399.183 Thread 0x00007fde4f29a000 Implicit null exception at 0x0000000111d77b41 to 0x0000000111d7843a
Event: 399.185 Thread 0x00007fde481d0000 Implicit null exception at 0x0000000111d833c6 to 0x0000000111d83c15
Event: 409.051 Thread 0x00007fde4f368000 Implicit null exception at 0x00000001119b350d to 0x00000001119b3881
Event: 409.051 Thread 0x00007fde4f368000 Implicit null exception at 0x0000000110ef332d to 0x0000000110ef3b7d
Event: 409.052 Thread 0x00007fde4f368000 Implicit null exception at 0x0000000111aec3ca to 0x0000000111aecc41

Events (10 events):
Event: 516.132 Thread 0x00007fde47d10000 flushing nmethod 0x0000000111bad150
Event: 516.134 Thread 0x00007fde4749c000 flushing nmethod 0x0000000111c46110
Event: 516.134 Thread 0x00007fde47d10000 flushing nmethod 0x0000000111d50ed0
Event: 516.134 Thread 0x00007fde47d10000 flushing nmethod 0x0000000111d6f490
Event: 516.134 Thread 0x00007fde47d10000 flushing nmethod 0x0000000111d74f10
Event: 516.135 Thread 0x00007fde47d10000 flushing nmethod 0x0000000111d77390
Event: 516.135 Thread 0x00007fde47d10000 flushing nmethod 0x0000000111d81c10
Event: 516.135 Thread 0x00007fde47d10000 flushing nmethod 0x0000000111d82510
Event: 516.139 Thread 0x00007fde47d10000 flushing nmethod 0x0000000111ddebd0
Event: 516.139 Thread 0x00007fde47d10000 flushing nmethod 0x0000000111e16c50


Dynamic libraries:
0x0000000013969000 	/System/Library/Frameworks/Cocoa.framework/Versions/A/Cocoa
0x0000000013969000 	/System/Library/Frameworks/Security.framework/Versions/A/Security
0x0000000013969000 	/System/Library/Frameworks/ApplicationServices.framework/Versions/A/ApplicationServices
0x0000000013969000 	/usr/lib/libz.1.dylib
0x0000000013969000 	/usr/lib/libSystem.B.dylib
0x0000000013969000 	/usr/lib/libobjc.A.dylib
0x0000000013969000 	/System/Library/Frameworks/CoreFoundation.framework/Versions/A/CoreFoundation
0x0000000013969000 	/System/Library/Frameworks/Foundation.framework/Versions/C/Foundation
0x0000000013969000 	/System/Library/Frameworks/AppKit.framework/Versions/C/AppKit
0x0000000013969000 	/System/Library/Frameworks/CoreData.framework/Versions/A/CoreData
0x0000000013969000 	/System/Library/PrivateFrameworks/RemoteViewServices.framework/Versions/A/RemoteViewServices
0x0000000013969000 	/System/Library/PrivateFrameworks/UIFoundation.framework/Versions/A/UIFoundation
0x0000000013969000 	/System/Library/PrivateFrameworks/DFRFoundation.framework/Versions/A/DFRFoundation
0x0000000013969000 	/System/Library/Frameworks/Metal.framework/Versions/A/Metal
0x0000000013969000 	/System/Library/PrivateFrameworks/DesktopServicesPriv.framework/Versions/A/DesktopServicesPriv
0x0000000013969000 	/usr/lib/libenergytrace.dylib
0x0000000013969000 	/System/Library/PrivateFrameworks/SkyLight.framework/Versions/A/SkyLight
0x0000000013969000 	/System/Library/Frameworks/CoreGraphics.framework/Versions/A/CoreGraphics
0x0000000013969000 	/usr/lib/libScreenReader.dylib
0x0000000013969000 	/System/Library/Frameworks/Accelerate.framework/Versions/A/Accelerate
0x0000000013969000 	/System/Library/Frameworks/IOSurface.framework/Versions/A/IOSurface
0x0000000013969000 	/System/Library/Frameworks/AudioToolbox.framework/Versions/A/AudioToolbox
0x0000000013969000 	/System/Library/Frameworks/AudioUnit.framework/Versions/A/AudioUnit
0x0000000013969000 	/System/Library/PrivateFrameworks/DataDetectorsCore.framework/Versions/A/DataDetectorsCore
0x0000000013969000 	/System/Library/Frameworks/Carbon.framework/Versions/A/Frameworks/HIToolbox.framework/Versions/A/HIToolbox
0x0000000013969000 	/usr/lib/libicucore.A.dylib
0x0000000013969000 	/System/Library/Frameworks/QuartzCore.framework/Versions/A/QuartzCore
0x0000000013969000 	/System/Library/PrivateFrameworks/SignpostNotification.framework/Versions/A/SignpostNotification
0x0000000013969000 	/System/Library/Frameworks/Carbon.framework/Versions/A/Frameworks/SpeechRecognition.framework/Versions/A/SpeechRecognition
0x0000000013969000 	/usr/lib/libauto.dylib
0x0000000013969000 	/usr/lib/libxml2.2.dylib
0x0000000013969000 	/System/Library/PrivateFrameworks/CoreUI.framework/Versions/A/CoreUI
0x0000000013969000 	/System/Library/Frameworks/CoreAudio.framework/Versions/A/CoreAudio
0x0000000013969000 	/System/Library/Frameworks/DiskArbitration.framework/Versions/A/DiskArbitration
0x0000000013969000 	/usr/lib/liblangid.dylib
0x0000000013969000 	/System/Library/PrivateFrameworks/MultitouchSupport.framework/Versions/A/MultitouchSupport
0x0000000013969000 	/System/Library/Frameworks/IOKit.framework/Versions/A/IOKit
0x0000000013969000 	/usr/lib/libDiagnosticMessagesClient.dylib
0x0000000013969000 	/System/Library/Frameworks/CoreServices.framework/Versions/A/CoreServices
0x0000000013969000 	/System/Library/PrivateFrameworks/PerformanceAnalysis.framework/Versions/A/PerformanceAnalysis
0x0000000013969000 	/System/Library/Frameworks/OpenGL.framework/Versions/A/OpenGL
0x0000000013969000 	/System/Library/Frameworks/ColorSync.framework/Versions/A/ColorSync
0x0000000013969000 	/System/Library/Frameworks/CoreImage.framework/Versions/A/CoreImage
0x0000000013969000 	/System/Library/Frameworks/CoreText.framework/Versions/A/CoreText
0x0000000013969000 	/System/Library/Frameworks/ImageIO.framework/Versions/A/ImageIO
0x0000000013969000 	/System/Library/PrivateFrameworks/Backup.framework/Versions/A/Backup
0x0000000013969000 	/usr/lib/libarchive.2.dylib
0x0000000013969000 	/System/Library/Frameworks/CFNetwork.framework/Versions/A/CFNetwork
0x0000000013969000 	/System/Library/Frameworks/SystemConfiguration.framework/Versions/A/SystemConfiguration
0x0000000013969000 	/usr/lib/libCRFSuite.dylib
0x0000000013969000 	/usr/lib/libc++.1.dylib
0x0000000013969000 	/usr/lib/libc++abi.dylib
0x0000000013969000 	/usr/lib/system/libcache.dylib
0x0000000013969000 	/usr/lib/system/libcommonCrypto.dylib
0x0000000013969000 	/usr/lib/system/libcompiler_rt.dylib
0x0000000013969000 	/usr/lib/system/libcopyfile.dylib
0x0000000013969000 	/usr/lib/system/libcorecrypto.dylib
0x0000000013969000 	/usr/lib/system/libdispatch.dylib
0x0000000013969000 	/usr/lib/system/libdyld.dylib
0x0000000013969000 	/usr/lib/system/libkeymgr.dylib
0x0000000013969000 	/usr/lib/system/liblaunch.dylib
0x0000000013969000 	/usr/lib/system/libmacho.dylib
0x0000000013969000 	/usr/lib/system/libquarantine.dylib
0x0000000013969000 	/usr/lib/system/libremovefile.dylib
0x0000000013969000 	/usr/lib/system/libsystem_asl.dylib
0x0000000013969000 	/usr/lib/system/libsystem_blocks.dylib
0x0000000013969000 	/usr/lib/system/libsystem_c.dylib
0x0000000013969000 	/usr/lib/system/libsystem_configuration.dylib
0x0000000013969000 	/usr/lib/system/libsystem_coreservices.dylib
0x0000000013969000 	/usr/lib/system/libsystem_darwin.dylib
0x0000000013969000 	/usr/lib/system/libsystem_dnssd.dylib
0x0000000013969000 	/usr/lib/system/libsystem_info.dylib
0x0000000013969000 	/usr/lib/system/libsystem_m.dylib
0x0000000013969000 	/usr/lib/system/libsystem_malloc.dylib
0x0000000013969000 	/usr/lib/system/libsystem_network.dylib
0x0000000013969000 	/usr/lib/system/libsystem_networkextension.dylib
0x0000000013969000 	/usr/lib/system/libsystem_notify.dylib
0x0000000013969000 	/usr/lib/system/libsystem_sandbox.dylib
0x0000000013969000 	/usr/lib/system/libsystem_secinit.dylib
0x0000000013969000 	/usr/lib/system/libsystem_kernel.dylib
0x0000000013969000 	/usr/lib/system/libsystem_platform.dylib
0x0000000013969000 	/usr/lib/system/libsystem_pthread.dylib
0x0000000013969000 	/usr/lib/system/libsystem_symptoms.dylib
0x0000000013969000 	/usr/lib/system/libsystem_trace.dylib
0x0000000013969000 	/usr/lib/system/libunwind.dylib
0x0000000013969000 	/usr/lib/system/libxpc.dylib
0x0000000013969000 	/usr/lib/closure/libclosured.dylib
0x0000000013969000 	/usr/lib/libbsm.0.dylib
0x0000000013969000 	/usr/lib/system/libkxld.dylib
0x0000000013969000 	/usr/lib/libOpenScriptingUtil.dylib
0x0000000013969000 	/usr/lib/libcoretls.dylib
0x0000000013969000 	/usr/lib/libcoretls_cfhelpers.dylib
0x0000000013969000 	/usr/lib/libpam.2.dylib
0x0000000013969000 	/usr/lib/libsqlite3.dylib
0x0000000013969000 	/usr/lib/libxar.1.dylib
0x0000000013969000 	/usr/lib/libbz2.1.0.dylib
0x0000000013969000 	/usr/lib/liblzma.5.dylib
0x0000000013969000 	/usr/lib/libnetwork.dylib
0x0000000013969000 	/usr/lib/libapple_nghttp2.dylib
0x0000000013969000 	/usr/lib/libpcap.A.dylib
0x0000000013969000 	/usr/lib/libboringssl.dylib
0x0000000013969000 	/usr/lib/libusrtcp.dylib
0x0000000013969000 	/usr/lib/libapple_crypto.dylib
0x0000000013969000 	/System/Library/Frameworks/CoreServices.framework/Versions/A/Frameworks/FSEvents.framework/Versions/A/FSEvents
0x0000000013969000 	/System/Library/Frameworks/CoreServices.framework/Versions/A/Frameworks/CarbonCore.framework/Versions/A/CarbonCore
0x0000000013969000 	/System/Library/Frameworks/CoreServices.framework/Versions/A/Frameworks/Metadata.framework/Versions/A/Metadata
0x0000000013969000 	/System/Library/Frameworks/CoreServices.framework/Versions/A/Frameworks/OSServices.framework/Versions/A/OSServices
0x0000000013969000 	/System/Library/Frameworks/CoreServices.framework/Versions/A/Frameworks/SearchKit.framework/Versions/A/SearchKit
0x0000000013969000 	/System/Library/Frameworks/CoreServices.framework/Versions/A/Frameworks/AE.framework/Versions/A/AE
0x0000000013969000 	/System/Library/Frameworks/CoreServices.framework/Versions/A/Frameworks/LaunchServices.framework/Versions/A/LaunchServices
0x0000000013969000 	/System/Library/Frameworks/CoreServices.framework/Versions/A/Frameworks/DictionaryServices.framework/Versions/A/DictionaryServices
0x0000000013969000 	/System/Library/Frameworks/CoreServices.framework/Versions/A/Frameworks/SharedFileList.framework/Versions/A/SharedFileList
0x0000000013969000 	/System/Library/Frameworks/NetFS.framework/Versions/A/NetFS
0x0000000013969000 	/System/Library/PrivateFrameworks/NetAuth.framework/Versions/A/NetAuth
0x0000000013969000 	/System/Library/PrivateFrameworks/login.framework/Versions/A/Frameworks/loginsupport.framework/Versions/A/loginsupport
0x0000000013969000 	/System/Library/PrivateFrameworks/TCC.framework/Versions/A/TCC
0x0000000013969000 	/usr/lib/libmecabra.dylib
0x0000000013969000 	/System/Library/Frameworks/ApplicationServices.framework/Versions/A/Frameworks/ATS.framework/Versions/A/ATS
0x0000000013969000 	/System/Library/Frameworks/ApplicationServices.framework/Versions/A/Frameworks/ColorSyncLegacy.framework/Versions/A/ColorSyncLegacy
0x0000000013969000 	/System/Library/Frameworks/ApplicationServices.framework/Versions/A/Frameworks/HIServices.framework/Versions/A/HIServices
0x0000000013969000 	/System/Library/Frameworks/ApplicationServices.framework/Versions/A/Frameworks/LangAnalysis.framework/Versions/A/LangAnalysis
0x0000000013969000 	/System/Library/Frameworks/ApplicationServices.framework/Versions/A/Frameworks/PrintCore.framework/Versions/A/PrintCore
0x0000000013969000 	/System/Library/Frameworks/ApplicationServices.framework/Versions/A/Frameworks/QD.framework/Versions/A/QD
0x0000000013969000 	/System/Library/Frameworks/ApplicationServices.framework/Versions/A/Frameworks/SpeechSynthesis.framework/Versions/A/SpeechSynthesis
0x0000000013969000 	/System/Library/Frameworks/CoreDisplay.framework/Versions/A/CoreDisplay
0x0000000013969000 	/System/Library/Frameworks/Accelerate.framework/Versions/A/Frameworks/vImage.framework/Versions/A/vImage
0x0000000013969000 	/System/Library/Frameworks/Accelerate.framework/Versions/A/Frameworks/vecLib.framework/Versions/A/vecLib
0x0000000013969000 	/System/Library/Frameworks/Accelerate.framework/Versions/A/Frameworks/vecLib.framework/Versions/A/libvDSP.dylib
0x0000000013969000 	/System/Library/Frameworks/Accelerate.framework/Versions/A/Frameworks/vecLib.framework/Versions/A/libBNNS.dylib
0x0000000013969000 	/System/Library/Frameworks/Accelerate.framework/Versions/A/Frameworks/vecLib.framework/Versions/A/libQuadrature.dylib
0x0000000013969000 	/System/Library/Frameworks/Accelerate.framework/Versions/A/Frameworks/vecLib.framework/Versions/A/libvMisc.dylib
0x0000000013969000 	/System/Library/Frameworks/Accelerate.framework/Versions/A/Frameworks/vecLib.framework/Versions/A/libLAPACK.dylib
0x0000000013969000 	/System/Library/Frameworks/Accelerate.framework/Versions/A/Frameworks/vecLib.framework/Versions/A/libBLAS.dylib
0x0000000013969000 	/System/Library/Frameworks/Accelerate.framework/Versions/A/Frameworks/vecLib.framework/Versions/A/libLinearAlgebra.dylib
0x0000000013969000 	/System/Library/Frameworks/Accelerate.framework/Versions/A/Frameworks/vecLib.framework/Versions/A/libSparse.dylib
0x0000000013969000 	/System/Library/Frameworks/Accelerate.framework/Versions/A/Frameworks/vecLib.framework/Versions/A/libSparseBLAS.dylib
0x0000000013969000 	/System/Library/PrivateFrameworks/GPUWrangler.framework/Versions/A/GPUWrangler
0x0000000013969000 	/System/Library/PrivateFrameworks/IOAccelerator.framework/Versions/A/IOAccelerator
0x0000000013969000 	/System/Library/PrivateFrameworks/IOPresentment.framework/Versions/A/IOPresentment
0x0000000013969000 	/System/Library/PrivateFrameworks/DSExternalDisplay.framework/Versions/A/DSExternalDisplay
0x0000000013969000 	/System/Library/Frameworks/OpenGL.framework/Versions/A/Libraries/libCoreFSCache.dylib
0x0000000013969000 	/System/Library/Frameworks/CoreVideo.framework/Versions/A/CoreVideo
0x0000000013969000 	/System/Library/PrivateFrameworks/GraphVisualizer.framework/Versions/A/GraphVisualizer
0x0000000013969000 	/System/Library/Frameworks/MetalPerformanceShaders.framework/Versions/A/MetalPerformanceShaders
0x0000000013969000 	/usr/lib/libFosl_dynamic.dylib
0x0000000013969000 	/System/Library/PrivateFrameworks/FaceCore.framework/Versions/A/FaceCore
0x0000000013969000 	/System/Library/Frameworks/OpenCL.framework/Versions/A/OpenCL
0x0000000013969000 	/usr/lib/libcompression.dylib
0x0000000013969000 	/System/Library/Frameworks/ApplicationServices.framework/Versions/A/Frameworks/ATS.framework/Versions/A/Resources/libFontParser.dylib
0x0000000013969000 	/System/Library/Frameworks/ApplicationServices.framework/Versions/A/Frameworks/ATS.framework/Versions/A/Resources/libFontRegistry.dylib
0x0000000013969000 	/System/Library/Frameworks/ImageIO.framework/Versions/A/Resources/libJPEG.dylib
0x0000000013969000 	/System/Library/Frameworks/ImageIO.framework/Versions/A/Resources/libTIFF.dylib
0x0000000013969000 	/System/Library/Frameworks/ImageIO.framework/Versions/A/Resources/libPng.dylib
0x0000000013969000 	/System/Library/Frameworks/ImageIO.framework/Versions/A/Resources/libGIF.dylib
0x0000000013969000 	/System/Library/Frameworks/ImageIO.framework/Versions/A/Resources/libJP2.dylib
0x0000000013969000 	/System/Library/Frameworks/ImageIO.framework/Versions/A/Resources/libRadiance.dylib
0x0000000013969000 	/System/Library/PrivateFrameworks/AppleJPEG.framework/Versions/A/AppleJPEG
0x0000000013969000 	/System/Library/Frameworks/MetalPerformanceShaders.framework/Frameworks/MPSCore.framework/Versions/A/MPSCore
0x0000000013969000 	/System/Library/Frameworks/MetalPerformanceShaders.framework/Frameworks/MPSImage.framework/Versions/A/MPSImage
0x0000000013969000 	/System/Library/Frameworks/MetalPerformanceShaders.framework/Frameworks/MPSNeuralNetwork.framework/Versions/A/MPSNeuralNetwork
0x0000000013969000 	/System/Library/Frameworks/MetalPerformanceShaders.framework/Frameworks/MPSMatrix.framework/Versions/A/MPSMatrix
0x0000000013969000 	/System/Library/PrivateFrameworks/MetalTools.framework/Versions/A/MetalTools
0x0000000013969000 	/System/Library/Frameworks/OpenGL.framework/Versions/A/Libraries/libGLU.dylib
0x0000000013969000 	/System/Library/Frameworks/OpenGL.framework/Versions/A/Libraries/libGFXShared.dylib
0x0000000013969000 	/System/Library/Frameworks/OpenGL.framework/Versions/A/Libraries/libGL.dylib
0x0000000013969000 	/System/Library/Frameworks/OpenGL.framework/Versions/A/Libraries/libGLImage.dylib
0x0000000013969000 	/System/Library/Frameworks/OpenGL.framework/Versions/A/Libraries/libCVMSPluginSupport.dylib
0x0000000013969000 	/System/Library/Frameworks/OpenGL.framework/Versions/A/Libraries/libCoreVMClient.dylib
0x0000000013969000 	/usr/lib/libcups.2.dylib
0x0000000013969000 	/System/Library/Frameworks/Kerberos.framework/Versions/A/Kerberos
0x0000000013969000 	/System/Library/Frameworks/GSS.framework/Versions/A/GSS
0x0000000013969000 	/usr/lib/libresolv.9.dylib
0x0000000013969000 	/usr/lib/libiconv.2.dylib
0x0000000013969000 	/System/Library/PrivateFrameworks/Heimdal.framework/Versions/A/Heimdal
0x0000000013969000 	/usr/lib/libheimdal-asn1.dylib
0x0000000013969000 	/System/Library/Frameworks/OpenDirectory.framework/Versions/A/OpenDirectory
0x0000000013969000 	/System/Library/PrivateFrameworks/CommonAuth.framework/Versions/A/CommonAuth
0x0000000013969000 	/System/Library/Frameworks/OpenDirectory.framework/Versions/A/Frameworks/CFOpenDirectory.framework/Versions/A/CFOpenDirectory
0x0000000013969000 	/System/Library/Frameworks/SecurityFoundation.framework/Versions/A/SecurityFoundation
0x0000000013969000 	/System/Library/PrivateFrameworks/APFS.framework/Versions/A/APFS
0x0000000013969000 	/usr/lib/libutil.dylib
0x0000000013969000 	/System/Library/PrivateFrameworks/AppleSauce.framework/Versions/A/AppleSauce
0x0000000013969000 	/System/Library/PrivateFrameworks/LinguisticData.framework/Versions/A/LinguisticData
0x0000000013969000 	/usr/lib/libmarisa.dylib
0x0000000013969000 	/System/Library/PrivateFrameworks/Lexicon.framework/Versions/A/Lexicon
0x0000000013969000 	/usr/lib/libChineseTokenizer.dylib
0x0000000013969000 	/usr/lib/libcmph.dylib
0x0000000013969000 	/System/Library/PrivateFrameworks/LanguageModeling.framework/Versions/A/LanguageModeling
0x0000000013969000 	/System/Library/PrivateFrameworks/CoreEmoji.framework/Versions/A/CoreEmoji
0x0000000013969000 	/System/Library/Frameworks/ServiceManagement.framework/Versions/A/ServiceManagement
0x0000000013969000 	/System/Library/PrivateFrameworks/BackgroundTaskManagement.framework/Versions/A/BackgroundTaskManagement
0x0000000013969000 	/usr/lib/libxslt.1.dylib
0x0000000013969000 	/System/Library/Frameworks/Carbon.framework/Versions/A/Frameworks/Ink.framework/Versions/A/Ink
0x0000000013969000 	/System/Library/PrivateFrameworks/TextureIO.framework/Versions/A/TextureIO
0x0000000013969000 	/usr/lib/libate.dylib
0x0000000013969000 	/System/Library/PrivateFrameworks/CrashReporterSupport.framework/Versions/A/CrashReporterSupport
0x0000000013969000 	/System/Library/PrivateFrameworks/Sharing.framework/Versions/A/Sharing
0x0000000013969000 	/System/Library/PrivateFrameworks/IconServices.framework/Versions/A/IconServices
0x0000000013969000 	/System/Library/PrivateFrameworks/AuthKit.framework/Versions/A/AuthKit
0x0000000013969000 	/System/Library/PrivateFrameworks/Apple80211.framework/Versions/A/Apple80211
0x0000000013969000 	/System/Library/PrivateFrameworks/CoreUtils.framework/Versions/A/CoreUtils
0x0000000013969000 	/System/Library/Frameworks/CoreWLAN.framework/Versions/A/CoreWLAN
0x0000000013969000 	/System/Library/Frameworks/IOBluetooth.framework/Versions/A/IOBluetooth
0x0000000013969000 	/System/Library/PrivateFrameworks/ProtocolBuffer.framework/Versions/A/ProtocolBuffer
0x0000000013969000 	/System/Library/PrivateFrameworks/MobileKeyBag.framework/Versions/A/MobileKeyBag
0x0000000013969000 	/System/Library/PrivateFrameworks/CorePhoneNumbers.framework/Versions/A/CorePhoneNumbers
0x0000000013969000 	/System/Library/PrivateFrameworks/AppleIDAuthSupport.framework/Versions/A/AppleIDAuthSupport
0x0000000013969000 	/System/Library/PrivateFrameworks/KeychainCircle.framework/Versions/A/KeychainCircle
0x0000000013969000 	/System/Library/PrivateFrameworks/CoreWiFi.framework/Versions/A/CoreWiFi
0x0000000013969000 	/System/Library/Frameworks/CoreBluetooth.framework/Versions/A/CoreBluetooth
0x0000000013969000 	/System/Library/PrivateFrameworks/DebugSymbols.framework/Versions/A/DebugSymbols
0x0000000013969000 	/System/Library/PrivateFrameworks/CoreSymbolication.framework/Versions/A/CoreSymbolication
0x0000000013969000 	/System/Library/PrivateFrameworks/Symbolication.framework/Versions/A/Symbolication
0x0000000013969000 	/System/Library/PrivateFrameworks/AppleFSCompression.framework/Versions/A/AppleFSCompression
0x0000000013969000 	/System/Library/PrivateFrameworks/SpeechRecognitionCore.framework/Versions/A/SpeechRecognitionCore
0x0000000105850000 	/Library/Java/JavaVirtualMachines/jdk1.8.0_161.jdk/Contents/Home/jre/lib/server/libjvm.dylib
0x0000000013969000 	/usr/lib/libstdc++.6.0.9.dylib
0x0000000107000000 	/Library/Java/JavaVirtualMachines/jdk1.8.0_161.jdk/Contents/Home/jre/lib/libverify.dylib
0x000000010700e000 	/Library/Java/JavaVirtualMachines/jdk1.8.0_161.jdk/Contents/Home/jre/lib/libjava.dylib
0x0000000107044000 	/Library/Java/JavaVirtualMachines/jdk1.8.0_161.jdk/Contents/Home/jre/lib/libinstrument.dylib
0x00000001070e1000 	/Library/Java/JavaVirtualMachines/jdk1.8.0_161.jdk/Contents/Home/jre/lib/libzip.dylib
0x0000000123acd000 	/Library/Java/JavaVirtualMachines/jdk1.8.0_161.jdk/Contents/Home/jre/lib/libnet.dylib
0x0000000123b8b000 	/Library/Java/JavaVirtualMachines/jdk1.8.0_161.jdk/Contents/Home/jre/lib/libosx.dylib
0x0000000123b99000 	/Library/Java/JavaVirtualMachines/jdk1.8.0_161.jdk/Contents/Home/jre/lib/./libosxapp.dylib
0x0000000013969000 	/System/Library/Frameworks/JavaVM.framework/Versions/A/Frameworks/JavaNativeFoundation.framework/Versions/A/JavaNativeFoundation
0x0000000013969000 	/System/Library/Frameworks/JavaVM.framework/Versions/A/Frameworks/JavaRuntimeSupport.framework/Versions/A/JavaRuntimeSupport
0x0000000013969000 	/System/Library/Frameworks/Carbon.framework/Versions/A/Carbon
0x0000000013969000 	/System/Library/Frameworks/ExceptionHandling.framework/Versions/A/ExceptionHandling
0x0000000013969000 	/System/Library/Frameworks/Carbon.framework/Versions/A/Frameworks/CommonPanels.framework/Versions/A/CommonPanels
0x0000000013969000 	/System/Library/Frameworks/Carbon.framework/Versions/A/Frameworks/Help.framework/Versions/A/Help
0x0000000013969000 	/System/Library/Frameworks/Carbon.framework/Versions/A/Frameworks/ImageCapture.framework/Versions/A/ImageCapture
0x0000000013969000 	/System/Library/Frameworks/Carbon.framework/Versions/A/Frameworks/OpenScripting.framework/Versions/A/OpenScripting
0x0000000013969000 	/System/Library/Frameworks/Carbon.framework/Versions/A/Frameworks/Print.framework/Versions/A/Print
0x0000000013969000 	/System/Library/Frameworks/Carbon.framework/Versions/A/Frameworks/SecurityHI.framework/Versions/A/SecurityHI
0x0000000013969000 	/System/Library/Frameworks/JavaVM.framework/Versions/A/JavaVM
0x0000000013969000 	/System/Library/PrivateFrameworks/JavaLaunching.framework/Versions/A/JavaLaunching
0x0000000123fbf000 	/Library/Java/JavaVirtualMachines/jdk1.8.0_161.jdk/Contents/Home/jre/lib/libawt.dylib
0x00000001247a5000 	/Library/Java/JavaVirtualMachines/jdk1.8.0_161.jdk/Contents/Home/jre/lib/./libmlib_image.dylib
0x0000000124871000 	/Library/Java/JavaVirtualMachines/jdk1.8.0_161.jdk/Contents/Home/jre/lib/libawt_lwawt.dylib
0x0000000013969000 	/System/Library/PrivateFrameworks/CoreServicesInternal.framework/Versions/A/CoreServicesInternal
0x0000000013969000 	/System/Library/CoreServices/RawCamera.bundle/Contents/MacOS/RawCamera
0x0000000013969000 	/System/Library/PrivateFrameworks/MobileAsset.framework/Versions/A/MobileAsset
0x0000000013969000 	/System/Library/PrivateFrameworks/StreamingZip.framework/Versions/A/StreamingZip
0x0000000013969000 	/System/Library/Frameworks/MediaToolbox.framework/Versions/A/MediaToolbox
0x0000000013969000 	/System/Library/PrivateFrameworks/CoreAVCHD.framework/Versions/A/CoreAVCHD
0x0000000013969000 	/System/Library/Frameworks/MediaAccessibility.framework/Versions/A/MediaAccessibility
0x0000000013969000 	/System/Library/PrivateFrameworks/Mangrove.framework/Versions/A/Mangrove
0x0000000013969000 	/System/Library/Frameworks/CoreMedia.framework/Versions/A/CoreMedia
0x0000000013969000 	/System/Library/Frameworks/VideoToolbox.framework/Versions/A/VideoToolbox
0x0000000013969000 	/System/Library/PrivateFrameworks/CoreAUC.framework/Versions/A/CoreAUC
0x0000000013969000 	/usr/lib/libspindump.dylib
0x0000000013969000 	/System/Library/PrivateFrameworks/AppleVA.framework/Versions/A/AppleVA
0x0000000013969000 	/System/Library/Frameworks/Accelerate.framework/Versions/A/Frameworks/vImage.framework/Versions/A/Libraries/libCGInterfaces.dylib
0x0000000013969000 	/System/Library/Frameworks/ApplicationServices.framework/Versions/A/Frameworks/ATS.framework/Versions/A/Resources/libTrueTypeScaler.dylib
0x0000000013969000 	/System/Library/Extensions/AppleIntelKBLGraphicsMTLDriver.bundle/Contents/MacOS/AppleIntelKBLGraphicsMTLDriver
0x0000000013969000 	/System/Library/PrivateFrameworks/GPUCompiler.framework/Versions/3802/Libraries/libmetal_timestamp.dylib
0x0000000013969000 	/System/Library/PrivateFrameworks/FamilyControls.framework/Versions/A/FamilyControls
0x0000000013969000 	/System/Library/PrivateFrameworks/CommerceKit.framework/Versions/A/Frameworks/CommerceCore.framework/Versions/A/CommerceCore
0x0000000013969000 	/System/Library/PrivateFrameworks/SystemAdministration.framework/Versions/A/SystemAdministration
0x0000000013969000 	/System/Library/PrivateFrameworks/AppContainer.framework/Versions/A/AppContainer
0x0000000013969000 	/System/Library/PrivateFrameworks/SecCodeWrapper.framework/Versions/A/SecCodeWrapper
0x0000000013969000 	/System/Library/PrivateFrameworks/DiskManagement.framework/Versions/A/DiskManagement
0x0000000013969000 	/System/Library/Frameworks/DirectoryService.framework/Versions/A/DirectoryService
0x0000000013969000 	/System/Library/PrivateFrameworks/DiskImages.framework/Versions/A/DiskImages
0x0000000013969000 	/System/Library/PrivateFrameworks/LoginUIKit.framework/Versions/A/Frameworks/LoginUICore.framework/Versions/A/LoginUICore
0x0000000013969000 	/usr/lib/libCoreStorage.dylib
0x0000000013969000 	/usr/lib/libcsfde.dylib
0x0000000013969000 	/usr/lib/libodfde.dylib
0x0000000013969000 	/System/Library/PrivateFrameworks/MediaKit.framework/Versions/A/MediaKit
0x0000000013969000 	/System/Library/Frameworks/DiscRecording.framework/Versions/A/DiscRecording
0x0000000013969000 	/System/Library/PrivateFrameworks/EFILogin.framework/Versions/A/EFILogin
0x0000000013969000 	/System/Library/PrivateFrameworks/ProtectedCloudStorage.framework/Versions/A/ProtectedCloudStorage
0x0000000013969000 	/usr/lib/libcurl.4.dylib
0x0000000013969000 	/usr/lib/libcrypto.35.dylib
0x0000000013969000 	/usr/lib/libssl.35.dylib
0x0000000013969000 	/System/Library/Frameworks/LDAP.framework/Versions/A/LDAP
0x0000000013969000 	/System/Library/PrivateFrameworks/TrustEvaluationAgent.framework/Versions/A/TrustEvaluationAgent
0x0000000013969000 	/usr/lib/libsasl2.2.dylib
0x0000000013969000 	/System/Library/PrivateFrameworks/CoreDaemon.framework/Versions/B/CoreDaemon
0x0000000013969000 	/System/Library/PrivateFrameworks/AppleSRP.framework/Versions/A/AppleSRP
0x0000000126999000 	/Library/Java/JavaVirtualMachines/jdk1.8.0_161.jdk/Contents/Home/jre/lib/libfontmanager.dylib
0x0000000013969000 	/System/Library/PrivateFrameworks/ViewBridge.framework/Versions/A/ViewBridge
0x0000000013969000 	/System/Library/Frameworks/OpenGL.framework/Versions/A/Resources/GLEngine.bundle/GLEngine
0x0000000013969000 	/System/Library/Frameworks/OpenGL.framework/Versions/A/Libraries/libGLProgrammability.dylib
0x0000000127c4d000 	/System/Library/Extensions/AppleIntelKBLGraphicsGLDriver.bundle/Contents/MacOS/AppleIntelKBLGraphicsGLDriver
0x0000000013969000 	/System/Library/PrivateFrameworks/GPUSupport.framework/Versions/A/Libraries/libGPUSupportMercury.dylib
0x0000000013969000 	/System/Library/Frameworks/OpenGL.framework/Versions/A/Resources/GLRendererFloat.bundle/GLRendererFloat
0x0000000013969000 	/System/Library/Frameworks/OpenCL.framework/Versions/A/Libraries/libcldcpuengine.dylib
0x0000000123b6f000 	/Library/Java/JavaVirtualMachines/jdk1.8.0_161.jdk/Contents/Home/jre/lib/libosxui.dylib
0x0000000123e6c000 	/Library/Java/JavaVirtualMachines/jdk1.8.0_161.jdk/Contents/Home/jre/lib/libnio.dylib
0x0000000157332000 	/Library/Java/JavaVirtualMachines/jdk1.8.0_161.jdk/Contents/Home/jre/lib/libdcpr.dylib
0x0000000013969000 	/System/Library/PrivateFrameworks/FinderKit.framework/Versions/A/FinderKit
0x0000000013969000 	/System/Library/Frameworks/Quartz.framework/Versions/A/Frameworks/QuickLookUI.framework/Versions/A/QuickLookUI
0x0000000013969000 	/System/Library/Frameworks/Quartz.framework/Versions/A/Frameworks/ImageKit.framework/Versions/A/ImageKit
0x0000000013969000 	/System/Library/Frameworks/QuickLook.framework/Versions/A/QuickLook
0x0000000013969000 	/System/Library/PrivateFrameworks/AppleSystemInfo.framework/Versions/A/AppleSystemInfo
0x0000000013969000 	/System/Library/Frameworks/ImageCaptureCore.framework/Versions/A/ImageCaptureCore
0x0000000013969000 	/System/Library/PrivateFrameworks/Suggestions.framework/Versions/A/Suggestions
0x0000000013969000 	/System/Library/Frameworks/SafariServices.framework/Versions/A/SafariServices
0x0000000013969000 	/System/Library/Frameworks/QTKit.framework/Versions/A/QTKit
0x0000000013969000 	/System/Library/Frameworks/AVFoundation.framework/Versions/A/AVFoundation
0x0000000013969000 	/System/Library/PrivateFrameworks/CoreMediaAuthoring.framework/Versions/A/CoreMediaAuthoring
0x0000000013969000 	/System/Library/Frameworks/CoreMediaIO.framework/Versions/A/CoreMediaIO
0x0000000013969000 	/System/Library/Frameworks/AVFoundation.framework/Versions/A/Frameworks/AVFAudio.framework/Versions/A/AVFAudio
0x0000000013969000 	/System/Library/PrivateFrameworks/IntlPreferences.framework/Versions/A/IntlPreferences
0x0000000013969000 	/System/Library/PrivateFrameworks/RemoteServiceDiscovery.framework/Versions/A/RemoteServiceDiscovery
0x0000000013969000 	/System/Library/PrivateFrameworks/RemoteXPC.framework/Versions/A/RemoteXPC
0x0000000013969000 	/System/Library/PrivateFrameworks/InternationalSupport.framework/Versions/A/InternationalSupport
0x0000000013969000 	/System/Library/PrivateFrameworks/QuickLookThumbnailing.framework/Versions/A/QuickLookThumbnailing
0x0000000013969000 	/System/Library/PrivateFrameworks/GenerationalStorage.framework/Versions/A/GenerationalStorage
0x0000000013969000 	/System/Library/PrivateFrameworks/ChunkingLibrary.framework/Versions/A/ChunkingLibrary
0x0000000013969000 	/System/Library/PrivateFrameworks/DisplayServices.framework/Versions/A/DisplayServices
0x0000000013969000 	/System/Library/Frameworks/Quartz.framework/Versions/A/Frameworks/PDFKit.framework/Versions/A/PDFKit
0x0000000013969000 	/System/Library/Frameworks/Quartz.framework/Versions/A/Frameworks/QuartzComposer.framework/Versions/A/QuartzComposer
0x0000000013969000 	/System/Library/Frameworks/Quartz.framework/Versions/A/Frameworks/QuartzFilters.framework/Versions/A/QuartzFilters
0x0000000013969000 	/System/Library/PrivateFrameworks/CoreBrightness.framework/Versions/A/CoreBrightness
0x0000000013969000 	/System/Library/PrivateFrameworks/BezelServices.framework/Versions/A/BezelServices
0x0000000013969000 	/System/Library/PrivateFrameworks/CorePDF.framework/Versions/A/CorePDF
0x0000000013969000 	/System/Library/Frameworks/JavaScriptCore.framework/Versions/A/JavaScriptCore
0x0000000013969000 	/System/Library/Frameworks/AddressBook.framework/Versions/A/AddressBook
0x0000000013969000 	/System/Library/PrivateFrameworks/ContactsPersistence.framework/Versions/A/ContactsPersistence
0x0000000013969000 	/System/Library/PrivateFrameworks/ApplePushService.framework/Versions/A/ApplePushService
0x0000000013969000 	/System/Library/PrivateFrameworks/CalendarAgentLink.framework/Versions/A/CalendarAgentLink
0x0000000013969000 	/System/Library/PrivateFrameworks/ContactsFoundation.framework/Versions/A/ContactsFoundation
0x0000000013969000 	/System/Library/Frameworks/Quartz.framework/Versions/A/Quartz
0x0000000013969000 	/System/Library/Frameworks/SecurityInterface.framework/Versions/A/SecurityInterface
0x0000000013969000 	/System/Library/PrivateFrameworks/ToneKit.framework/Versions/A/ToneKit
0x0000000013969000 	/System/Library/PrivateFrameworks/ToneLibrary.framework/Versions/A/ToneLibrary
0x0000000013969000 	/System/Library/PrivateFrameworks/vCard.framework/Versions/A/vCard
0x0000000013969000 	/System/Library/Frameworks/Accounts.framework/Versions/A/Accounts
0x0000000013969000 	/System/Library/PrivateFrameworks/PhoneNumbers.framework/Versions/A/PhoneNumbers
0x0000000013969000 	/System/Library/PrivateFrameworks/CommonUtilities.framework/Versions/A/CommonUtilities
0x0000000013969000 	/System/Library/PrivateFrameworks/CloudDocs.framework/Versions/A/CloudDocs
0x0000000013969000 	/System/Library/PrivateFrameworks/FileProvider.framework/Versions/A/FileProvider
0x0000000013969000 	/System/Library/PrivateFrameworks/SpotlightIndex.framework/Versions/A/SpotlightIndex
0x0000000013969000 	/System/Library/PrivateFrameworks/SymptomDiagnosticReporter.framework/Versions/A/SymptomDiagnosticReporter
0x0000000013969000 	/System/Library/PrivateFrameworks/CoreNLP.framework/Versions/A/CoreNLP
0x0000000013969000 	/usr/lib/libmecab.1.0.0.dylib
0x0000000013969000 	/usr/lib/libgermantok.dylib
0x0000000013969000 	/usr/lib/libThaiTokenizer.dylib
0x0000000013969000 	/System/Library/PrivateFrameworks/PlugInKit.framework/Versions/A/PlugInKit
0x0000000013969000 	/System/Library/PrivateFrameworks/SharePointManagement.framework/Versions/A/SharePointManagement
0x0000000013969000 	/System/Library/Frameworks/CloudKit.framework/Versions/A/CloudKit
0x0000000013969000 	/System/Library/Frameworks/CoreLocation.framework/Versions/A/CoreLocation
0x0000000013969000 	/System/Library/PrivateFrameworks/GeoServices.framework/Versions/A/GeoServices
0x000000015f839000 	/System/Library/PrivateFrameworks/FileProvider.framework/OverrideBundles/CloudDocsFileProvider.bundle/Contents/MacOS/CloudDocsFileProvider
0x00000001626d4000 	/System/Library/PrivateFrameworks/FileProvider.framework/OverrideBundles/FileProviderOverride.bundle/Contents/MacOS/FileProviderOverride
0x00000001626dd000 	/System/Library/PrivateFrameworks/FileProvider.framework/OverrideBundles/FinderSyncCollaborationFileProviderOverride.bundle/Contents/MacOS/FinderSyncCollaborationFileProviderOverride
0x0000000013969000 	/System/Library/PrivateFrameworks/Shortcut.framework/Versions/A/Shortcut
0x0000000013969000 	/System/Library/PrivateFrameworks/HelpData.framework/Versions/A/HelpData
0x0000000013969000 	/System/Library/PrivateFrameworks/login.framework/Versions/A/login

VM Arguments:
jvm_args: -javaagent:/Applications/IntelliJ IDEA CE.app/Contents/lib/idea_rt.jar=54625:/Applications/IntelliJ IDEA CE.app/Contents/bin -Dfile.encoding=UTF-8 
java_command: RunExploreSegmentsTableWithImagePathsCommand
java_class_path (initial): /Library/Java/JavaVirtualMachines/jdk1.8.0_161.jdk/Contents/Home/jre/lib/charsets.jar:/Library/Java/JavaVirtualMachines/jdk1.8.0_161.jdk/Contents/Home/jre/lib/deploy.jar:/Library/Java/JavaVirtualMachines/jdk1.8.0_161.jdk/Contents/Home/jre/lib/ext/cldrdata.jar:/Library/Java/JavaVirtualMachines/jdk1.8.0_161.jdk/Contents/Home/jre/lib/ext/dnsns.jar:/Library/Java/JavaVirtualMachines/jdk1.8.0_161.jdk/Contents/Home/jre/lib/ext/jaccess.jar:/Library/Java/JavaVirtualMachines/jdk1.8.0_161.jdk/Contents/Home/jre/lib/ext/jfxrt.jar:/Library/Java/JavaVirtualMachines/jdk1.8.0_161.jdk/Contents/Home/jre/lib/ext/localedata.jar:/Library/Java/JavaVirtualMachines/jdk1.8.0_161.jdk/Contents/Home/jre/lib/ext/nashorn.jar:/Library/Java/JavaVirtualMachines/jdk1.8.0_161.jdk/Contents/Home/jre/lib/ext/sunec.jar:/Library/Java/JavaVirtualMachines/jdk1.8.0_161.jdk/Contents/Home/jre/lib/ext/sunjce_provider.jar:/Library/Java/JavaVirtualMachines/jdk1.8.0_161.jdk/Contents/Home/jre/lib/ext/sunpkcs11.jar:/Library/Java/JavaVirtualMachines/jdk1.8.0_161.jdk/Contents/Home/jre/lib/ext/zipfs.jar:/Library/Java/JavaVirtualMachines/jdk1.8.0_161.jdk/Contents/Home/jre/lib/javaws.jar:/Library/Java/JavaVirtualMachines/jdk1.8.0_161.jdk/Contents/Home/jre/lib/jce.jar:/Library/Java/JavaVirtualMachines/jdk1.8.0_161.jdk/Contents/Home/jre/lib/jfr.jar:/Library/Java/JavaVirtualMachines/jdk1.8.0_161.jdk/Contents/Home/jre/lib/jfxswt.jar:/Library/Java/JavaVirtualMachines/jdk1.8.0_161.jdk/Contents/Home/jre/lib/jsse.jar:/Library/Java/JavaVirtualMachines/jdk1.8.0_161.jdk/Contents/Home/jre/lib/management-agent.jar:/Library/Java/JavaVirtualMachines/jdk1.8.0_161.jdk/Contents/Home/jre/lib/plugin.jar:/Library/Java/JavaVirtualMachines/jdk1.8.0_161.jdk/Contents/Home/jre/lib/resources.jar:/Library/Java/JavaVirtualMachines/jdk1.8.0_161.jdk/Contents/Home/jre/lib/rt.jar:/Library/Java/JavaVirtualMachines/jdk1.8.0_161.jdk/Contents/Home/lib/ant-javafx.jar:/Library/Java/JavaVirtualMachines/jdk1.8.0_161.jdk/Contents/Home
Launcher Type: SUN_STANDARD

Environment Variables:
JAVA_HOME=/Library/Java/JavaVirtualMachines/jdk1.8.0_161.jdk/Contents/Home
PATH=/anaconda3/bin:/Applications/apache-maven-3.5.3/bin:/usr/local/bin:/usr/bin:/bin:/usr/sbin:/sbin:/opt/X11/bin
SHELL=/bin/bash
DISPLAY=/private/tmp/com.apple.launchd.3Uxm5m1APp/org.macosforge.xquartz:0

Signal Handlers:
SIGSEGV: [libjvm.dylib+0x5b5439], sa_mask[0]=11111111011111110111111111111111, sa_flags=SA_ONSTACK|SA_RESTART|SA_SIGINFO
SIGBUS: [libjvm.dylib+0x5b5439], sa_mask[0]=11111111011111110111111111111111, sa_flags=SA_RESTART|SA_SIGINFO
SIGFPE: [libjvm.dylib+0x48ae24], sa_mask[0]=11111111011111110111111111111111, sa_flags=SA_RESTART|SA_SIGINFO
SIGPIPE: [libjvm.dylib+0x48ae24], sa_mask[0]=11111111011111110111111111111111, sa_flags=SA_RESTART|SA_SIGINFO
SIGXFSZ: [libjvm.dylib+0x48ae24], sa_mask[0]=11111111011111110111111111111111, sa_flags=SA_RESTART|SA_SIGINFO
SIGILL: [libjvm.dylib+0x48ae24], sa_mask[0]=11111111011111110111111111111111, sa_flags=SA_RESTART|SA_SIGINFO
SIGUSR1: SIG_DFL, sa_mask[0]=00000000000000000000000000000000, sa_flags=none
SIGUSR2: [libjvm.dylib+0x48a942], sa_mask[0]=00100000000000000000000000000000, sa_flags=SA_RESTART|SA_SIGINFO
SIGHUP: [libjvm.dylib+0x488f0d], sa_mask[0]=11111111011111110111111111111111, sa_flags=SA_RESTART|SA_SIGINFO
SIGINT: [libjvm.dylib+0x488f0d], sa_mask[0]=11111111011111110111111111111111, sa_flags=SA_RESTART|SA_SIGINFO
SIGTERM: [libjvm.dylib+0x488f0d], sa_mask[0]=11111111011111110111111111111111, sa_flags=SA_RESTART|SA_SIGINFO
SIGQUIT: [libjvm.dylib+0x488f0d], sa_mask[0]=11111111011111110111111111111111, sa_flags=SA_RESTART|SA_SIGINFO


---------------  S Y S T E M  ---------------

OS:Bsduname:Darwin 17.7.0 Darwin Kernel Version 17.7.0: Thu Jun 21 22:53:14 PDT 2018; root:xnu-4570.71.2~1/RELEASE_X86_64 x86_64
rlimit: STACK 8192k, CORE 0k, NPROC 1418, NOFILE 12544, AS infinity
load average:3.10 3.03 3.37

CPU:total 4 (initial active 4) (2 cores per cpu, 2 threads per core) family 6 model 142 stepping 9, cmov, cx8, fxsr, mmx, sse, sse2, sse3, ssse3, sse4.1, sse4.2, popcnt, avx, avx2, aes, clmul, erms, rtm, 3dnowpref, lzcnt, ht, tsc, tscinvbit, bmi1, bmi2, adx

Memory: 4k page, physical 16777216k(62964k free)

/proc/meminfo:


vm_info: Java HotSpot(TM) 64-Bit Server VM (25.161-b12) for bsd-amd64 JRE (1.8.0_161-b12), built on Dec 19 2017 16:22:20 by "java_re" with gcc 4.2.1 (Based on Apple Inc. build 5658) (LLVM build 2336.11.00)

time: Tue Feb 19 16:34:58 2019
elapsed time: 516 seconds (0d 0h 8m 36s)

