#
# A fatal error has been detected by the Java Runtime Environment:
#
#  SIGILL (0x4) at pc=0x00007fff4543827a, pid=11607, tid=0x0000000000000307
#
# JRE version: Java(TM) SE Runtime Environment (8.0_161-b12) (build 1.8.0_161-b12)
# Java VM: Java HotSpot(TM) 64-Bit Server VM (25.161-b12 mixed mode bsd-amd64 compressed oops)
# Problematic frame:
# C  [CoreFoundation+0x15e27a]  _CFRelease+0x51a
#
# Failed to write core dump. Core dumps have been disabled. To enable core dumping, try "ulimit -c unlimited" before starting Java again
#
# If you would like to submit a bug report, please visit:
#   http://bugreport.java.com/bugreport/crash.jsp
# The crash happened outside the Java Virtual Machine in native code.
# See problematic frame for where to report the bug.
#

---------------  T H R E A D  ---------------

Current thread (0x00007f84361a3800):  JavaThread "AppKit Thread" daemon [_thread_in_native, id=775, stack(0x00007ffee85b8000,0x00007ffee8db8000)]

siginfo: si_signo: 4 (SIGILL), si_code: 1 (ILL_ILLOPC), si_addr: 0x00007fff4543827a

Registers:
RAX=0x00007fff456b76bf, RBX=0x0000000000611880, RCX=0x00007fff9f221f58, RDX=0x00007fff9f5748a0
RSP=0x00007ffee8dab500, RBP=0x00007ffee8dab540, RSI=0x00007f843e839d30, RDI=0x00007f843e839d30
R8 =0x00007f843f5eddd8, R9 =0xffffffff00000000, R10=0x00007f843f5eddd0, R11=0x00007f843f5eddd8
R12=0x0000000000000000, R13=0x0000000000000000, R14=0x00007f843f5eddb8, R15=0x00007f843f5edd40
RIP=0x00007fff4543827a, EFLAGS=0x0000000000010206, ERR=0x0000000000000000
  TRAPNO=0x0000000000000006

Top of Stack: (sp=0x00007ffee8dab500)
0x00007ffee8dab500:   0000000000000041 0000000000000000
0x00007ffee8dab510:   00007fff464cfe04 00007f843f348910
0x00007ffee8dab520:   0000000000000000 0000000000000000
0x00007ffee8dab530:   00007f843f5eddb8 00007f843f5edd40
0x00007ffee8dab540:   00007ffee8dab560 00007fff4478d292
0x00007ffee8dab550:   00007f843f348910 0000000000000000
0x00007ffee8dab560:   00007ffee8dab590 00007fff446204fd
0x00007ffee8dab570:   0000000000000000 00007ffee8dab640
0x00007ffee8dab580:   00007f843f5ee1c0 00007ffee8dab6a0
0x00007ffee8dab590:   00007ffee8dab740 00007fff4461e2a4
0x00007ffee8dab5a0:   00007ffee8dab6a0 00007f843e8fc080
0x00007ffee8dab5b0:   0000000000000000 0000000000000170
0x00007ffee8dab5c0:   0000000000000017 00007f843e898ee0
0x00007ffee8dab5d0:   0000000106e65080 00007f843e800000
0x00007ffee8dab5e0:   0000000106e68e00 0000000000000002
0x00007ffee8dab5f0:   00007f843e9e4ae0 0000000000000000
0x00007ffee8dab600:   0000000106e65080 00007f843e800000
0x00007ffee8dab610:   00007ffee8dab670 00007fff6d372256
0x00007ffee8dab620:   0000000106e67a00 00007f843e800000
0x00007ffee8dab630:   3e898ee000001400 0000000000000000
0x00007ffee8dab640:   00007f843e898ee0 00007f843f5edd40
0x00007ffee8dab650:   0000000000000000 0000000000000001
0x00007ffee8dab660:   00007f843e898ee0 00007f843f5edd40
0x00007ffee8dab670:   00007ffee8dab6c0 00007fff446230f6
0x00007ffee8dab680:   00007ffee8dab688 00007f843e839d30
0x00007ffee8dab690:   00007f8434cb86d0 00007f843f520000
0x00007ffee8dab6a0:   0000000004400101 0000000000000000
0x00007ffee8dab6b0:   0000000000000002 00007f843f362470
0x00007ffee8dab6c0:   00007f843e839d30 00007fff44622904
0x00007ffee8dab6d0:   00007f843f52d400 00007f843f362470
0x00007ffee8dab6e0:   044001013f3e2630 00007ffee8daba58
0x00007ffee8dab6f0:   00007ffee8dab9e0 00007fff446223c1 

Instructions: (pc=0x00007fff4543827a)
0x00007fff4543825a:   84 d9 fc ff ff 4c 89 f7 e8 39 00 eb ff e9 cc fc
0x00007fff4543826a:   ff ff 48 8d 05 4c f4 27 00 48 89 05 ee a5 13 5a
0x00007fff4543827a:   0f 0b 48 8d 46 f0 e9 da fd ff ff 66 66 2e 0f 1f
0x00007fff4543828a:   84 00 00 00 00 00 55 48 89 e5 48 8b 4f 08 31 c0 

Register to memory mapping:

RAX=0x00007fff456b76bf: _XMLPlistAppendDataUsingBase64.__CFPLDataEncodeTable+0x1fbf in /System/Library/Frameworks/CoreFoundation.framework/Versions/A/CoreFoundation at 0x00007fff452da000
RBX=0x0000000000611880 is an unknown value
RCX=0x00007fff9f221f58: OBJC_CLASS_$_NSHIObject+0 in /System/Library/Frameworks/Carbon.framework/Versions/A/Frameworks/HIToolbox.framework/Versions/A/HIToolbox at 0x00007fff4461a000
RDX=0x00007fff9f5748a0: __CFRuntimeObjCClassTable+0 in /System/Library/Frameworks/CoreFoundation.framework/Versions/A/CoreFoundation at 0x00007fff452da000
RSP=0x00007ffee8dab500 is pointing into the stack for thread: 0x00007f84361a3800
RBP=0x00007ffee8dab540 is pointing into the stack for thread: 0x00007f84361a3800
RSI=0x00007f843e839d30 is an unknown value
RDI=0x00007f843e839d30 is an unknown value
R8 =0x00007f843f5eddd8 is an unknown value
R9 =0xffffffff00000000 is an unknown value
R10=0x00007f843f5eddd0 is an unknown value
R11=0x00007f843f5eddd8 is an unknown value
R12=0x0000000000000000 is an unknown value
R13=0x0000000000000000 is an unknown value
R14=0x00007f843f5eddb8 is an unknown value
R15=0x00007f843f5edd40 is an unknown value


Stack: [0x00007ffee85b8000,0x00007ffee8db8000],  sp=0x00007ffee8dab500,  free space=8141k
Native frames: (J=compiled Java code, j=interpreted, Vv=VM code, C=native code)
C  [CoreFoundation+0x15e27a]  _CFRelease+0x51a
C  [HIToolbox+0x173292]  ReleaseEventParam+0x4b
C  [HIToolbox+0x64fd]  ReleaseEvent+0x7c
C  [HIToolbox+0x42a4]  _ZN13HIApplication12EventHandlerEP25OpaqueEventHandlerCallRefP14OpaqueEventRefPv+0xa64
C  [HIToolbox+0x8904]  _ZL23DispatchEventToHandlersP14EventTargetRecP14OpaqueEventRefP14HandlerCallRec+0x605
C  [HIToolbox+0x7c4d]  _ZL30SendEventToEventTargetInternalP14OpaqueEventRefP20OpaqueEventTargetRefP14HandlerCallRec+0x176
C  [HIToolbox+0x1cf21]  SendEventToEventTarget+0x27
C  [HIToolbox+0x76865]  _ZL15SendMenuOpeningP14MenuSelectDataP8MenuDatadjjP14__CFDictionaryhPh+0x2ab
C  [HIToolbox+0x1a6a3c]  _SimulateMenuOpening+0x6f
C  [HIToolbox+0x19c2c7]  _ZL21OpenMenuForInspectionP8MenuData+0x5e
C  [HIToolbox+0x19c08d]  _ZN8MenuData27HandleGetAccessibleChildrenEyP9__CFArray+0xe9
C  [HIToolbox+0x19f00b]  _ZN8MenuData38ContentViewGetNamedAccessibleAttributeEyPK10__CFStringjP14OpaqueEventRefPv+0x47
C  [HIToolbox+0x1b751b]  _ZN8HIObject26DispatchAccessibilityEventEP14OpaqueEventRefyPK21AccessibilityHandlersPv+0x1e9
C  [HIToolbox+0x19ef69]  _ZN8MenuData35MenuContentViewAccessibilityHandlerEP25OpaqueEventHandlerCallRefP14OpaqueEventRefPv+0x61
C  [HIToolbox+0x8904]  _ZL23DispatchEventToHandlersP14EventTargetRecP14OpaqueEventRefP14HandlerCallRec+0x605
C  [HIToolbox+0x7c4d]  _ZL30SendEventToEventTargetInternalP14OpaqueEventRefP20OpaqueEventTargetRefP14HandlerCallRec+0x176
C  [HIToolbox+0x7ac3]  SendEventToEventTargetWithOptions+0x2d
C  [HIToolbox+0xa54ae]  _ZN10Accessible21GetNamedAttributeDataEPK10__CFStringPKvPS4_Ph+0xb2
C  [HIToolbox+0xa5234]  HLTBCopyUIElementAttributeValue+0x39
C  [HIToolbox+0x19bec6]  _ZN8MenuData25GetAccessibleChildrenSelfEyP9__CFArray+0x3e
C  [HIToolbox+0x1b7804]  _ZN8HIObject25HasAccessibleChildrenSelfEy+0x44
C  [HIToolbox+0x1b7a3f]  _ZN8HIObject34GetAllAccessibleAttributeNamesSelfEyP9__CFArray+0xb5
C  [HIToolbox+0x19cc2b]  _ZN8MenuData34GetAllAccessibleAttributeNamesSelfEyP9__CFArray+0x1b
C  [HIToolbox+0x1b73b7]  _ZN8HIObject26DispatchAccessibilityEventEP14OpaqueEventRefyPK21AccessibilityHandlersPv+0x85
C  [HIToolbox+0x1b71ee]  _ZN8HIObject29HandleClassAccessibilityEventEP25OpaqueEventHandlerCallRefP14OpaqueEventRefPv+0x6a
C  [HIToolbox+0x8f01]  _ZN8HIObject9EventHookEP25OpaqueEventHandlerCallRefP14OpaqueEventRefPv+0x87
C  [HIToolbox+0x8904]  _ZL23DispatchEventToHandlersP14EventTargetRecP14OpaqueEventRefP14HandlerCallRec+0x605
C  [HIToolbox+0x7c4d]  _ZL30SendEventToEventTargetInternalP14OpaqueEventRefP20OpaqueEventTargetRefP14HandlerCallRec+0x176
C  [HIToolbox+0x8d76a]  CallNextEventHandler+0x69
C  [AppKit+0x4cea32]  -[NSCarbonMenuImpl _carbonGetAccessibleAttributeNamesEvent:handlerCallRef:axElement:]+0x23
C  [AppKit+0x1ba363]  NSSLMMenuEventHandler+0x433
C  [HIToolbox+0x8904]  _ZL23DispatchEventToHandlersP14EventTargetRecP14OpaqueEventRefP14HandlerCallRec+0x605
C  [HIToolbox+0x7c4d]  _ZL30SendEventToEventTargetInternalP14OpaqueEventRefP20OpaqueEventTargetRefP14HandlerCallRec+0x176
C  [HIToolbox+0x7ac3]  SendEventToEventTargetWithOptions+0x2d
C  [HIToolbox+0xa5139]  _ZN10Accessible11GetAllNamesENS_11ElementTypeEPPK9__CFArray+0xcf
C  [HIToolbox+0xa5525]  _ZN10Accessible25IsNamedAttributeSupportedEPK10__CFString+0x1b
C  [HIToolbox+0xa53aa]  HLTBCopyUIElementAttributeValue+0x1af
C  [HIToolbox+0xa78e4]  _ZL32CarbonCopyAttributeValueCallbackPK8__CFDatajPK10__CFStringPPKvPv+0x58
C  [AppKit+0x42645c]  CopyCarbonUIElementAttributeValue+0x37
C  [AppKit+0x423fba]  CopyAttributeValue+0x80
C  [HIServices+0x24029]  _AXXMIGCopyAttributeValue+0x11a
C  [HIServices+0x2dfa4]  _XCopyAttributeValue+0x1c7
C  [HIServices+0x66ed]  mshMIGPerform+0xd4
C  [CoreFoundation+0x8e3f9]  __CFRUNLOOP_IS_CALLING_OUT_TO_A_SOURCE1_PERFORM_FUNCTION__+0x29
C  [CoreFoundation+0x8e345]  __CFRunLoopDoSource1+0x215
C  [CoreFoundation+0x85f00]  __CFRunLoopRun+0xb20
C  [CoreFoundation+0x85153]  CFRunLoopRunSpecific+0x1e3
C  [HIToolbox+0x2fd96]  RunCurrentEventLoopInMode+0x11e
C  [HIToolbox+0x2fa0f]  ReceiveNextEventCommon+0x16e
C  [HIToolbox+0x2f884]  _BlockUntilNextEventMatchingListInModeWithFilter+0x40
C  [AppKit+0x41a73]  _DPSNextEvent+0x825
C  [AppKit+0x7d7e34]  -[NSApplication(NSEvent) _nextEventMatchingEventMask:untilDate:inMode:dequeue:]+0xbe4
C  [libosxapp.dylib+0x23aa]  -[NSApplicationAWT nextEventMatchingMask:untilDate:inMode:dequeue:]+0x7c
C  [AppKit+0x36885]  -[NSApplication run]+0x2fc
C  [libosxapp.dylib+0x214d]  +[NSApplicationAWT runAWTLoopWithApp:]+0x9c
C  [libawt_lwawt.dylib+0x47397]  -[AWTStarter starter:]+0x389
C  [Foundation+0x682b5]  __NSThreadPerformPerform+0x14e
C  [CoreFoundation+0xa3a11]  __CFRUNLOOP_IS_CALLING_OUT_TO_A_SOURCE0_PERFORM_FUNCTION__+0x11
C  [CoreFoundation+0x15d42c]  __CFRunLoopDoSource0+0x6c
C  [CoreFoundation+0x86470]  __CFRunLoopDoSources0+0xd0
C  [CoreFoundation+0x858ed]  __CFRunLoopRun+0x50d
C  [CoreFoundation+0x85153]  CFRunLoopRunSpecific+0x1e3
C  [java+0x647a]  CreateExecutionEnvironment+0x367
C  [java+0x212c]  JLI_Launch+0x7a0
C  [java+0x84d7]  main+0x65
C  [java+0x1984]  start+0x34
C  0x0000000000000006


---------------  P R O C E S S  ---------------

Java Threads: ( => current thread )
  0x00007f843a0ee800 JavaThread "SwingWorker-pool-1-thread-1" daemon [_thread_blocked, id=89447, stack(0x0000700011617000,0x0000700011717000)]
  0x00007f84354d4800 JavaThread "bdv-panel-1-thread-3" daemon [_thread_in_Java, id=69383, stack(0x0000700011514000,0x0000700011614000)]
  0x00007f8435549800 JavaThread "bdv-panel-1-thread-2" daemon [_thread_in_Java, id=69935, stack(0x0000700011411000,0x0000700011511000)]
  0x00007f8435721800 JavaThread "bdv-panel-1-thread-1" daemon [_thread_in_Java, id=76219, stack(0x0000700011185000,0x0000700011285000)]
  0x00007f843c8e9800 JavaThread "PainterThread" daemon [_thread_blocked, id=59415, stack(0x0000700010cf6000,0x0000700010df6000)]
  0x00007f8436dcd800 JavaThread "TimerQueue" daemon [_thread_blocked, id=58891, stack(0x0000700011082000,0x0000700011182000)]
  0x00007f843a821000 JavaThread "DestroyJavaVM" [_thread_blocked, id=6403, stack(0x000070000f62e000,0x000070000f72e000)]
  0x00007f84397b2000 JavaThread "AWT-EventQueue-0" [_thread_blocked, id=54535, stack(0x0000700010bf3000,0x0000700010cf3000)]
  0x00007f843554c800 JavaThread "Java2D Disposer" daemon [_thread_blocked, id=76815, stack(0x0000700010af0000,0x0000700010bf0000)]
  0x00007f8439385000 JavaThread "AWT-Shutdown" [_thread_blocked, id=25907, stack(0x00007000108ea000,0x00007000109ea000)]
  0x00007f8437059000 JavaThread "Java2D Queue Flusher" daemon [_thread_blocked, id=85379, stack(0x00007000106e1000,0x00007000107e1000)]
=>0x00007f84361a3800 JavaThread "AppKit Thread" daemon [_thread_in_native, id=775, stack(0x00007ffee85b8000,0x00007ffee8db8000)]
  0x00007f8436e1c000 JavaThread "Timer-0" daemon [_thread_blocked, id=16387, stack(0x000070001055b000,0x000070001065b000)]
  0x00007f8435364800 JavaThread "Service Thread" daemon [_thread_blocked, id=14083, stack(0x0000700010355000,0x0000700010455000)]
  0x00007f8436b57000 JavaThread "C1 CompilerThread2" daemon [_thread_blocked, id=17155, stack(0x0000700010252000,0x0000700010352000)]
  0x00007f843595f000 JavaThread "C2 CompilerThread1" daemon [_thread_in_native, id=13827, stack(0x000070001014f000,0x000070001024f000)]
  0x00007f8435361800 JavaThread "C2 CompilerThread0" daemon [_thread_in_native, id=13571, stack(0x000070001004c000,0x000070001014c000)]
  0x00007f8435371000 JavaThread "Monitor Ctrl-Break" daemon [_thread_in_native, id=18179, stack(0x000070000ff49000,0x0000700010049000)]
  0x00007f843582b000 JavaThread "Signal Dispatcher" daemon [_thread_blocked, id=13323, stack(0x000070000fe46000,0x000070000ff46000)]
  0x00007f8435019800 JavaThread "Finalizer" daemon [_thread_blocked, id=20227, stack(0x000070000fd43000,0x000070000fe43000)]
  0x00007f843580e000 JavaThread "Reference Handler" daemon [_thread_blocked, id=11523, stack(0x000070000fc40000,0x000070000fd40000)]

Other Threads:
  0x00007f8436012800 VMThread [stack: 0x000070000fb3d000,0x000070000fc3d000] [id=20995]
  0x00007f8436b64800 WatcherThread [stack: 0x0000700010458000,0x0000700010558000] [id=16643]

VM state:not at safepoint (normal execution)

VM Mutex/Monitor currently owned by a thread: None

Heap:
 PSYoungGen      total 420864K, used 105792K [0x000000076ab00000, 0x000000078f700000, 0x00000007c0000000)
  eden space 361472K, 13% used [0x000000076ab00000,0x000000076db015b0,0x0000000780c00000)
  from space 59392K, 95% used [0x0000000780c00000,0x000000078434edd8,0x0000000784600000)
  to   space 67584K, 0% used [0x000000078b500000,0x000000078b500000,0x000000078f700000)
 ParOldGen       total 166400K, used 88657K [0x00000006c0000000, 0x00000006ca280000, 0x000000076ab00000)
  object space 166400K, 53% used [0x00000006c0000000,0x00000006c5694478,0x00000006ca280000)
 Metaspace       used 46589K, capacity 47483K, committed 47704K, reserved 1089536K
  class space    used 7480K, capacity 7704K, committed 7808K, reserved 1048576K

Card table byte_map: [0x0000000108b6e000,0x000000010936f000] byte_map_base: 0x000000010556e000

Marking Bits: (ParMarkBitMap*) 0x00000001080f76c0
 Begin Bits: [0x000000011902a000, 0x000000011d02a000)
 End Bits:   [0x000000011d02a000, 0x000000012102a000)

Polling page: 0x0000000106ec5000

CodeCache: size=245760Kb used=19449Kb max_used=20330Kb free=226310Kb
 bounds [0x000000010a02a000, 0x000000010b48a000, 0x000000011902a000]
 total_blobs=6724 nmethods=6016 adapters=618
 compilation: enabled

Compilation events (10 events):
Event: 255.129 Thread 0x00007f8436b57000 7512   !   2       java.awt.Container::getMaximumSize (102 bytes)
Event: 255.130 Thread 0x00007f8436b57000 nmethod 7512 0x000000010b1a8690 code [0x000000010b1a8820, 0x000000010b1a8e48]
Event: 255.133 Thread 0x00007f8436b57000 7513       2       javax.swing.text.FieldView::modelToView (12 bytes)
Event: 255.134 Thread 0x00007f8436b57000 nmethod 7513 0x000000010a35e450 code [0x000000010a35e5c0, 0x000000010a35e778]
Event: 255.134 Thread 0x00007f8436b57000 7514       2       javax.swing.text.PlainView::modelToView (148 bytes)
Event: 255.135 Thread 0x00007f8436b57000 nmethod 7514 0x000000010acc3a90 code [0x000000010acc3ca0, 0x000000010acc41e8]
Event: 255.135 Thread 0x00007f8436b57000 7515       2       javax.swing.LayoutComparator::compare (457 bytes)
Event: 255.138 Thread 0x00007f8436b57000 nmethod 7515 0x000000010a1ed1d0 code [0x000000010a1ed4e0, 0x000000010a1ee3d8]
Event: 255.138 Thread 0x00007f8436b57000 7517       2       java.lang.StrictMath::floorOrCeil (128 bytes)
Event: 255.139 Thread 0x00007f8436b57000 nmethod 7517 0x000000010a174510 code [0x000000010a174680, 0x000000010a1748d0]

GC Heap History (10 events):
Event: 13.553 GC heap before
{Heap before GC invocations=9 (full 2):
 PSYoungGen      total 217600K, used 198144K [0x000000076ab00000, 0x0000000779a00000, 0x00000007c0000000)
  eden space 198144K, 100% used [0x000000076ab00000,0x0000000776c80000,0x0000000776c80000)
  from space 19456K, 0% used [0x0000000778700000,0x0000000778700000,0x0000000779a00000)
  to   space 22528K, 0% used [0x0000000776e00000,0x0000000776e00000,0x0000000778400000)
 ParOldGen       total 166400K, used 17097K [0x00000006c0000000, 0x00000006ca280000, 0x000000076ab00000)
  object space 166400K, 10% used [0x00000006c0000000,0x00000006c10b2600,0x00000006ca280000)
 Metaspace       used 39833K, capacity 40549K, committed 40792K, reserved 1083392K
  class space    used 6557K, capacity 6733K, committed 6784K, reserved 1048576K
Event: 13.571 GC heap after
Heap after GC invocations=9 (full 2):
 PSYoungGen      total 222208K, used 22518K [0x000000076ab00000, 0x0000000780680000, 0x00000007c0000000)
  eden space 199680K, 0% used [0x000000076ab00000,0x000000076ab00000,0x0000000776e00000)
  from space 22528K, 99% used [0x0000000776e00000,0x00000007783fd9a0,0x0000000778400000)
  to   space 33792K, 0% used [0x000000077e580000,0x000000077e580000,0x0000000780680000)
 ParOldGen       total 166400K, used 33432K [0x00000006c0000000, 0x00000006ca280000, 0x000000076ab00000)
  object space 166400K, 20% used [0x00000006c0000000,0x00000006c20a6390,0x00000006ca280000)
 Metaspace       used 39833K, capacity 40549K, committed 40792K, reserved 1083392K
  class space    used 6557K, capacity 6733K, committed 6784K, reserved 1048576K
}
Event: 13.759 GC heap before
{Heap before GC invocations=10 (full 2):
 PSYoungGen      total 222208K, used 222198K [0x000000076ab00000, 0x0000000780680000, 0x00000007c0000000)
  eden space 199680K, 100% used [0x000000076ab00000,0x0000000776e00000,0x0000000776e00000)
  from space 22528K, 99% used [0x0000000776e00000,0x00000007783fd9a0,0x0000000778400000)
  to   space 33792K, 0% used [0x000000077e580000,0x000000077e580000,0x0000000780680000)
 ParOldGen       total 166400K, used 33432K [0x00000006c0000000, 0x00000006ca280000, 0x000000076ab00000)
  object space 166400K, 20% used [0x00000006c0000000,0x00000006c20a6390,0x00000006ca280000)
 Metaspace       used 39846K, capacity 40549K, committed 40792K, reserved 1083392K
  class space    used 6559K, capacity 6733K, committed 6784K, reserved 1048576K
Event: 13.774 GC heap after
Heap after GC invocations=10 (full 2):
 PSYoungGen      total 314880K, used 33784K [0x000000076ab00000, 0x0000000782f00000, 0x00000007c0000000)
  eden space 281088K, 0% used [0x000000076ab00000,0x000000076ab00000,0x000000077bd80000)
  from space 33792K, 99% used [0x000000077e580000,0x000000078067e120,0x0000000780680000)
  to   space 40960K, 0% used [0x000000077bd80000,0x000000077bd80000,0x000000077e580000)
 ParOldGen       total 166400K, used 38664K [0x00000006c0000000, 0x00000006ca280000, 0x000000076ab00000)
  object space 166400K, 23% used [0x00000006c0000000,0x00000006c25c2390,0x00000006ca280000)
 Metaspace       used 39846K, capacity 40549K, committed 40792K, reserved 1083392K
  class space    used 6559K, capacity 6733K, committed 6784K, reserved 1048576K
}
Event: 15.267 GC heap before
{Heap before GC invocations=11 (full 2):
 PSYoungGen      total 314880K, used 313916K [0x000000076ab00000, 0x0000000782f00000, 0x00000007c0000000)
  eden space 281088K, 99% used [0x000000076ab00000,0x000000077bc911f8,0x000000077bd80000)
  from space 33792K, 99% used [0x000000077e580000,0x000000078067e120,0x0000000780680000)
  to   space 40960K, 0% used [0x000000077bd80000,0x000000077bd80000,0x000000077e580000)
 ParOldGen       total 166400K, used 46857K [0x00000006c0000000, 0x00000006ca280000, 0x000000076ab00000)
  object space 166400K, 28% used [0x00000006c0000000,0x00000006c2dc27a0,0x00000006ca280000)
 Metaspace       used 44603K, capacity 45521K, committed 45656K, reserved 1087488K
  class space    used 7326K, capacity 7531K, committed 7552K, reserved 1048576K
Event: 15.289 GC heap after
Heap after GC invocations=11 (full 2):
 PSYoungGen      total 322048K, used 40939K [0x000000076ab00000, 0x0000000787500000, 0x00000007c0000000)
  eden space 281088K, 0% used [0x000000076ab00000,0x000000076ab00000,0x000000077bd80000)
  from space 40960K, 99% used [0x000000077bd80000,0x000000077e57ade0,0x000000077e580000)
  to   space 48128K, 0% used [0x0000000784600000,0x0000000784600000,0x0000000787500000)
 ParOldGen       total 166400K, used 49869K [0x00000006c0000000, 0x00000006ca280000, 0x000000076ab00000)
  object space 166400K, 29% used [0x00000006c0000000,0x00000006c30b3568,0x00000006ca280000)
 Metaspace       used 44603K, capacity 45521K, committed 45656K, reserved 1087488K
  class space    used 7326K, capacity 7531K, committed 7552K, reserved 1048576K
}
Event: 16.028 GC heap before
{Heap before GC invocations=12 (full 2):
 PSYoungGen      total 322048K, used 322027K [0x000000076ab00000, 0x0000000787500000, 0x00000007c0000000)
  eden space 281088K, 100% used [0x000000076ab00000,0x000000077bd80000,0x000000077bd80000)
  from space 40960K, 99% used [0x000000077bd80000,0x000000077e57ade0,0x000000077e580000)
  to   space 48128K, 0% used [0x0000000784600000,0x0000000784600000,0x0000000787500000)
 ParOldGen       total 166400K, used 50334K [0x00000006c0000000, 0x00000006ca280000, 0x000000076ab00000)
  object space 166400K, 30% used [0x00000006c0000000,0x00000006c3127980,0x00000006ca280000)
 Metaspace       used 44885K, capacity 45815K, committed 46040K, reserved 1087488K
  class space    used 7336K, capacity 7564K, committed 7680K, reserved 1048576K
Event: 16.055 GC heap after
Heap after GC invocations=12 (full 2):
 PSYoungGen      total 409600K, used 48110K [0x000000076ab00000, 0x0000000788d80000, 0x00000007c0000000)
  eden space 361472K, 0% used [0x000000076ab00000,0x000000076ab00000,0x0000000780c00000)
  from space 48128K, 99% used [0x0000000784600000,0x00000007874fb9a8,0x0000000787500000)
  to   space 59392K, 0% used [0x0000000780c00000,0x0000000780c00000,0x0000000784600000)
 ParOldGen       total 166400K, used 62470K [0x00000006c0000000, 0x00000006ca280000, 0x000000076ab00000)
  object space 166400K, 37% used [0x00000006c0000000,0x00000006c3d01ac8,0x00000006ca280000)
 Metaspace       used 44885K, capacity 45815K, committed 46040K, reserved 1087488K
  class space    used 7336K, capacity 7564K, committed 7680K, reserved 1048576K
}
Event: 190.938 GC heap before
{Heap before GC invocations=13 (full 2):
 PSYoungGen      total 409600K, used 409582K [0x000000076ab00000, 0x0000000788d80000, 0x00000007c0000000)
  eden space 361472K, 100% used [0x000000076ab00000,0x0000000780c00000,0x0000000780c00000)
  from space 48128K, 99% used [0x0000000784600000,0x00000007874fb9a8,0x0000000787500000)
  to   space 59392K, 0% used [0x0000000780c00000,0x0000000780c00000,0x0000000784600000)
 ParOldGen       total 166400K, used 62473K [0x00000006c0000000, 0x00000006ca280000, 0x000000076ab00000)
  object space 166400K, 37% used [0x00000006c0000000,0x00000006c3d02650,0x00000006ca280000)
 Metaspace       used 46399K, capacity 47289K, committed 47576K, reserved 1089536K
  class space    used 7448K, capacity 7639K, committed 7680K, reserved 1048576K
Event: 190.968 GC heap after
Heap after GC invocations=13 (full 2):
 PSYoungGen      total 420864K, used 56635K [0x000000076ab00000, 0x000000078f700000, 0x00000007c0000000)
  eden space 361472K, 0% used [0x000000076ab00000,0x000000076ab00000,0x0000000780c00000)
  from space 59392K, 95% used [0x0000000780c00000,0x000000078434edd8,0x0000000784600000)
  to   space 67584K, 0% used [0x000000078b500000,0x000000078b500000,0x000000078f700000)
 ParOldGen       total 166400K, used 88657K [0x00000006c0000000, 0x00000006ca280000, 0x000000076ab00000)
  object space 166400K, 53% used [0x00000006c0000000,0x00000006c5694478,0x00000006ca280000)
 Metaspace       used 46399K, capacity 47289K, committed 47576K, reserved 1089536K
  class space    used 7448K, capacity 7639K, committed 7680K, reserved 1048576K
}

Deoptimization events (10 events):
Event: 255.048 Thread 0x00007f8435549800 Uncommon trap: reason=class_check action=maybe_recompile pc=0x000000010afcf258 method=de.embl.cba.tables.modelview.coloring.SelectionColoringModel.convert(Ljava/lang/Object;Lnet/imglib2/type/numeric/ARGBType;)V @ 6
Event: 255.048 Thread 0x00007f8435549800 Uncommon trap: reason=class_check action=maybe_recompile pc=0x000000010afcf258 method=de.embl.cba.tables.modelview.coloring.SelectionColoringModel.convert(Ljava/lang/Object;Lnet/imglib2/type/numeric/ARGBType;)V @ 6
Event: 255.048 Thread 0x00007f84354d4800 Uncommon trap: reason=class_check action=maybe_recompile pc=0x000000010afcf258 method=de.embl.cba.tables.modelview.coloring.SelectionColoringModel.convert(Ljava/lang/Object;Lnet/imglib2/type/numeric/ARGBType;)V @ 6
Event: 255.048 Thread 0x00007f8435721800 Uncommon trap: reason=class_check action=maybe_recompile pc=0x000000010afcf258 method=de.embl.cba.tables.modelview.coloring.SelectionColoringModel.convert(Ljava/lang/Object;Lnet/imglib2/type/numeric/ARGBType;)V @ 6
Event: 255.048 Thread 0x00007f8435549800 Uncommon trap: reason=class_check action=maybe_recompile pc=0x000000010b00f068 method=de.embl.cba.tables.modelview.coloring.SelectionColoringModel.convert(Ljava/lang/Object;Lnet/imglib2/type/numeric/ARGBType;)V @ 6
Event: 255.095 Thread 0x00007f84397b2000 Uncommon trap: reason=unstable_if action=reinterpret pc=0x000000010b407098 method=javax.swing.JComponent.rectangleIsObscured(IIII)Z @ 72
Event: 255.128 Thread 0x00007f84397b2000 Uncommon trap: reason=unstable_if action=reinterpret pc=0x000000010b0c1420 method=java.lang.StrictMath.floorOrCeil(DDDD)D @ 24
Event: 255.129 Thread 0x00007f84397b2000 Uncommon trap: reason=unstable_if action=reinterpret pc=0x000000010a9688a8 method=java.lang.StrictMath.floorOrCeil(DDDD)D @ 24
Event: 255.145 Thread 0x00007f84397b2000 Uncommon trap: reason=unstable_if action=reinterpret pc=0x000000010b2d0cb4 method=javax.swing.JComponent.rectangleIsObscured(IIII)Z @ 72
Event: 255.147 Thread 0x00007f84397b2000 Uncommon trap: reason=unstable_if action=reinterpret pc=0x000000010a5081e0 method=java.util.Locale.equals(Ljava/lang/Object;)Z @ 32

Classes redefined (0 events):
No events

Internal exceptions (10 events):
Event: 5.506 Thread 0x00007f8436002800 Exception <a 'java/security/PrivilegedActionException'> (0x000000076bc80c18) thrown at [/Users/java_re/workspace/8-2-build-macosx-x86_64/jdk8u161/10277/hotspot/src/share/vm/prims/jvm.cpp, line 1390]
Event: 5.508 Thread 0x00007f8436002800 Exception <a 'java/security/PrivilegedActionException'> (0x000000076bd281d8) thrown at [/Users/java_re/workspace/8-2-build-macosx-x86_64/jdk8u161/10277/hotspot/src/share/vm/prims/jvm.cpp, line 1390]
Event: 5.508 Thread 0x00007f8436002800 Exception <a 'java/security/PrivilegedActionException'> (0x000000076bd285d0) thrown at [/Users/java_re/workspace/8-2-build-macosx-x86_64/jdk8u161/10277/hotspot/src/share/vm/prims/jvm.cpp, line 1390]
Event: 5.508 Thread 0x00007f8436002800 Exception <a 'java/security/PrivilegedActionException'> (0x000000076bd29a40) thrown at [/Users/java_re/workspace/8-2-build-macosx-x86_64/jdk8u161/10277/hotspot/src/share/vm/prims/jvm.cpp, line 1390]
Event: 5.508 Thread 0x00007f8436002800 Exception <a 'java/security/PrivilegedActionException'> (0x000000076bd29e38) thrown at [/Users/java_re/workspace/8-2-build-macosx-x86_64/jdk8u161/10277/hotspot/src/share/vm/prims/jvm.cpp, line 1390]
Event: 14.184 Thread 0x00007f8437419000 Implicit null exception at 0x000000010a35140c to 0x000000010a351455
Event: 14.263 Thread 0x00007f8437419000 Exception <a 'java/lang/NullPointerException'> (0x0000000772032b98) thrown at [/Users/java_re/workspace/8-2-build-macosx-x86_64/jdk8u161/10277/hotspot/src/share/vm/prims/jni.cpp, line 735]
Event: 16.955 Thread 0x00007f84354d4800 Implicit null exception at 0x000000010af89927 to 0x000000010af89ea8
Event: 16.955 Thread 0x00007f84354d4800 Exception <a 'java/lang/NullPointerException'> (0x0000000776f25a70) thrown at [/Users/java_re/workspace/8-2-build-macosx-x86_64/jdk8u161/10277/hotspot/src/share/vm/runtime/sharedRuntime.cpp, line 605]
Event: 26.717 Thread 0x00007f8435721800 Implicit null exception at 0x000000010afce329 to 0x000000010afcf169

Events (10 events):
Event: 255.129 Thread 0x00007f84397b2000 DEOPT PACKING pc=0x000000010a9688a8 sp=0x0000700010cf0c50
Event: 255.129 Thread 0x00007f84397b2000 DEOPT UNPACKING pc=0x000000010a06f73a sp=0x0000700010cf0ba0 mode 2
Event: 255.145 Thread 0x00007f84397b2000 Uncommon trap: trap_request=0xffffff65 fr.pc=0x000000010b2d0cb4
Event: 255.145 Thread 0x00007f84397b2000 DEOPT PACKING pc=0x000000010b2d0cb4 sp=0x0000700010cf03c0
Event: 255.145 Thread 0x00007f84397b2000 DEOPT UNPACKING pc=0x000000010a06f73a sp=0x0000700010cf0350 mode 2
Event: 255.147 Thread 0x00007f84397b2000 Uncommon trap: trap_request=0xffffff65 fr.pc=0x000000010a5081e0
Event: 255.147 Thread 0x00007f84397b2000 DEOPT PACKING pc=0x000000010a5081e0 sp=0x0000700010cf0710
Event: 255.147 Thread 0x00007f84397b2000 DEOPT UNPACKING pc=0x000000010a06f73a sp=0x0000700010cf06d0 mode 2
Event: 255.147 loading class sun/lwawt/macosx/CAccessible$AXProgressChangeNotifier
Event: 255.147 loading class sun/lwawt/macosx/CAccessible$AXProgressChangeNotifier done


Dynamic libraries:
0x000000001d7c0000 	/System/Library/Frameworks/Cocoa.framework/Versions/A/Cocoa
0x000000001d7c0000 	/System/Library/Frameworks/Security.framework/Versions/A/Security
0x000000001d7c0000 	/System/Library/Frameworks/ApplicationServices.framework/Versions/A/ApplicationServices
0x000000001d7c0000 	/usr/lib/libz.1.dylib
0x000000001d7c0000 	/usr/lib/libSystem.B.dylib
0x000000001d7c0000 	/usr/lib/libobjc.A.dylib
0x000000001d7c0000 	/System/Library/Frameworks/CoreFoundation.framework/Versions/A/CoreFoundation
0x000000001d7c0000 	/System/Library/Frameworks/Foundation.framework/Versions/C/Foundation
0x000000001d7c0000 	/System/Library/Frameworks/AppKit.framework/Versions/C/AppKit
0x000000001d7c0000 	/System/Library/Frameworks/CoreData.framework/Versions/A/CoreData
0x000000001d7c0000 	/System/Library/PrivateFrameworks/RemoteViewServices.framework/Versions/A/RemoteViewServices
0x000000001d7c0000 	/System/Library/PrivateFrameworks/UIFoundation.framework/Versions/A/UIFoundation
0x000000001d7c0000 	/System/Library/PrivateFrameworks/DFRFoundation.framework/Versions/A/DFRFoundation
0x000000001d7c0000 	/System/Library/Frameworks/Metal.framework/Versions/A/Metal
0x000000001d7c0000 	/System/Library/PrivateFrameworks/DesktopServicesPriv.framework/Versions/A/DesktopServicesPriv
0x000000001d7c0000 	/usr/lib/libenergytrace.dylib
0x000000001d7c0000 	/System/Library/PrivateFrameworks/SkyLight.framework/Versions/A/SkyLight
0x000000001d7c0000 	/System/Library/Frameworks/CoreGraphics.framework/Versions/A/CoreGraphics
0x000000001d7c0000 	/usr/lib/libScreenReader.dylib
0x000000001d7c0000 	/System/Library/Frameworks/Accelerate.framework/Versions/A/Accelerate
0x000000001d7c0000 	/System/Library/Frameworks/IOSurface.framework/Versions/A/IOSurface
0x000000001d7c0000 	/System/Library/Frameworks/AudioToolbox.framework/Versions/A/AudioToolbox
0x000000001d7c0000 	/System/Library/Frameworks/AudioUnit.framework/Versions/A/AudioUnit
0x000000001d7c0000 	/System/Library/PrivateFrameworks/DataDetectorsCore.framework/Versions/A/DataDetectorsCore
0x000000001d7c0000 	/System/Library/Frameworks/Carbon.framework/Versions/A/Frameworks/HIToolbox.framework/Versions/A/HIToolbox
0x000000001d7c0000 	/usr/lib/libicucore.A.dylib
0x000000001d7c0000 	/System/Library/Frameworks/QuartzCore.framework/Versions/A/QuartzCore
0x000000001d7c0000 	/System/Library/PrivateFrameworks/SignpostNotification.framework/Versions/A/SignpostNotification
0x000000001d7c0000 	/System/Library/Frameworks/Carbon.framework/Versions/A/Frameworks/SpeechRecognition.framework/Versions/A/SpeechRecognition
0x000000001d7c0000 	/usr/lib/libauto.dylib
0x000000001d7c0000 	/usr/lib/libxml2.2.dylib
0x000000001d7c0000 	/System/Library/PrivateFrameworks/CoreUI.framework/Versions/A/CoreUI
0x000000001d7c0000 	/System/Library/Frameworks/CoreAudio.framework/Versions/A/CoreAudio
0x000000001d7c0000 	/System/Library/Frameworks/DiskArbitration.framework/Versions/A/DiskArbitration
0x000000001d7c0000 	/usr/lib/liblangid.dylib
0x000000001d7c0000 	/System/Library/PrivateFrameworks/MultitouchSupport.framework/Versions/A/MultitouchSupport
0x000000001d7c0000 	/System/Library/Frameworks/IOKit.framework/Versions/A/IOKit
0x000000001d7c0000 	/usr/lib/libDiagnosticMessagesClient.dylib
0x000000001d7c0000 	/System/Library/Frameworks/CoreServices.framework/Versions/A/CoreServices
0x000000001d7c0000 	/System/Library/PrivateFrameworks/PerformanceAnalysis.framework/Versions/A/PerformanceAnalysis
0x000000001d7c0000 	/System/Library/Frameworks/OpenGL.framework/Versions/A/OpenGL
0x000000001d7c0000 	/System/Library/Frameworks/ColorSync.framework/Versions/A/ColorSync
0x000000001d7c0000 	/System/Library/Frameworks/CoreImage.framework/Versions/A/CoreImage
0x000000001d7c0000 	/System/Library/Frameworks/CoreText.framework/Versions/A/CoreText
0x000000001d7c0000 	/System/Library/Frameworks/ImageIO.framework/Versions/A/ImageIO
0x000000001d7c0000 	/System/Library/PrivateFrameworks/Backup.framework/Versions/A/Backup
0x000000001d7c0000 	/usr/lib/libarchive.2.dylib
0x000000001d7c0000 	/System/Library/Frameworks/CFNetwork.framework/Versions/A/CFNetwork
0x000000001d7c0000 	/System/Library/Frameworks/SystemConfiguration.framework/Versions/A/SystemConfiguration
0x000000001d7c0000 	/usr/lib/libCRFSuite.dylib
0x000000001d7c0000 	/usr/lib/libc++.1.dylib
0x000000001d7c0000 	/usr/lib/libc++abi.dylib
0x000000001d7c0000 	/usr/lib/system/libcache.dylib
0x000000001d7c0000 	/usr/lib/system/libcommonCrypto.dylib
0x000000001d7c0000 	/usr/lib/system/libcompiler_rt.dylib
0x000000001d7c0000 	/usr/lib/system/libcopyfile.dylib
0x000000001d7c0000 	/usr/lib/system/libcorecrypto.dylib
0x000000001d7c0000 	/usr/lib/system/libdispatch.dylib
0x000000001d7c0000 	/usr/lib/system/libdyld.dylib
0x000000001d7c0000 	/usr/lib/system/libkeymgr.dylib
0x000000001d7c0000 	/usr/lib/system/liblaunch.dylib
0x000000001d7c0000 	/usr/lib/system/libmacho.dylib
0x000000001d7c0000 	/usr/lib/system/libquarantine.dylib
0x000000001d7c0000 	/usr/lib/system/libremovefile.dylib
0x000000001d7c0000 	/usr/lib/system/libsystem_asl.dylib
0x000000001d7c0000 	/usr/lib/system/libsystem_blocks.dylib
0x000000001d7c0000 	/usr/lib/system/libsystem_c.dylib
0x000000001d7c0000 	/usr/lib/system/libsystem_configuration.dylib
0x000000001d7c0000 	/usr/lib/system/libsystem_coreservices.dylib
0x000000001d7c0000 	/usr/lib/system/libsystem_darwin.dylib
0x000000001d7c0000 	/usr/lib/system/libsystem_dnssd.dylib
0x000000001d7c0000 	/usr/lib/system/libsystem_info.dylib
0x000000001d7c0000 	/usr/lib/system/libsystem_m.dylib
0x000000001d7c0000 	/usr/lib/system/libsystem_malloc.dylib
0x000000001d7c0000 	/usr/lib/system/libsystem_network.dylib
0x000000001d7c0000 	/usr/lib/system/libsystem_networkextension.dylib
0x000000001d7c0000 	/usr/lib/system/libsystem_notify.dylib
0x000000001d7c0000 	/usr/lib/system/libsystem_sandbox.dylib
0x000000001d7c0000 	/usr/lib/system/libsystem_secinit.dylib
0x000000001d7c0000 	/usr/lib/system/libsystem_kernel.dylib
0x000000001d7c0000 	/usr/lib/system/libsystem_platform.dylib
0x000000001d7c0000 	/usr/lib/system/libsystem_pthread.dylib
0x000000001d7c0000 	/usr/lib/system/libsystem_symptoms.dylib
0x000000001d7c0000 	/usr/lib/system/libsystem_trace.dylib
0x000000001d7c0000 	/usr/lib/system/libunwind.dylib
0x000000001d7c0000 	/usr/lib/system/libxpc.dylib
0x000000001d7c0000 	/usr/lib/closure/libclosured.dylib
0x000000001d7c0000 	/usr/lib/libbsm.0.dylib
0x000000001d7c0000 	/usr/lib/system/libkxld.dylib
0x000000001d7c0000 	/usr/lib/libOpenScriptingUtil.dylib
0x000000001d7c0000 	/usr/lib/libcoretls.dylib
0x000000001d7c0000 	/usr/lib/libcoretls_cfhelpers.dylib
0x000000001d7c0000 	/usr/lib/libpam.2.dylib
0x000000001d7c0000 	/usr/lib/libsqlite3.dylib
0x000000001d7c0000 	/usr/lib/libxar.1.dylib
0x000000001d7c0000 	/usr/lib/libbz2.1.0.dylib
0x000000001d7c0000 	/usr/lib/liblzma.5.dylib
0x000000001d7c0000 	/usr/lib/libnetwork.dylib
0x000000001d7c0000 	/usr/lib/libapple_nghttp2.dylib
0x000000001d7c0000 	/usr/lib/libpcap.A.dylib
0x000000001d7c0000 	/usr/lib/libboringssl.dylib
0x000000001d7c0000 	/usr/lib/libusrtcp.dylib
0x000000001d7c0000 	/usr/lib/libapple_crypto.dylib
0x000000001d7c0000 	/System/Library/Frameworks/CoreServices.framework/Versions/A/Frameworks/FSEvents.framework/Versions/A/FSEvents
0x000000001d7c0000 	/System/Library/Frameworks/CoreServices.framework/Versions/A/Frameworks/CarbonCore.framework/Versions/A/CarbonCore
0x000000001d7c0000 	/System/Library/Frameworks/CoreServices.framework/Versions/A/Frameworks/Metadata.framework/Versions/A/Metadata
0x000000001d7c0000 	/System/Library/Frameworks/CoreServices.framework/Versions/A/Frameworks/OSServices.framework/Versions/A/OSServices
0x000000001d7c0000 	/System/Library/Frameworks/CoreServices.framework/Versions/A/Frameworks/SearchKit.framework/Versions/A/SearchKit
0x000000001d7c0000 	/System/Library/Frameworks/CoreServices.framework/Versions/A/Frameworks/AE.framework/Versions/A/AE
0x000000001d7c0000 	/System/Library/Frameworks/CoreServices.framework/Versions/A/Frameworks/LaunchServices.framework/Versions/A/LaunchServices
0x000000001d7c0000 	/System/Library/Frameworks/CoreServices.framework/Versions/A/Frameworks/DictionaryServices.framework/Versions/A/DictionaryServices
0x000000001d7c0000 	/System/Library/Frameworks/CoreServices.framework/Versions/A/Frameworks/SharedFileList.framework/Versions/A/SharedFileList
0x000000001d7c0000 	/System/Library/Frameworks/NetFS.framework/Versions/A/NetFS
0x000000001d7c0000 	/System/Library/PrivateFrameworks/NetAuth.framework/Versions/A/NetAuth
0x000000001d7c0000 	/System/Library/PrivateFrameworks/login.framework/Versions/A/Frameworks/loginsupport.framework/Versions/A/loginsupport
0x000000001d7c0000 	/System/Library/PrivateFrameworks/TCC.framework/Versions/A/TCC
0x000000001d7c0000 	/usr/lib/libmecabra.dylib
0x000000001d7c0000 	/System/Library/Frameworks/ApplicationServices.framework/Versions/A/Frameworks/ATS.framework/Versions/A/ATS
0x000000001d7c0000 	/System/Library/Frameworks/ApplicationServices.framework/Versions/A/Frameworks/ColorSyncLegacy.framework/Versions/A/ColorSyncLegacy
0x000000001d7c0000 	/System/Library/Frameworks/ApplicationServices.framework/Versions/A/Frameworks/HIServices.framework/Versions/A/HIServices
0x000000001d7c0000 	/System/Library/Frameworks/ApplicationServices.framework/Versions/A/Frameworks/LangAnalysis.framework/Versions/A/LangAnalysis
0x000000001d7c0000 	/System/Library/Frameworks/ApplicationServices.framework/Versions/A/Frameworks/PrintCore.framework/Versions/A/PrintCore
0x000000001d7c0000 	/System/Library/Frameworks/ApplicationServices.framework/Versions/A/Frameworks/QD.framework/Versions/A/QD
0x000000001d7c0000 	/System/Library/Frameworks/ApplicationServices.framework/Versions/A/Frameworks/SpeechSynthesis.framework/Versions/A/SpeechSynthesis
0x000000001d7c0000 	/System/Library/Frameworks/CoreDisplay.framework/Versions/A/CoreDisplay
0x000000001d7c0000 	/System/Library/Frameworks/Accelerate.framework/Versions/A/Frameworks/vImage.framework/Versions/A/vImage
0x000000001d7c0000 	/System/Library/Frameworks/Accelerate.framework/Versions/A/Frameworks/vecLib.framework/Versions/A/vecLib
0x000000001d7c0000 	/System/Library/Frameworks/Accelerate.framework/Versions/A/Frameworks/vecLib.framework/Versions/A/libvDSP.dylib
0x000000001d7c0000 	/System/Library/Frameworks/Accelerate.framework/Versions/A/Frameworks/vecLib.framework/Versions/A/libBNNS.dylib
0x000000001d7c0000 	/System/Library/Frameworks/Accelerate.framework/Versions/A/Frameworks/vecLib.framework/Versions/A/libQuadrature.dylib
0x000000001d7c0000 	/System/Library/Frameworks/Accelerate.framework/Versions/A/Frameworks/vecLib.framework/Versions/A/libvMisc.dylib
0x000000001d7c0000 	/System/Library/Frameworks/Accelerate.framework/Versions/A/Frameworks/vecLib.framework/Versions/A/libLAPACK.dylib
0x000000001d7c0000 	/System/Library/Frameworks/Accelerate.framework/Versions/A/Frameworks/vecLib.framework/Versions/A/libBLAS.dylib
0x000000001d7c0000 	/System/Library/Frameworks/Accelerate.framework/Versions/A/Frameworks/vecLib.framework/Versions/A/libLinearAlgebra.dylib
0x000000001d7c0000 	/System/Library/Frameworks/Accelerate.framework/Versions/A/Frameworks/vecLib.framework/Versions/A/libSparse.dylib
0x000000001d7c0000 	/System/Library/Frameworks/Accelerate.framework/Versions/A/Frameworks/vecLib.framework/Versions/A/libSparseBLAS.dylib
0x000000001d7c0000 	/System/Library/PrivateFrameworks/GPUWrangler.framework/Versions/A/GPUWrangler
0x000000001d7c0000 	/System/Library/PrivateFrameworks/IOAccelerator.framework/Versions/A/IOAccelerator
0x000000001d7c0000 	/System/Library/PrivateFrameworks/IOPresentment.framework/Versions/A/IOPresentment
0x000000001d7c0000 	/System/Library/PrivateFrameworks/DSExternalDisplay.framework/Versions/A/DSExternalDisplay
0x000000001d7c0000 	/System/Library/Frameworks/OpenGL.framework/Versions/A/Libraries/libCoreFSCache.dylib
0x000000001d7c0000 	/System/Library/Frameworks/CoreVideo.framework/Versions/A/CoreVideo
0x000000001d7c0000 	/System/Library/PrivateFrameworks/GraphVisualizer.framework/Versions/A/GraphVisualizer
0x000000001d7c0000 	/System/Library/Frameworks/MetalPerformanceShaders.framework/Versions/A/MetalPerformanceShaders
0x000000001d7c0000 	/usr/lib/libFosl_dynamic.dylib
0x000000001d7c0000 	/System/Library/PrivateFrameworks/FaceCore.framework/Versions/A/FaceCore
0x000000001d7c0000 	/System/Library/Frameworks/OpenCL.framework/Versions/A/OpenCL
0x000000001d7c0000 	/usr/lib/libcompression.dylib
0x000000001d7c0000 	/System/Library/Frameworks/ApplicationServices.framework/Versions/A/Frameworks/ATS.framework/Versions/A/Resources/libFontParser.dylib
0x000000001d7c0000 	/System/Library/Frameworks/ApplicationServices.framework/Versions/A/Frameworks/ATS.framework/Versions/A/Resources/libFontRegistry.dylib
0x000000001d7c0000 	/System/Library/Frameworks/ImageIO.framework/Versions/A/Resources/libJPEG.dylib
0x000000001d7c0000 	/System/Library/Frameworks/ImageIO.framework/Versions/A/Resources/libTIFF.dylib
0x000000001d7c0000 	/System/Library/Frameworks/ImageIO.framework/Versions/A/Resources/libPng.dylib
0x000000001d7c0000 	/System/Library/Frameworks/ImageIO.framework/Versions/A/Resources/libGIF.dylib
0x000000001d7c0000 	/System/Library/Frameworks/ImageIO.framework/Versions/A/Resources/libJP2.dylib
0x000000001d7c0000 	/System/Library/Frameworks/ImageIO.framework/Versions/A/Resources/libRadiance.dylib
0x000000001d7c0000 	/System/Library/PrivateFrameworks/AppleJPEG.framework/Versions/A/AppleJPEG
0x000000001d7c0000 	/System/Library/Frameworks/MetalPerformanceShaders.framework/Frameworks/MPSCore.framework/Versions/A/MPSCore
0x000000001d7c0000 	/System/Library/Frameworks/MetalPerformanceShaders.framework/Frameworks/MPSImage.framework/Versions/A/MPSImage
0x000000001d7c0000 	/System/Library/Frameworks/MetalPerformanceShaders.framework/Frameworks/MPSNeuralNetwork.framework/Versions/A/MPSNeuralNetwork
0x000000001d7c0000 	/System/Library/Frameworks/MetalPerformanceShaders.framework/Frameworks/MPSMatrix.framework/Versions/A/MPSMatrix
0x000000001d7c0000 	/System/Library/PrivateFrameworks/MetalTools.framework/Versions/A/MetalTools
0x000000001d7c0000 	/System/Library/Frameworks/OpenGL.framework/Versions/A/Libraries/libGLU.dylib
0x000000001d7c0000 	/System/Library/Frameworks/OpenGL.framework/Versions/A/Libraries/libGFXShared.dylib
0x000000001d7c0000 	/System/Library/Frameworks/OpenGL.framework/Versions/A/Libraries/libGL.dylib
0x000000001d7c0000 	/System/Library/Frameworks/OpenGL.framework/Versions/A/Libraries/libGLImage.dylib
0x000000001d7c0000 	/System/Library/Frameworks/OpenGL.framework/Versions/A/Libraries/libCVMSPluginSupport.dylib
0x000000001d7c0000 	/System/Library/Frameworks/OpenGL.framework/Versions/A/Libraries/libCoreVMClient.dylib
0x000000001d7c0000 	/usr/lib/libcups.2.dylib
0x000000001d7c0000 	/System/Library/Frameworks/Kerberos.framework/Versions/A/Kerberos
0x000000001d7c0000 	/System/Library/Frameworks/GSS.framework/Versions/A/GSS
0x000000001d7c0000 	/usr/lib/libresolv.9.dylib
0x000000001d7c0000 	/usr/lib/libiconv.2.dylib
0x000000001d7c0000 	/System/Library/PrivateFrameworks/Heimdal.framework/Versions/A/Heimdal
0x000000001d7c0000 	/usr/lib/libheimdal-asn1.dylib
0x000000001d7c0000 	/System/Library/Frameworks/OpenDirectory.framework/Versions/A/OpenDirectory
0x000000001d7c0000 	/System/Library/PrivateFrameworks/CommonAuth.framework/Versions/A/CommonAuth
0x000000001d7c0000 	/System/Library/Frameworks/OpenDirectory.framework/Versions/A/Frameworks/CFOpenDirectory.framework/Versions/A/CFOpenDirectory
0x000000001d7c0000 	/System/Library/Frameworks/SecurityFoundation.framework/Versions/A/SecurityFoundation
0x000000001d7c0000 	/System/Library/PrivateFrameworks/APFS.framework/Versions/A/APFS
0x000000001d7c0000 	/usr/lib/libutil.dylib
0x000000001d7c0000 	/System/Library/PrivateFrameworks/AppleSauce.framework/Versions/A/AppleSauce
0x000000001d7c0000 	/System/Library/PrivateFrameworks/LinguisticData.framework/Versions/A/LinguisticData
0x000000001d7c0000 	/usr/lib/libmarisa.dylib
0x000000001d7c0000 	/System/Library/PrivateFrameworks/Lexicon.framework/Versions/A/Lexicon
0x000000001d7c0000 	/usr/lib/libChineseTokenizer.dylib
0x000000001d7c0000 	/usr/lib/libcmph.dylib
0x000000001d7c0000 	/System/Library/PrivateFrameworks/LanguageModeling.framework/Versions/A/LanguageModeling
0x000000001d7c0000 	/System/Library/PrivateFrameworks/CoreEmoji.framework/Versions/A/CoreEmoji
0x000000001d7c0000 	/System/Library/Frameworks/ServiceManagement.framework/Versions/A/ServiceManagement
0x000000001d7c0000 	/System/Library/PrivateFrameworks/BackgroundTaskManagement.framework/Versions/A/BackgroundTaskManagement
0x000000001d7c0000 	/usr/lib/libxslt.1.dylib
0x000000001d7c0000 	/System/Library/Frameworks/Carbon.framework/Versions/A/Frameworks/Ink.framework/Versions/A/Ink
0x000000001d7c0000 	/System/Library/PrivateFrameworks/TextureIO.framework/Versions/A/TextureIO
0x000000001d7c0000 	/usr/lib/libate.dylib
0x000000001d7c0000 	/System/Library/PrivateFrameworks/CrashReporterSupport.framework/Versions/A/CrashReporterSupport
0x000000001d7c0000 	/System/Library/PrivateFrameworks/Sharing.framework/Versions/A/Sharing
0x000000001d7c0000 	/System/Library/PrivateFrameworks/IconServices.framework/Versions/A/IconServices
0x000000001d7c0000 	/System/Library/PrivateFrameworks/AuthKit.framework/Versions/A/AuthKit
0x000000001d7c0000 	/System/Library/PrivateFrameworks/Apple80211.framework/Versions/A/Apple80211
0x000000001d7c0000 	/System/Library/PrivateFrameworks/CoreUtils.framework/Versions/A/CoreUtils
0x000000001d7c0000 	/System/Library/Frameworks/CoreWLAN.framework/Versions/A/CoreWLAN
0x000000001d7c0000 	/System/Library/Frameworks/IOBluetooth.framework/Versions/A/IOBluetooth
0x000000001d7c0000 	/System/Library/PrivateFrameworks/ProtocolBuffer.framework/Versions/A/ProtocolBuffer
0x000000001d7c0000 	/System/Library/PrivateFrameworks/MobileKeyBag.framework/Versions/A/MobileKeyBag
0x000000001d7c0000 	/System/Library/PrivateFrameworks/CorePhoneNumbers.framework/Versions/A/CorePhoneNumbers
0x000000001d7c0000 	/System/Library/PrivateFrameworks/AppleIDAuthSupport.framework/Versions/A/AppleIDAuthSupport
0x000000001d7c0000 	/System/Library/PrivateFrameworks/KeychainCircle.framework/Versions/A/KeychainCircle
0x000000001d7c0000 	/System/Library/PrivateFrameworks/CoreWiFi.framework/Versions/A/CoreWiFi
0x000000001d7c0000 	/System/Library/Frameworks/CoreBluetooth.framework/Versions/A/CoreBluetooth
0x000000001d7c0000 	/System/Library/PrivateFrameworks/DebugSymbols.framework/Versions/A/DebugSymbols
0x000000001d7c0000 	/System/Library/PrivateFrameworks/CoreSymbolication.framework/Versions/A/CoreSymbolication
0x000000001d7c0000 	/System/Library/PrivateFrameworks/Symbolication.framework/Versions/A/Symbolication
0x000000001d7c0000 	/System/Library/PrivateFrameworks/AppleFSCompression.framework/Versions/A/AppleFSCompression
0x000000001d7c0000 	/System/Library/PrivateFrameworks/SpeechRecognitionCore.framework/Versions/A/SpeechRecognitionCore
0x0000000107800000 	/Library/Java/JavaVirtualMachines/jdk1.8.0_161.jdk/Contents/Home/jre/lib/server/libjvm.dylib
0x000000001d7c0000 	/usr/lib/libstdc++.6.0.9.dylib
0x0000000106e81000 	/Library/Java/JavaVirtualMachines/jdk1.8.0_161.jdk/Contents/Home/jre/lib/libverify.dylib
0x0000000106e8f000 	/Library/Java/JavaVirtualMachines/jdk1.8.0_161.jdk/Contents/Home/jre/lib/libjava.dylib
0x0000000106ec6000 	/Library/Java/JavaVirtualMachines/jdk1.8.0_161.jdk/Contents/Home/jre/lib/libinstrument.dylib
0x0000000106f64000 	/Library/Java/JavaVirtualMachines/jdk1.8.0_161.jdk/Contents/Home/jre/lib/libzip.dylib
0x00000001250fa000 	/Library/Java/JavaVirtualMachines/jdk1.8.0_161.jdk/Contents/Home/jre/lib/libnet.dylib
0x0000000125159000 	/Library/Java/JavaVirtualMachines/jdk1.8.0_161.jdk/Contents/Home/jre/lib/libosx.dylib
0x0000000125210000 	/Library/Java/JavaVirtualMachines/jdk1.8.0_161.jdk/Contents/Home/jre/lib/./libosxapp.dylib
0x000000001d7c0000 	/System/Library/Frameworks/JavaVM.framework/Versions/A/Frameworks/JavaNativeFoundation.framework/Versions/A/JavaNativeFoundation
0x000000001d7c0000 	/System/Library/Frameworks/JavaVM.framework/Versions/A/Frameworks/JavaRuntimeSupport.framework/Versions/A/JavaRuntimeSupport
0x000000001d7c0000 	/System/Library/Frameworks/Carbon.framework/Versions/A/Carbon
0x000000001d7c0000 	/System/Library/Frameworks/ExceptionHandling.framework/Versions/A/ExceptionHandling
0x000000001d7c0000 	/System/Library/Frameworks/Carbon.framework/Versions/A/Frameworks/CommonPanels.framework/Versions/A/CommonPanels
0x000000001d7c0000 	/System/Library/Frameworks/Carbon.framework/Versions/A/Frameworks/Help.framework/Versions/A/Help
0x000000001d7c0000 	/System/Library/Frameworks/Carbon.framework/Versions/A/Frameworks/ImageCapture.framework/Versions/A/ImageCapture
0x000000001d7c0000 	/System/Library/Frameworks/Carbon.framework/Versions/A/Frameworks/OpenScripting.framework/Versions/A/OpenScripting
0x000000001d7c0000 	/System/Library/Frameworks/Carbon.framework/Versions/A/Frameworks/Print.framework/Versions/A/Print
0x000000001d7c0000 	/System/Library/Frameworks/Carbon.framework/Versions/A/Frameworks/SecurityHI.framework/Versions/A/SecurityHI
0x000000001d7c0000 	/System/Library/Frameworks/JavaVM.framework/Versions/A/JavaVM
0x000000001d7c0000 	/System/Library/PrivateFrameworks/JavaLaunching.framework/Versions/A/JavaLaunching
0x0000000125dae000 	/Library/Java/JavaVirtualMachines/jdk1.8.0_161.jdk/Contents/Home/jre/lib/libawt.dylib
0x0000000125e58000 	/Library/Java/JavaVirtualMachines/jdk1.8.0_161.jdk/Contents/Home/jre/lib/./libmlib_image.dylib
0x0000000125f24000 	/Library/Java/JavaVirtualMachines/jdk1.8.0_161.jdk/Contents/Home/jre/lib/libawt_lwawt.dylib
0x000000001d7c0000 	/System/Library/PrivateFrameworks/CoreServicesInternal.framework/Versions/A/CoreServicesInternal
0x000000001d7c0000 	/System/Library/CoreServices/RawCamera.bundle/Contents/MacOS/RawCamera
0x000000001d7c0000 	/System/Library/PrivateFrameworks/MobileAsset.framework/Versions/A/MobileAsset
0x000000001d7c0000 	/System/Library/PrivateFrameworks/StreamingZip.framework/Versions/A/StreamingZip
0x000000001d7c0000 	/System/Library/Frameworks/MediaToolbox.framework/Versions/A/MediaToolbox
0x000000001d7c0000 	/System/Library/PrivateFrameworks/CoreAVCHD.framework/Versions/A/CoreAVCHD
0x000000001d7c0000 	/System/Library/Frameworks/MediaAccessibility.framework/Versions/A/MediaAccessibility
0x000000001d7c0000 	/System/Library/PrivateFrameworks/Mangrove.framework/Versions/A/Mangrove
0x000000001d7c0000 	/System/Library/Frameworks/CoreMedia.framework/Versions/A/CoreMedia
0x000000001d7c0000 	/System/Library/Frameworks/VideoToolbox.framework/Versions/A/VideoToolbox
0x000000001d7c0000 	/System/Library/PrivateFrameworks/CoreAUC.framework/Versions/A/CoreAUC
0x000000001d7c0000 	/usr/lib/libspindump.dylib
0x000000001d7c0000 	/System/Library/PrivateFrameworks/AppleVA.framework/Versions/A/AppleVA
0x000000001d7c0000 	/System/Library/Frameworks/Accelerate.framework/Versions/A/Frameworks/vImage.framework/Versions/A/Libraries/libCGInterfaces.dylib
0x000000001d7c0000 	/System/Library/Frameworks/ApplicationServices.framework/Versions/A/Frameworks/ATS.framework/Versions/A/Resources/libTrueTypeScaler.dylib
0x000000001d7c0000 	/System/Library/Extensions/AppleIntelKBLGraphicsMTLDriver.bundle/Contents/MacOS/AppleIntelKBLGraphicsMTLDriver
0x000000001d7c0000 	/System/Library/PrivateFrameworks/GPUCompiler.framework/Versions/3802/Libraries/libmetal_timestamp.dylib
0x000000001d7c0000 	/System/Library/PrivateFrameworks/FamilyControls.framework/Versions/A/FamilyControls
0x000000001d7c0000 	/System/Library/PrivateFrameworks/CommerceKit.framework/Versions/A/Frameworks/CommerceCore.framework/Versions/A/CommerceCore
0x000000001d7c0000 	/System/Library/PrivateFrameworks/SystemAdministration.framework/Versions/A/SystemAdministration
0x000000001d7c0000 	/System/Library/PrivateFrameworks/AppContainer.framework/Versions/A/AppContainer
0x000000001d7c0000 	/System/Library/PrivateFrameworks/SecCodeWrapper.framework/Versions/A/SecCodeWrapper
0x000000001d7c0000 	/System/Library/PrivateFrameworks/DiskManagement.framework/Versions/A/DiskManagement
0x000000001d7c0000 	/System/Library/Frameworks/DirectoryService.framework/Versions/A/DirectoryService
0x000000001d7c0000 	/System/Library/PrivateFrameworks/DiskImages.framework/Versions/A/DiskImages
0x000000001d7c0000 	/System/Library/PrivateFrameworks/LoginUIKit.framework/Versions/A/Frameworks/LoginUICore.framework/Versions/A/LoginUICore
0x000000001d7c0000 	/usr/lib/libCoreStorage.dylib
0x000000001d7c0000 	/usr/lib/libcsfde.dylib
0x000000001d7c0000 	/usr/lib/libodfde.dylib
0x000000001d7c0000 	/System/Library/PrivateFrameworks/MediaKit.framework/Versions/A/MediaKit
0x000000001d7c0000 	/System/Library/Frameworks/DiscRecording.framework/Versions/A/DiscRecording
0x000000001d7c0000 	/System/Library/PrivateFrameworks/EFILogin.framework/Versions/A/EFILogin
0x000000001d7c0000 	/System/Library/PrivateFrameworks/ProtectedCloudStorage.framework/Versions/A/ProtectedCloudStorage
0x000000001d7c0000 	/usr/lib/libcurl.4.dylib
0x000000001d7c0000 	/usr/lib/libcrypto.35.dylib
0x000000001d7c0000 	/usr/lib/libssl.35.dylib
0x000000001d7c0000 	/System/Library/Frameworks/LDAP.framework/Versions/A/LDAP
0x000000001d7c0000 	/System/Library/PrivateFrameworks/TrustEvaluationAgent.framework/Versions/A/TrustEvaluationAgent
0x000000001d7c0000 	/usr/lib/libsasl2.2.dylib
0x000000001d7c0000 	/System/Library/PrivateFrameworks/CoreDaemon.framework/Versions/B/CoreDaemon
0x000000001d7c0000 	/System/Library/PrivateFrameworks/AppleSRP.framework/Versions/A/AppleSRP
0x00000001252e1000 	/Library/Java/JavaVirtualMachines/jdk1.8.0_161.jdk/Contents/Home/jre/lib/libfontmanager.dylib
0x000000001d7c0000 	/System/Library/PrivateFrameworks/ViewBridge.framework/Versions/A/ViewBridge
0x000000001d7c0000 	/System/Library/Frameworks/OpenGL.framework/Versions/A/Resources/GLEngine.bundle/GLEngine
0x000000001d7c0000 	/System/Library/Frameworks/OpenGL.framework/Versions/A/Libraries/libGLProgrammability.dylib
0x0000000128f6a000 	/System/Library/Extensions/AppleIntelKBLGraphicsGLDriver.bundle/Contents/MacOS/AppleIntelKBLGraphicsGLDriver
0x000000001d7c0000 	/System/Library/PrivateFrameworks/GPUSupport.framework/Versions/A/Libraries/libGPUSupportMercury.dylib
0x000000001d7c0000 	/System/Library/Frameworks/OpenGL.framework/Versions/A/Resources/GLRendererFloat.bundle/GLRendererFloat
0x000000001d7c0000 	/System/Library/Frameworks/OpenCL.framework/Versions/A/Libraries/libcldcpuengine.dylib
0x0000000125348000 	/Library/Java/JavaVirtualMachines/jdk1.8.0_161.jdk/Contents/Home/jre/lib/libosxui.dylib
0x000000012574f000 	/Library/Java/JavaVirtualMachines/jdk1.8.0_161.jdk/Contents/Home/jre/lib/libnio.dylib
0x00000001256d6000 	/Library/Java/JavaVirtualMachines/jdk1.8.0_161.jdk/Contents/Home/jre/lib/libdcpr.dylib
0x000000001d7c0000 	/System/Library/PrivateFrameworks/FinderKit.framework/Versions/A/FinderKit
0x000000001d7c0000 	/System/Library/Frameworks/Quartz.framework/Versions/A/Frameworks/QuickLookUI.framework/Versions/A/QuickLookUI
0x000000001d7c0000 	/System/Library/Frameworks/Quartz.framework/Versions/A/Frameworks/ImageKit.framework/Versions/A/ImageKit
0x000000001d7c0000 	/System/Library/Frameworks/QuickLook.framework/Versions/A/QuickLook
0x000000001d7c0000 	/System/Library/PrivateFrameworks/AppleSystemInfo.framework/Versions/A/AppleSystemInfo
0x000000001d7c0000 	/System/Library/Frameworks/ImageCaptureCore.framework/Versions/A/ImageCaptureCore
0x000000001d7c0000 	/System/Library/PrivateFrameworks/Suggestions.framework/Versions/A/Suggestions
0x000000001d7c0000 	/System/Library/Frameworks/SafariServices.framework/Versions/A/SafariServices
0x000000001d7c0000 	/System/Library/Frameworks/QTKit.framework/Versions/A/QTKit
0x000000001d7c0000 	/System/Library/Frameworks/AVFoundation.framework/Versions/A/AVFoundation
0x000000001d7c0000 	/System/Library/PrivateFrameworks/CoreMediaAuthoring.framework/Versions/A/CoreMediaAuthoring
0x000000001d7c0000 	/System/Library/Frameworks/CoreMediaIO.framework/Versions/A/CoreMediaIO
0x000000001d7c0000 	/System/Library/Frameworks/AVFoundation.framework/Versions/A/Frameworks/AVFAudio.framework/Versions/A/AVFAudio
0x000000001d7c0000 	/System/Library/PrivateFrameworks/IntlPreferences.framework/Versions/A/IntlPreferences
0x000000001d7c0000 	/System/Library/PrivateFrameworks/RemoteServiceDiscovery.framework/Versions/A/RemoteServiceDiscovery
0x000000001d7c0000 	/System/Library/PrivateFrameworks/RemoteXPC.framework/Versions/A/RemoteXPC
0x000000001d7c0000 	/System/Library/PrivateFrameworks/InternationalSupport.framework/Versions/A/InternationalSupport
0x000000001d7c0000 	/System/Library/PrivateFrameworks/QuickLookThumbnailing.framework/Versions/A/QuickLookThumbnailing
0x000000001d7c0000 	/System/Library/PrivateFrameworks/GenerationalStorage.framework/Versions/A/GenerationalStorage
0x000000001d7c0000 	/System/Library/PrivateFrameworks/ChunkingLibrary.framework/Versions/A/ChunkingLibrary
0x000000001d7c0000 	/System/Library/PrivateFrameworks/DisplayServices.framework/Versions/A/DisplayServices
0x000000001d7c0000 	/System/Library/Frameworks/Quartz.framework/Versions/A/Frameworks/PDFKit.framework/Versions/A/PDFKit
0x000000001d7c0000 	/System/Library/Frameworks/Quartz.framework/Versions/A/Frameworks/QuartzComposer.framework/Versions/A/QuartzComposer
0x000000001d7c0000 	/System/Library/Frameworks/Quartz.framework/Versions/A/Frameworks/QuartzFilters.framework/Versions/A/QuartzFilters
0x000000001d7c0000 	/System/Library/PrivateFrameworks/CoreBrightness.framework/Versions/A/CoreBrightness
0x000000001d7c0000 	/System/Library/PrivateFrameworks/BezelServices.framework/Versions/A/BezelServices
0x000000001d7c0000 	/System/Library/PrivateFrameworks/CorePDF.framework/Versions/A/CorePDF
0x000000001d7c0000 	/System/Library/Frameworks/JavaScriptCore.framework/Versions/A/JavaScriptCore
0x000000001d7c0000 	/System/Library/Frameworks/AddressBook.framework/Versions/A/AddressBook
0x000000001d7c0000 	/System/Library/PrivateFrameworks/ContactsPersistence.framework/Versions/A/ContactsPersistence
0x000000001d7c0000 	/System/Library/PrivateFrameworks/ApplePushService.framework/Versions/A/ApplePushService
0x000000001d7c0000 	/System/Library/PrivateFrameworks/CalendarAgentLink.framework/Versions/A/CalendarAgentLink
0x000000001d7c0000 	/System/Library/PrivateFrameworks/ContactsFoundation.framework/Versions/A/ContactsFoundation
0x000000001d7c0000 	/System/Library/Frameworks/Quartz.framework/Versions/A/Quartz
0x000000001d7c0000 	/System/Library/Frameworks/SecurityInterface.framework/Versions/A/SecurityInterface
0x000000001d7c0000 	/System/Library/PrivateFrameworks/ToneKit.framework/Versions/A/ToneKit
0x000000001d7c0000 	/System/Library/PrivateFrameworks/ToneLibrary.framework/Versions/A/ToneLibrary
0x000000001d7c0000 	/System/Library/PrivateFrameworks/vCard.framework/Versions/A/vCard
0x000000001d7c0000 	/System/Library/Frameworks/Accounts.framework/Versions/A/Accounts
0x000000001d7c0000 	/System/Library/PrivateFrameworks/PhoneNumbers.framework/Versions/A/PhoneNumbers
0x000000001d7c0000 	/System/Library/PrivateFrameworks/CommonUtilities.framework/Versions/A/CommonUtilities
0x000000001d7c0000 	/System/Library/PrivateFrameworks/CloudDocs.framework/Versions/A/CloudDocs
0x000000001d7c0000 	/System/Library/PrivateFrameworks/FileProvider.framework/Versions/A/FileProvider
0x000000001d7c0000 	/System/Library/PrivateFrameworks/SpotlightIndex.framework/Versions/A/SpotlightIndex
0x000000001d7c0000 	/System/Library/PrivateFrameworks/SymptomDiagnosticReporter.framework/Versions/A/SymptomDiagnosticReporter
0x000000001d7c0000 	/System/Library/PrivateFrameworks/CoreNLP.framework/Versions/A/CoreNLP
0x000000001d7c0000 	/usr/lib/libmecab.1.0.0.dylib
0x000000001d7c0000 	/usr/lib/libgermantok.dylib
0x000000001d7c0000 	/usr/lib/libThaiTokenizer.dylib
0x000000001d7c0000 	/System/Library/PrivateFrameworks/PlugInKit.framework/Versions/A/PlugInKit
0x000000001d7c0000 	/System/Library/PrivateFrameworks/SharePointManagement.framework/Versions/A/SharePointManagement
0x000000001d7c0000 	/System/Library/Frameworks/CloudKit.framework/Versions/A/CloudKit
0x000000001d7c0000 	/System/Library/Frameworks/CoreLocation.framework/Versions/A/CoreLocation
0x000000001d7c0000 	/System/Library/PrivateFrameworks/GeoServices.framework/Versions/A/GeoServices
0x0000000167020000 	/System/Library/PrivateFrameworks/FileProvider.framework/OverrideBundles/CloudDocsFileProvider.bundle/Contents/MacOS/CloudDocsFileProvider
0x0000000167027000 	/System/Library/PrivateFrameworks/FileProvider.framework/OverrideBundles/FileProviderOverride.bundle/Contents/MacOS/FileProviderOverride
0x0000000167030000 	/System/Library/PrivateFrameworks/FileProvider.framework/OverrideBundles/FinderSyncCollaborationFileProviderOverride.bundle/Contents/MacOS/FinderSyncCollaborationFileProviderOverride
0x000000001d7c0000 	/System/Library/PrivateFrameworks/Shortcut.framework/Versions/A/Shortcut
0x000000001d7c0000 	/System/Library/PrivateFrameworks/HelpData.framework/Versions/A/HelpData
0x000000001d7c0000 	/System/Library/PrivateFrameworks/login.framework/Versions/A/login

VM Arguments:
jvm_args: -javaagent:/Applications/IntelliJ IDEA CE.app/Contents/lib/idea_rt.jar=53591:/Applications/IntelliJ IDEA CE.app/Contents/bin -Dfile.encoding=UTF-8 
java_command: RunExploreCellProfilerOutputCommand
java_class_path (initial): /Library/Java/JavaVirtualMachines/jdk1.8.0_161.jdk/Contents/Home/jre/lib/charsets.jar:/Library/Java/JavaVirtualMachines/jdk1.8.0_161.jdk/Contents/Home/jre/lib/deploy.jar:/Library/Java/JavaVirtualMachines/jdk1.8.0_161.jdk/Contents/Home/jre/lib/ext/cldrdata.jar:/Library/Java/JavaVirtualMachines/jdk1.8.0_161.jdk/Contents/Home/jre/lib/ext/dnsns.jar:/Library/Java/JavaVirtualMachines/jdk1.8.0_161.jdk/Contents/Home/jre/lib/ext/jaccess.jar:/Library/Java/JavaVirtualMachines/jdk1.8.0_161.jdk/Contents/Home/jre/lib/ext/jfxrt.jar:/Library/Java/JavaVirtualMachines/jdk1.8.0_161.jdk/Contents/Home/jre/lib/ext/localedata.jar:/Library/Java/JavaVirtualMachines/jdk1.8.0_161.jdk/Contents/Home/jre/lib/ext/nashorn.jar:/Library/Java/JavaVirtualMachines/jdk1.8.0_161.jdk/Contents/Home/jre/lib/ext/sunec.jar:/Library/Java/JavaVirtualMachines/jdk1.8.0_161.jdk/Contents/Home/jre/lib/ext/sunjce_provider.jar:/Library/Java/JavaVirtualMachines/jdk1.8.0_161.jdk/Contents/Home/jre/lib/ext/sunpkcs11.jar:/Library/Java/JavaVirtualMachines/jdk1.8.0_161.jdk/Contents/Home/jre/lib/ext/zipfs.jar:/Library/Java/JavaVirtualMachines/jdk1.8.0_161.jdk/Contents/Home/jre/lib/javaws.jar:/Library/Java/JavaVirtualMachines/jdk1.8.0_161.jdk/Contents/Home/jre/lib/jce.jar:/Library/Java/JavaVirtualMachines/jdk1.8.0_161.jdk/Contents/Home/jre/lib/jfr.jar:/Library/Java/JavaVirtualMachines/jdk1.8.0_161.jdk/Contents/Home/jre/lib/jfxswt.jar:/Library/Java/JavaVirtualMachines/jdk1.8.0_161.jdk/Contents/Home/jre/lib/jsse.jar:/Library/Java/JavaVirtualMachines/jdk1.8.0_161.jdk/Contents/Home/jre/lib/management-agent.jar:/Library/Java/JavaVirtualMachines/jdk1.8.0_161.jdk/Contents/Home/jre/lib/plugin.jar:/Library/Java/JavaVirtualMachines/jdk1.8.0_161.jdk/Contents/Home/jre/lib/resources.jar:/Library/Java/JavaVirtualMachines/jdk1.8.0_161.jdk/Contents/Home/jre/lib/rt.jar:/Library/Java/JavaVirtualMachines/jdk1.8.0_161.jdk/Contents/Home/lib/ant-javafx.jar:/Library/Java/JavaVirtualMachines/jdk1.8.0_161.jdk/Contents/Home
Launcher Type: SUN_STANDARD

Environment Variables:
JAVA_HOME=/Library/Java/JavaVirtualMachines/jdk1.8.0_161.jdk/Contents/Home
PATH=/anaconda3/bin:/Applications/apache-maven-3.5.3/bin:/usr/local/bin:/usr/bin:/bin:/usr/sbin:/sbin:/opt/X11/bin
SHELL=/bin/bash
DISPLAY=/private/tmp/com.apple.launchd.LzETaA7G61/org.macosforge.xquartz:0

Signal Handlers:
SIGSEGV: [libjvm.dylib+0x5b5439], sa_mask[0]=11111111011111110111111111111111, sa_flags=SA_ONSTACK|SA_RESTART|SA_SIGINFO
SIGBUS: [libjvm.dylib+0x5b5439], sa_mask[0]=11111111011111110111111111111111, sa_flags=SA_RESTART|SA_SIGINFO
SIGFPE: [libjvm.dylib+0x48ae24], sa_mask[0]=11111111011111110111111111111111, sa_flags=SA_RESTART|SA_SIGINFO
SIGPIPE: [libjvm.dylib+0x48ae24], sa_mask[0]=11111111011111110111111111111111, sa_flags=SA_RESTART|SA_SIGINFO
SIGXFSZ: [libjvm.dylib+0x48ae24], sa_mask[0]=11111111011111110111111111111111, sa_flags=SA_RESTART|SA_SIGINFO
SIGILL: [libjvm.dylib+0x48ae24], sa_mask[0]=11111111011111110111111111111111, sa_flags=SA_RESTART|SA_SIGINFO
SIGUSR1: SIG_DFL, sa_mask[0]=00000000000000000000000000000000, sa_flags=none
SIGUSR2: [libjvm.dylib+0x48a942], sa_mask[0]=00100000000000000000000000000000, sa_flags=SA_RESTART|SA_SIGINFO
SIGHUP: [libjvm.dylib+0x488f0d], sa_mask[0]=11111111011111110111111111111111, sa_flags=SA_RESTART|SA_SIGINFO
SIGINT: [libjvm.dylib+0x488f0d], sa_mask[0]=11111111011111110111111111111111, sa_flags=SA_RESTART|SA_SIGINFO
SIGTERM: [libjvm.dylib+0x488f0d], sa_mask[0]=11111111011111110111111111111111, sa_flags=SA_RESTART|SA_SIGINFO
SIGQUIT: [libjvm.dylib+0x488f0d], sa_mask[0]=11111111011111110111111111111111, sa_flags=SA_RESTART|SA_SIGINFO


---------------  S Y S T E M  ---------------

OS:Bsduname:Darwin 17.7.0 Darwin Kernel Version 17.7.0: Thu Jun 21 22:53:14 PDT 2018; root:xnu-4570.71.2~1/RELEASE_X86_64 x86_64
rlimit: STACK 8192k, CORE 0k, NPROC 1418, NOFILE 12544, AS infinity
load average:1.96 2.02 1.91

CPU:total 4 (initial active 4) (2 cores per cpu, 2 threads per core) family 6 model 142 stepping 9, cmov, cx8, fxsr, mmx, sse, sse2, sse3, ssse3, sse4.1, sse4.2, popcnt, avx, avx2, aes, clmul, erms, rtm, 3dnowpref, lzcnt, ht, tsc, tscinvbit, bmi1, bmi2, adx

Memory: 4k page, physical 16777216k(140436k free)

/proc/meminfo:


vm_info: Java HotSpot(TM) 64-Bit Server VM (25.161-b12) for bsd-amd64 JRE (1.8.0_161-b12), built on Dec 19 2017 16:22:20 by "java_re" with gcc 4.2.1 (Based on Apple Inc. build 5658) (LLVM build 2336.11.00)

time: Tue Feb  5 08:20:30 2019
elapsed time: 255 seconds (0d 0h 4m 15s)

